mkdir: cannot create directory ‘/scratch/general/vast/u1283221/huggingface_cache’: File exists
Using pad_token, but it is not set yet.
Loading checkpoint shards:   0%|          | 0/2 [00:00<?, ?it/s]Loading checkpoint shards:  50%|█████     | 1/2 [00:19<00:19, 19.10s/it]Loading checkpoint shards: 100%|██████████| 2/2 [00:25<00:00, 11.84s/it]Loading checkpoint shards: 100%|██████████| 2/2 [00:25<00:00, 12.93s/it]
Downloading data files:   0%|          | 0/1 [00:00<?, ?it/s]Downloading data files: 100%|██████████| 1/1 [00:00<00:00, 16320.25it/s]
Extracting data files:   0%|          | 0/1 [00:00<?, ?it/s]Extracting data files: 100%|██████████| 1/1 [00:00<00:00, 596.88it/s]
Generating train split: 0 examples [00:00, ? examples/s]Generating train split: 100 examples [00:00, 1821.27 examples/s]
  0%|          | 0/1 [00:00<?, ?it/s]Asking to truncate to max_length but no maximum length is provided and the model has no predefined maximum length. Default to no truncation.
100%|██████████| 1/1 [00:07<00:00,  7.98s/it]100%|██████████| 1/1 [00:07<00:00,  7.98s/it]
/uufs/chpc.utah.edu/common/home/u1283221/compositional_task_evaluation/experiment.py:26: UserWarning: Prediction contained multiple integers (Expected: Multiply two numbers.
###
5 * 3 = 15
###
0 * 0 = 0
###
1 * 1 = 1
###
2 * , Actual: 0). Resorting to the last number found.
  warnings.warn(warning)
/uufs/chpc.utah.edu/common/home/u1283221/compositional_task_evaluation/experiment.py:26: UserWarning: Prediction contained multiple integers (Expected: Multiply two numbers.
###
5 * 3 = 15
###
0 * 1 = 0
###
###
###
###
###
###, Actual: 0). Resorting to the last number found.
  warnings.warn(warning)
/uufs/chpc.utah.edu/common/home/u1283221/compositional_task_evaluation/experiment.py:26: UserWarning: Prediction contained multiple integers (Expected: Multiply two numbers.
###
5 * 3 = 15
###
0 * 2 = 0
###
1 * 0 = 0
###
4 * , Actual: 0). Resorting to the last number found.
  warnings.warn(warning)
/uufs/chpc.utah.edu/common/home/u1283221/compositional_task_evaluation/experiment.py:26: UserWarning: Prediction contained multiple integers (Expected: Multiply two numbers.
###
5 * 3 = 15
###
0 * 3 = 0
###
5 * 0 = 0
###
5 * , Actual: 0). Resorting to the last number found.
  warnings.warn(warning)
/uufs/chpc.utah.edu/common/home/u1283221/compositional_task_evaluation/experiment.py:26: UserWarning: Prediction contained multiple integers (Expected: Multiply two numbers.
###
5 * 3 = 15
###
0 * 4 = 0
###

###
0 * 0 = 0
###, Actual: 0). Resorting to the last number found.
  warnings.warn(warning)
/uufs/chpc.utah.edu/common/home/u1283221/compositional_task_evaluation/experiment.py:26: UserWarning: Prediction contained multiple integers (Expected: Multiply two numbers.
###
5 * 3 = 15
###
0 * 5 = 0
###

###
12 * 2 = 24
, Actual: 0). Resorting to the last number found.
  warnings.warn(warning)
/uufs/chpc.utah.edu/common/home/u1283221/compositional_task_evaluation/experiment.py:26: UserWarning: Prediction contained multiple integers (Expected: Multiply two numbers.
###
5 * 3 = 15
###
0 * 6 = 0
###
2 * 4 = 8
###
7 * , Actual: 0). Resorting to the last number found.
  warnings.warn(warning)
/uufs/chpc.utah.edu/common/home/u1283221/compositional_task_evaluation/experiment.py:26: UserWarning: Prediction contained multiple integers (Expected: Multiply two numbers.
###
5 * 3 = 15
###
0 * 7 = 0
###
0 * 0 = 0
###
###
, Actual: 0). Resorting to the last number found.
  warnings.warn(warning)
/uufs/chpc.utah.edu/common/home/u1283221/compositional_task_evaluation/experiment.py:26: UserWarning: Prediction contained multiple integers (Expected: Multiply two numbers.
###
5 * 3 = 15
###
0 * 8 = 0
###

###
3 * 5 = 15
##, Actual: 0). Resorting to the last number found.
  warnings.warn(warning)
/uufs/chpc.utah.edu/common/home/u1283221/compositional_task_evaluation/experiment.py:26: UserWarning: Prediction contained multiple integers (Expected: Multiply two numbers.
###
5 * 3 = 15
###
0 * 9 = 0
###
2 * 1 = 2
###
1 * , Actual: 0). Resorting to the last number found.
  warnings.warn(warning)
/uufs/chpc.utah.edu/common/home/u1283221/compositional_task_evaluation/experiment.py:26: UserWarning: Prediction contained multiple integers (Expected: Multiply two numbers.
###
5 * 3 = 15
###
1 * 0 = 0
###
###
###
###
###
###, Actual: 0). Resorting to the last number found.
  warnings.warn(warning)
/uufs/chpc.utah.edu/common/home/u1283221/compositional_task_evaluation/experiment.py:26: UserWarning: Prediction contained multiple integers (Expected: Multiply two numbers.
###
5 * 3 = 15
###
1 * 1 = 1
###
2 * 2 = 4
###
2 * , Actual: 1). Resorting to the last number found.
  warnings.warn(warning)
/uufs/chpc.utah.edu/common/home/u1283221/compositional_task_evaluation/experiment.py:26: UserWarning: Prediction contained multiple integers (Expected: Multiply two numbers.
###
5 * 3 = 15
###
1 * 2 = 2
###
1 * 3 = 3
###
1 * , Actual: 2). Resorting to the last number found.
  warnings.warn(warning)
/uufs/chpc.utah.edu/common/home/u1283221/compositional_task_evaluation/experiment.py:26: UserWarning: Prediction contained multiple integers (Expected: Multiply two numbers.
###
5 * 3 = 15
###
1 * 3 = 3
###
15 * 3 = 45
###
##, Actual: 3). Resorting to the last number found.
  warnings.warn(warning)
/uufs/chpc.utah.edu/common/home/u1283221/compositional_task_evaluation/experiment.py:26: UserWarning: Prediction contained multiple integers (Expected: Multiply two numbers.
###
5 * 3 = 15
###
1 * 4 = 4
###
###
###
###
###
###, Actual: 4). Resorting to the last number found.
  warnings.warn(warning)
/uufs/chpc.utah.edu/common/home/u1283221/compositional_task_evaluation/experiment.py:26: UserWarning: Prediction contained multiple integers (Expected: Multiply two numbers.
###
5 * 3 = 15
###
1 * 5 = 5
###
###
5 * 3 = 15
###, Actual: 5). Resorting to the last number found.
  warnings.warn(warning)
/uufs/chpc.utah.edu/common/home/u1283221/compositional_task_evaluation/experiment.py:26: UserWarning: Prediction contained multiple integers (Expected: Multiply two numbers.
###
5 * 3 = 15
###
1 * 6 = 6
###
2 * 4 = 8
###
1 * , Actual: 6). Resorting to the last number found.
  warnings.warn(warning)
/uufs/chpc.utah.edu/common/home/u1283221/compositional_task_evaluation/experiment.py:26: UserWarning: Prediction contained multiple integers (Expected: Multiply two numbers.
###
5 * 3 = 15
###
1 * 7 = 7
###
2 * 9 = 18
###
7 *, Actual: 7). Resorting to the last number found.
  warnings.warn(warning)
/uufs/chpc.utah.edu/common/home/u1283221/compositional_task_evaluation/experiment.py:26: UserWarning: Prediction contained multiple integers (Expected: Multiply two numbers.
###
5 * 3 = 15
###
1 * 8 = 8
###
3 * 15 = 45
###
7, Actual: 8). Resorting to the last number found.
  warnings.warn(warning)
/uufs/chpc.utah.edu/common/home/u1283221/compositional_task_evaluation/experiment.py:26: UserWarning: Prediction contained multiple integers (Expected: Multiply two numbers.
###
5 * 3 = 15
###
1 * 9 = 9
###
6 * 4 = 24
###
11, Actual: 9). Resorting to the last number found.
  warnings.warn(warning)
/uufs/chpc.utah.edu/common/home/u1283221/compositional_task_evaluation/experiment.py:26: UserWarning: Prediction contained multiple integers (Expected: Multiply two numbers.
###
5 * 3 = 15
###
2 * 0 = 0
###
3 * 1 = 3
###
1 * , Actual: 0). Resorting to the last number found.
  warnings.warn(warning)
/uufs/chpc.utah.edu/common/home/u1283221/compositional_task_evaluation/experiment.py:26: UserWarning: Prediction contained multiple integers (Expected: Multiply two numbers.
###
5 * 3 = 15
###
2 * 1 = 2
###
10 * 10 = 100
###, Actual: 2). Resorting to the last number found.
  warnings.warn(warning)
/uufs/chpc.utah.edu/common/home/u1283221/compositional_task_evaluation/experiment.py:26: UserWarning: Prediction contained multiple integers (Expected: Multiply two numbers.
###
5 * 3 = 15
###
2 * 2 = 4
###
###
###
###
###
###, Actual: 4). Resorting to the last number found.
  warnings.warn(warning)
/uufs/chpc.utah.edu/common/home/u1283221/compositional_task_evaluation/experiment.py:26: UserWarning: Prediction contained multiple integers (Expected: Multiply two numbers.
###
5 * 3 = 15
###
2 * 3 = 6
###
###
2 * 2 = 4
###
, Actual: 6). Resorting to the last number found.
  warnings.warn(warning)
/uufs/chpc.utah.edu/common/home/u1283221/compositional_task_evaluation/experiment.py:26: UserWarning: Prediction contained multiple integers (Expected: Multiply two numbers.
###
5 * 3 = 15
###
2 * 4 = 8
###
1 * 2 = 2
###
###
, Actual: 8). Resorting to the last number found.
  warnings.warn(warning)
/uufs/chpc.utah.edu/common/home/u1283221/compositional_task_evaluation/experiment.py:26: UserWarning: Prediction contained multiple integers (Expected: Multiply two numbers.
###
5 * 3 = 15
###
2 * 5 = 10
###
5 * 3 = 15
###
2, Actual: 10). Resorting to the last number found.
  warnings.warn(warning)
/uufs/chpc.utah.edu/common/home/u1283221/compositional_task_evaluation/experiment.py:26: UserWarning: Prediction contained multiple integers (Expected: Multiply two numbers.
###
5 * 3 = 15
###
2 * 6 = 12
###
3 * 4 = 12
###
1, Actual: 12). Resorting to the last number found.
  warnings.warn(warning)
/uufs/chpc.utah.edu/common/home/u1283221/compositional_task_evaluation/experiment.py:26: UserWarning: Prediction contained multiple integers (Expected: Multiply two numbers.
###
5 * 3 = 15
###
2 * 7 = 14
###
10 * 5 = 50
###
, Actual: 14). Resorting to the last number found.
  warnings.warn(warning)
/uufs/chpc.utah.edu/common/home/u1283221/compositional_task_evaluation/experiment.py:26: UserWarning: Prediction contained multiple integers (Expected: Multiply two numbers.
###
5 * 3 = 15
###
2 * 8 = 16
###
3 * 4 = 12
###
1, Actual: 16). Resorting to the last number found.
  warnings.warn(warning)
/uufs/chpc.utah.edu/common/home/u1283221/compositional_task_evaluation/experiment.py:26: UserWarning: Prediction contained multiple integers (Expected: Multiply two numbers.
###
5 * 3 = 15
###
2 * 9 = 18
###
5 * 3 = 15
###
1, Actual: 18). Resorting to the last number found.
  warnings.warn(warning)
/uufs/chpc.utah.edu/common/home/u1283221/compositional_task_evaluation/experiment.py:26: UserWarning: Prediction contained multiple integers (Expected: Multiply two numbers.
###
5 * 3 = 15
###
3 * 0 = 0
###
4 * 3 = 12
###
7 *, Actual: 0). Resorting to the last number found.
  warnings.warn(warning)
/uufs/chpc.utah.edu/common/home/u1283221/compositional_task_evaluation/experiment.py:26: UserWarning: Prediction contained multiple integers (Expected: Multiply two numbers.
###
5 * 3 = 15
###
3 * 1 = 3
###
1 * 1 = 1
###
2 * , Actual: 3). Resorting to the last number found.
  warnings.warn(warning)
/uufs/chpc.utah.edu/common/home/u1283221/compositional_task_evaluation/experiment.py:26: UserWarning: Prediction contained multiple integers (Expected: Multiply two numbers.
###
5 * 3 = 15
###
3 * 2 = 6
###
###
###
###
###
###, Actual: 6). Resorting to the last number found.
  warnings.warn(warning)
/uufs/chpc.utah.edu/common/home/u1283221/compositional_task_evaluation/experiment.py:26: UserWarning: Prediction contained multiple integers (Expected: Multiply two numbers.
###
5 * 3 = 15
###
3 * 3 = 9
###
10 * 10 = 100
###, Actual: 9). Resorting to the last number found.
  warnings.warn(warning)
/uufs/chpc.utah.edu/common/home/u1283221/compositional_task_evaluation/experiment.py:26: UserWarning: Prediction contained multiple integers (Expected: Multiply two numbers.
###
5 * 3 = 15
###
3 * 4 = 12
###
5 * 4 = 20
###
2, Actual: 12). Resorting to the last number found.
  warnings.warn(warning)
/uufs/chpc.utah.edu/common/home/u1283221/compositional_task_evaluation/experiment.py:26: UserWarning: Prediction contained multiple integers (Expected: Multiply two numbers.
###
5 * 3 = 15
###
3 * 5 = 15
###
10 * 2 = 20
###
, Actual: 15). Resorting to the last number found.
  warnings.warn(warning)
/uufs/chpc.utah.edu/common/home/u1283221/compositional_task_evaluation/experiment.py:26: UserWarning: Prediction contained multiple integers (Expected: Multiply two numbers.
###
5 * 3 = 15
###
3 * 6 = 18
###
3 * 8 = 24
###
7, Actual: 18). Resorting to the last number found.
  warnings.warn(warning)
/uufs/chpc.utah.edu/common/home/u1283221/compositional_task_evaluation/experiment.py:26: UserWarning: Prediction contained multiple integers (Expected: Multiply two numbers.
###
5 * 3 = 15
###
3 * 7 = 21
###
5 * 7 = 35
###
7, Actual: 21). Resorting to the last number found.
  warnings.warn(warning)
/uufs/chpc.utah.edu/common/home/u1283221/compositional_task_evaluation/experiment.py:26: UserWarning: Prediction contained multiple integers (Expected: Multiply two numbers.
###
5 * 3 = 15
###
3 * 8 = 24
###
6 * 12 = 72
###
, Actual: 24). Resorting to the last number found.
  warnings.warn(warning)
/uufs/chpc.utah.edu/common/home/u1283221/compositional_task_evaluation/experiment.py:26: UserWarning: Prediction contained multiple integers (Expected: Multiply two numbers.
###
5 * 3 = 15
###
3 * 9 = 27
###
2 * 5 = 10
###

, Actual: 27). Resorting to the last number found.
  warnings.warn(warning)
/uufs/chpc.utah.edu/common/home/u1283221/compositional_task_evaluation/experiment.py:26: UserWarning: Prediction contained multiple integers (Expected: Multiply two numbers.
###
5 * 3 = 15
###
4 * 0 = 0
###
10 * 2 = 20
###
1, Actual: 0). Resorting to the last number found.
  warnings.warn(warning)
/uufs/chpc.utah.edu/common/home/u1283221/compositional_task_evaluation/experiment.py:26: UserWarning: Prediction contained multiple integers (Expected: Multiply two numbers.
###
5 * 3 = 15
###
4 * 1 = 4
###
###
###
###
###
###, Actual: 4). Resorting to the last number found.
  warnings.warn(warning)
/uufs/chpc.utah.edu/common/home/u1283221/compositional_task_evaluation/experiment.py:26: UserWarning: Prediction contained multiple integers (Expected: Multiply two numbers.
###
5 * 3 = 15
###
4 * 2 = 8
###
2 * 5 = 10
###
###, Actual: 8). Resorting to the last number found.
  warnings.warn(warning)
/uufs/chpc.utah.edu/common/home/u1283221/compositional_task_evaluation/experiment.py:26: UserWarning: Prediction contained multiple integers (Expected: Multiply two numbers.
###
5 * 3 = 15
###
4 * 3 = 12
###
7 * 4 = 28
###
8, Actual: 12). Resorting to the last number found.
  warnings.warn(warning)
/uufs/chpc.utah.edu/common/home/u1283221/compositional_task_evaluation/experiment.py:26: UserWarning: Prediction contained multiple integers (Expected: Multiply two numbers.
###
5 * 3 = 15
###
4 * 4 = 16
###
10 * 2 = 20
###
, Actual: 16). Resorting to the last number found.
  warnings.warn(warning)
/uufs/chpc.utah.edu/common/home/u1283221/compositional_task_evaluation/experiment.py:26: UserWarning: Prediction contained multiple integers (Expected: Multiply two numbers.
###
5 * 3 = 15
###
4 * 5 = 20
###
6 * 7 = 42
###
3, Actual: 20). Resorting to the last number found.
  warnings.warn(warning)
/uufs/chpc.utah.edu/common/home/u1283221/compositional_task_evaluation/experiment.py:26: UserWarning: Prediction contained multiple integers (Expected: Multiply two numbers.
###
5 * 3 = 15
###
4 * 6 = 24
###
7 * 9 = 63
###

, Actual: 24). Resorting to the last number found.
  warnings.warn(warning)
/uufs/chpc.utah.edu/common/home/u1283221/compositional_task_evaluation/experiment.py:26: UserWarning: Prediction contained multiple integers (Expected: Multiply two numbers.
###
5 * 3 = 15
###
4 * 7 = 28
###
###
###
###
###
##, Actual: 28). Resorting to the last number found.
  warnings.warn(warning)
/uufs/chpc.utah.edu/common/home/u1283221/compositional_task_evaluation/experiment.py:26: UserWarning: Prediction contained multiple integers (Expected: Multiply two numbers.
###
5 * 3 = 15
###
4 * 8 = 32
###
9 * 7 = 63
###
7, Actual: 32). Resorting to the last number found.
  warnings.warn(warning)
/uufs/chpc.utah.edu/common/home/u1283221/compositional_task_evaluation/experiment.py:26: UserWarning: Prediction contained multiple integers (Expected: Multiply two numbers.
###
5 * 3 = 15
###
4 * 9 = 36
###
8 * 11 = 88
###
, Actual: 36). Resorting to the last number found.
  warnings.warn(warning)
/uufs/chpc.utah.edu/common/home/u1283221/compositional_task_evaluation/experiment.py:26: UserWarning: Prediction contained multiple integers (Expected: Multiply two numbers.
###
5 * 3 = 15
###
5 * 0 = 0
###
5 * 5 = 25
###
5 *, Actual: 0). Resorting to the last number found.
  warnings.warn(warning)
/uufs/chpc.utah.edu/common/home/u1283221/compositional_task_evaluation/experiment.py:26: UserWarning: Prediction contained multiple integers (Expected: Multiply two numbers.
###
5 * 3 = 15
###
5 * 1 = 5
###
5 * 10 = 50
###
5, Actual: 5). Resorting to the last number found.
  warnings.warn(warning)
/uufs/chpc.utah.edu/common/home/u1283221/compositional_task_evaluation/experiment.py:26: UserWarning: Prediction contained multiple integers (Expected: Multiply two numbers.
###
5 * 3 = 15
###
5 * 2 = 10
###
5 * 1 = 5
###
2 *, Actual: 10). Resorting to the last number found.
  warnings.warn(warning)
/uufs/chpc.utah.edu/common/home/u1283221/compositional_task_evaluation/experiment.py:26: UserWarning: Prediction contained multiple integers (Expected: Multiply two numbers.
###
5 * 3 = 15
###
5 * 3 = 15
###
5 * 3 = 15
###
5, Actual: 15). Resorting to the last number found.
  warnings.warn(warning)
/uufs/chpc.utah.edu/common/home/u1283221/compositional_task_evaluation/experiment.py:26: UserWarning: Prediction contained multiple integers (Expected: Multiply two numbers.
###
5 * 3 = 15
###
5 * 4 = 20
###
5 * 5 = 25
###
5, Actual: 20). Resorting to the last number found.
  warnings.warn(warning)
/uufs/chpc.utah.edu/common/home/u1283221/compositional_task_evaluation/experiment.py:26: UserWarning: Prediction contained multiple integers (Expected: Multiply two numbers.
###
5 * 3 = 15
###
5 * 5 = 25
###
5 * 6 = 30
###
5, Actual: 25). Resorting to the last number found.
  warnings.warn(warning)
/uufs/chpc.utah.edu/common/home/u1283221/compositional_task_evaluation/experiment.py:26: UserWarning: Prediction contained multiple integers (Expected: Multiply two numbers.
###
5 * 3 = 15
###
5 * 6 = 30
###
5 * 9 = 45
###
5, Actual: 30). Resorting to the last number found.
  warnings.warn(warning)
/uufs/chpc.utah.edu/common/home/u1283221/compositional_task_evaluation/experiment.py:26: UserWarning: Prediction contained multiple integers (Expected: Multiply two numbers.
###
5 * 3 = 15
###
5 * 7 = 35
###
5 * 9 = 45
###
5, Actual: 35). Resorting to the last number found.
  warnings.warn(warning)
/uufs/chpc.utah.edu/common/home/u1283221/compositional_task_evaluation/experiment.py:26: UserWarning: Prediction contained multiple integers (Expected: Multiply two numbers.
###
5 * 3 = 15
###
5 * 8 = 40
###
5 * 9 = 45
###
5, Actual: 40). Resorting to the last number found.
  warnings.warn(warning)
/uufs/chpc.utah.edu/common/home/u1283221/compositional_task_evaluation/experiment.py:26: UserWarning: Prediction contained multiple integers (Expected: Multiply two numbers.
###
5 * 3 = 15
###
5 * 9 = 45
###
5 * 45 = 225
###, Actual: 45). Resorting to the last number found.
  warnings.warn(warning)
/uufs/chpc.utah.edu/common/home/u1283221/compositional_task_evaluation/experiment.py:26: UserWarning: Prediction contained multiple integers (Expected: Multiply two numbers.
###
5 * 3 = 15
###
6 * 0 = 0
###
7 * 9 = 63
###
8 *, Actual: 0). Resorting to the last number found.
  warnings.warn(warning)
/uufs/chpc.utah.edu/common/home/u1283221/compositional_task_evaluation/experiment.py:26: UserWarning: Prediction contained multiple integers (Expected: Multiply two numbers.
###
5 * 3 = 15
###
6 * 1 = 6
###
1 * 2 = 2
###
3 * , Actual: 6). Resorting to the last number found.
  warnings.warn(warning)
/uufs/chpc.utah.edu/common/home/u1283221/compositional_task_evaluation/experiment.py:26: UserWarning: Prediction contained multiple integers (Expected: Multiply two numbers.
###
5 * 3 = 15
###
6 * 2 = 12
###
3 * 4 = 12
###
4, Actual: 12). Resorting to the last number found.
  warnings.warn(warning)
/uufs/chpc.utah.edu/common/home/u1283221/compositional_task_evaluation/experiment.py:26: UserWarning: Prediction contained multiple integers (Expected: Multiply two numbers.
###
5 * 3 = 15
###
6 * 3 = 18
###
10 * 1 = 10
###
, Actual: 18). Resorting to the last number found.
  warnings.warn(warning)
/uufs/chpc.utah.edu/common/home/u1283221/compositional_task_evaluation/experiment.py:26: UserWarning: Prediction contained multiple integers (Expected: Multiply two numbers.
###
5 * 3 = 15
###
6 * 4 = 24
###
7 * 5 = 35
###
8, Actual: 24). Resorting to the last number found.
  warnings.warn(warning)
/uufs/chpc.utah.edu/common/home/u1283221/compositional_task_evaluation/experiment.py:26: UserWarning: Prediction contained multiple integers (Expected: Multiply two numbers.
###
5 * 3 = 15
###
6 * 5 = 30
###
8 * 9 = 72
###
1, Actual: 30). Resorting to the last number found.
  warnings.warn(warning)
/uufs/chpc.utah.edu/common/home/u1283221/compositional_task_evaluation/experiment.py:26: UserWarning: Prediction contained multiple integers (Expected: Multiply two numbers.
###
5 * 3 = 15
###
6 * 6 = 36
###
7 * 7 = 49
###
8, Actual: 36). Resorting to the last number found.
  warnings.warn(warning)
/uufs/chpc.utah.edu/common/home/u1283221/compositional_task_evaluation/experiment.py:26: UserWarning: Prediction contained multiple integers (Expected: Multiply two numbers.
###
5 * 3 = 15
###
6 * 7 = 42
###
9 * 7 = 63
###
1, Actual: 42). Resorting to the last number found.
  warnings.warn(warning)
/uufs/chpc.utah.edu/common/home/u1283221/compositional_task_evaluation/experiment.py:26: UserWarning: Prediction contained multiple integers (Expected: Multiply two numbers.
###
5 * 3 = 15
###
6 * 8 = 48
###
8 * 7 = 56
###
1, Actual: 48). Resorting to the last number found.
  warnings.warn(warning)
/uufs/chpc.utah.edu/common/home/u1283221/compositional_task_evaluation/experiment.py:26: UserWarning: Prediction contained multiple integers (Expected: Multiply two numbers.
###
5 * 3 = 15
###
6 * 9 = 54
###
9 * 7 = 63
###
2, Actual: 54). Resorting to the last number found.
  warnings.warn(warning)
/uufs/chpc.utah.edu/common/home/u1283221/compositional_task_evaluation/experiment.py:26: UserWarning: Prediction contained multiple integers (Expected: Multiply two numbers.
###
5 * 3 = 15
###
7 * 0 = 0
###
4 * 4 = 16
###
5 *, Actual: 0). Resorting to the last number found.
  warnings.warn(warning)
/uufs/chpc.utah.edu/common/home/u1283221/compositional_task_evaluation/experiment.py:26: UserWarning: Prediction contained multiple integers (Expected: Multiply two numbers.
###
5 * 3 = 15
###
7 * 1 = 7
###
5 * 6 = 30
###
6 *, Actual: 7). Resorting to the last number found.
  warnings.warn(warning)
/uufs/chpc.utah.edu/common/home/u1283221/compositional_task_evaluation/experiment.py:26: UserWarning: Prediction contained multiple integers (Expected: Multiply two numbers.
###
5 * 3 = 15
###
7 * 2 = 14
###
###
###
###
###
##, Actual: 14). Resorting to the last number found.
  warnings.warn(warning)
/uufs/chpc.utah.edu/common/home/u1283221/compositional_task_evaluation/experiment.py:26: UserWarning: Prediction contained multiple integers (Expected: Multiply two numbers.
###
5 * 3 = 15
###
7 * 3 = 21
###
5 * 4 = 20
###
7, Actual: 21). Resorting to the last number found.
  warnings.warn(warning)
/uufs/chpc.utah.edu/common/home/u1283221/compositional_task_evaluation/experiment.py:26: UserWarning: Prediction contained multiple integers (Expected: Multiply two numbers.
###
5 * 3 = 15
###
7 * 4 = 28
###
8 * 2 = 16
###
9, Actual: 28). Resorting to the last number found.
  warnings.warn(warning)
/uufs/chpc.utah.edu/common/home/u1283221/compositional_task_evaluation/experiment.py:26: UserWarning: Prediction contained multiple integers (Expected: Multiply two numbers.
###
5 * 3 = 15
###
7 * 5 = 35
###
2 * 4 = 8
###
5 *, Actual: 35). Resorting to the last number found.
  warnings.warn(warning)
/uufs/chpc.utah.edu/common/home/u1283221/compositional_task_evaluation/experiment.py:26: UserWarning: Prediction contained multiple integers (Expected: Multiply two numbers.
###
5 * 3 = 15
###
7 * 6 = 42
###
###
###
###
###
##, Actual: 42). Resorting to the last number found.
  warnings.warn(warning)
/uufs/chpc.utah.edu/common/home/u1283221/compositional_task_evaluation/experiment.py:26: UserWarning: Prediction contained multiple integers (Expected: Multiply two numbers.
###
5 * 3 = 15
###
7 * 7 = 49
###
4 * 9 = 36
###
4, Actual: 49). Resorting to the last number found.
  warnings.warn(warning)
/uufs/chpc.utah.edu/common/home/u1283221/compositional_task_evaluation/experiment.py:26: UserWarning: Prediction contained multiple integers (Expected: Multiply two numbers.
###
5 * 3 = 15
###
7 * 8 = 56
###
6 * 4 = 24
###
2, Actual: 56). Resorting to the last number found.
  warnings.warn(warning)
/uufs/chpc.utah.edu/common/home/u1283221/compositional_task_evaluation/experiment.py:26: UserWarning: Prediction contained multiple integers (Expected: Multiply two numbers.
###
5 * 3 = 15
###
7 * 9 = 63
###

# Exercise 1.1
# Multip, Actual: 63). Resorting to the last number found.
  warnings.warn(warning)
/uufs/chpc.utah.edu/common/home/u1283221/compositional_task_evaluation/experiment.py:26: UserWarning: Prediction contained multiple integers (Expected: Multiply two numbers.
###
5 * 3 = 15
###
8 * 0 = 0
###
10 * 10 = 100
###, Actual: 0). Resorting to the last number found.
  warnings.warn(warning)
/uufs/chpc.utah.edu/common/home/u1283221/compositional_task_evaluation/experiment.py:26: UserWarning: Prediction contained multiple integers (Expected: Multiply two numbers.
###
5 * 3 = 15
###
8 * 1 = 8
###
6 * 5 = 30
###
1 *, Actual: 8). Resorting to the last number found.
  warnings.warn(warning)
/uufs/chpc.utah.edu/common/home/u1283221/compositional_task_evaluation/experiment.py:26: UserWarning: Prediction contained multiple integers (Expected: Multiply two numbers.
###
5 * 3 = 15
###
8 * 2 = 16
###
2 * 5 = 10
###
4, Actual: 16). Resorting to the last number found.
  warnings.warn(warning)
/uufs/chpc.utah.edu/common/home/u1283221/compositional_task_evaluation/experiment.py:26: UserWarning: Prediction contained multiple integers (Expected: Multiply two numbers.
###
5 * 3 = 15
###
8 * 3 = 24
###
15 * 3 = 45
###
, Actual: 24). Resorting to the last number found.
  warnings.warn(warning)
/uufs/chpc.utah.edu/common/home/u1283221/compositional_task_evaluation/experiment.py:26: UserWarning: Prediction contained multiple integers (Expected: Multiply two numbers.
###
5 * 3 = 15
###
8 * 4 = 32
###
###
###
###
###
##, Actual: 32). Resorting to the last number found.
  warnings.warn(warning)
/uufs/chpc.utah.edu/common/home/u1283221/compositional_task_evaluation/experiment.py:26: UserWarning: Prediction contained multiple integers (Expected: Multiply two numbers.
###
5 * 3 = 15
###
8 * 5 = 40
###
4 * 7 = 28
###

, Actual: 40). Resorting to the last number found.
  warnings.warn(warning)
/uufs/chpc.utah.edu/common/home/u1283221/compositional_task_evaluation/experiment.py:26: UserWarning: Prediction contained multiple integers (Expected: Multiply two numbers.
###
5 * 3 = 15
###
8 * 6 = 48
###
9 * 2 = 18
###
3, Actual: 48). Resorting to the last number found.
  warnings.warn(warning)
/uufs/chpc.utah.edu/common/home/u1283221/compositional_task_evaluation/experiment.py:26: UserWarning: Prediction contained multiple integers (Expected: Multiply two numbers.
###
5 * 3 = 15
###
8 * 7 = 56
###
12 * 13 = 156
##, Actual: 56). Resorting to the last number found.
  warnings.warn(warning)
/uufs/chpc.utah.edu/common/home/u1283221/compositional_task_evaluation/experiment.py:26: UserWarning: Prediction contained multiple integers (Expected: Multiply two numbers.
###
5 * 3 = 15
###
8 * 8 = 64
###
9 * 1 = 9
###
3 *, Actual: 64). Resorting to the last number found.
  warnings.warn(warning)
/uufs/chpc.utah.edu/common/home/u1283221/compositional_task_evaluation/experiment.py:26: UserWarning: Prediction contained multiple integers (Expected: Multiply two numbers.
###
5 * 3 = 15
###
8 * 9 = 72
###
6 * 4 = 24
###
5, Actual: 72). Resorting to the last number found.
  warnings.warn(warning)
/uufs/chpc.utah.edu/common/home/u1283221/compositional_task_evaluation/experiment.py:26: UserWarning: Prediction contained multiple integers (Expected: Multiply two numbers.
###
5 * 3 = 15
###
9 * 0 = 0
###
12 * 12 = 144
###, Actual: 0). Resorting to the last number found.
  warnings.warn(warning)
/uufs/chpc.utah.edu/common/home/u1283221/compositional_task_evaluation/experiment.py:26: UserWarning: Prediction contained multiple integers (Expected: Multiply two numbers.
###
5 * 3 = 15
###
9 * 1 = 9
###
3 * 5 = 15
###
10, Actual: 9). Resorting to the last number found.
  warnings.warn(warning)
/uufs/chpc.utah.edu/common/home/u1283221/compositional_task_evaluation/experiment.py:26: UserWarning: Prediction contained multiple integers (Expected: Multiply two numbers.
###
5 * 3 = 15
###
9 * 2 = 18
###
14 * 4 = 56
###
, Actual: 18). Resorting to the last number found.
  warnings.warn(warning)
/uufs/chpc.utah.edu/common/home/u1283221/compositional_task_evaluation/experiment.py:26: UserWarning: Prediction contained multiple integers (Expected: Multiply two numbers.
###
5 * 3 = 15
###
9 * 3 = 27
###
6 * 4 = 24
###
2, Actual: 27). Resorting to the last number found.
  warnings.warn(warning)
/uufs/chpc.utah.edu/common/home/u1283221/compositional_task_evaluation/experiment.py:26: UserWarning: Prediction contained multiple integers (Expected: Multiply two numbers.
###
5 * 3 = 15
###
9 * 4 = 36
###
12 * 2 = 24
###
, Actual: 36). Resorting to the last number found.
  warnings.warn(warning)
/uufs/chpc.utah.edu/common/home/u1283221/compositional_task_evaluation/experiment.py:26: UserWarning: Prediction contained multiple integers (Expected: Multiply two numbers.
###
5 * 3 = 15
###
9 * 5 = 45
###
8 * 7 = 56
###
7, Actual: 45). Resorting to the last number found.
  warnings.warn(warning)
/uufs/chpc.utah.edu/common/home/u1283221/compositional_task_evaluation/experiment.py:26: UserWarning: Prediction contained multiple integers (Expected: Multiply two numbers.
###
5 * 3 = 15
###
9 * 6 = 54
###
2 * 4 = 8
###
7 *, Actual: 54). Resorting to the last number found.
  warnings.warn(warning)
/uufs/chpc.utah.edu/common/home/u1283221/compositional_task_evaluation/experiment.py:26: UserWarning: Prediction contained multiple integers (Expected: Multiply two numbers.
###
5 * 3 = 15
###
9 * 7 = 63
###
12 * 16 = 192
##, Actual: 63). Resorting to the last number found.
  warnings.warn(warning)
/uufs/chpc.utah.edu/common/home/u1283221/compositional_task_evaluation/experiment.py:26: UserWarning: Prediction contained multiple integers (Expected: Multiply two numbers.
###
5 * 3 = 15
###
9 * 8 = 72
###
10 * 15 = 150
##, Actual: 72). Resorting to the last number found.
  warnings.warn(warning)
/uufs/chpc.utah.edu/common/home/u1283221/compositional_task_evaluation/experiment.py:26: UserWarning: Prediction contained multiple integers (Expected: Multiply two numbers.
###
5 * 3 = 15
###
9 * 9 = 81
###
6 * 2 = 12
###
4, Actual: 81). Resorting to the last number found.
  warnings.warn(warning)
Correct: 0 out of 100
Map:   0%|          | 0/100 [00:00<?, ? examples/s]Map: 100%|██████████| 100/100 [00:00<00:00, 8564.35 examples/s]
Creating CSV from Arrow format:   0%|          | 0/1 [00:00<?, ?ba/s]Creating CSV from Arrow format: 100%|██████████| 1/1 [00:00<00:00, 45.41ba/s]
File: ./data/multiply_1_digit.csv Accuracy: 0.0
Using pad_token, but it is not set yet.
Loading checkpoint shards:   0%|          | 0/2 [00:00<?, ?it/s]Loading checkpoint shards:  50%|█████     | 1/2 [00:04<00:04,  4.56s/it]Loading checkpoint shards: 100%|██████████| 2/2 [00:06<00:00,  2.84s/it]Loading checkpoint shards: 100%|██████████| 2/2 [00:06<00:00,  3.10s/it]
Downloading data files:   0%|          | 0/1 [00:00<?, ?it/s]Downloading data files: 100%|██████████| 1/1 [00:00<00:00, 12905.55it/s]
Extracting data files:   0%|          | 0/1 [00:00<?, ?it/s]Extracting data files: 100%|██████████| 1/1 [00:00<00:00, 525.47it/s]
Generating train split: 0 examples [00:00, ? examples/s]Generating train split: 100 examples [00:00, 12797.66 examples/s]
  0%|          | 0/1 [00:00<?, ?it/s]Asking to truncate to max_length but no maximum length is provided and the model has no predefined maximum length. Default to no truncation.
  0%|          | 0/1 [00:00<?, ?it/s]
Traceback (most recent call last):
  File "/uufs/chpc.utah.edu/common/home/u1283221/compositional_task_evaluation/llama2_cte.py", line 16, in <module>
    experiment.run_experiment(model, tokenizer, batch_size, input_file, output_file)
  File "/uufs/chpc.utah.edu/common/home/u1283221/compositional_task_evaluation/experiment.py", line 51, in run_experiment
    accuracy, predictions = evaluate_model(model, tokenizer, dataset, batch_size)
                            ^^^^^^^^^^^^^^^^^^^^^^^^^^^^^^^^^^^^^^^^^^^^^^^^^^^^^
  File "/uufs/chpc.utah.edu/common/home/u1283221/compositional_task_evaluation/experiment.py", line 40, in evaluate_model
    generated_texts = generate_texts(model, tokenizer, encodings)
                      ^^^^^^^^^^^^^^^^^^^^^^^^^^^^^^^^^^^^^^^^^^^
  File "/uufs/chpc.utah.edu/common/home/u1283221/compositional_task_evaluation/experiment.py", line 14, in generate_texts
    generated_ids = model.generate(**encodings, max_new_tokens=20)
                    ^^^^^^^^^^^^^^^^^^^^^^^^^^^^^^^^^^^^^^^^^^^^^^
  File "/uufs/chpc.utah.edu/common/home/u1283221/miniconda3/envs/compositional/lib/python3.11/site-packages/torch/utils/_contextlib.py", line 115, in decorate_context
    return func(*args, **kwargs)
           ^^^^^^^^^^^^^^^^^^^^^
  File "/uufs/chpc.utah.edu/common/home/u1283221/miniconda3/envs/compositional/lib/python3.11/site-packages/transformers/generation/utils.py", line 1642, in generate
    return self.sample(
           ^^^^^^^^^^^^
  File "/uufs/chpc.utah.edu/common/home/u1283221/miniconda3/envs/compositional/lib/python3.11/site-packages/transformers/generation/utils.py", line 2724, in sample
    outputs = self(
              ^^^^^
  File "/uufs/chpc.utah.edu/common/home/u1283221/miniconda3/envs/compositional/lib/python3.11/site-packages/torch/nn/modules/module.py", line 1501, in _call_impl
    return forward_call(*args, **kwargs)
           ^^^^^^^^^^^^^^^^^^^^^^^^^^^^^
  File "/uufs/chpc.utah.edu/common/home/u1283221/miniconda3/envs/compositional/lib/python3.11/site-packages/transformers/models/llama/modeling_llama.py", line 809, in forward
    outputs = self.model(
              ^^^^^^^^^^^
  File "/uufs/chpc.utah.edu/common/home/u1283221/miniconda3/envs/compositional/lib/python3.11/site-packages/torch/nn/modules/module.py", line 1501, in _call_impl
    return forward_call(*args, **kwargs)
           ^^^^^^^^^^^^^^^^^^^^^^^^^^^^^
  File "/uufs/chpc.utah.edu/common/home/u1283221/miniconda3/envs/compositional/lib/python3.11/site-packages/transformers/models/llama/modeling_llama.py", line 697, in forward
    layer_outputs = decoder_layer(
                    ^^^^^^^^^^^^^^
  File "/uufs/chpc.utah.edu/common/home/u1283221/miniconda3/envs/compositional/lib/python3.11/site-packages/torch/nn/modules/module.py", line 1501, in _call_impl
    return forward_call(*args, **kwargs)
           ^^^^^^^^^^^^^^^^^^^^^^^^^^^^^
  File "/uufs/chpc.utah.edu/common/home/u1283221/miniconda3/envs/compositional/lib/python3.11/site-packages/transformers/models/llama/modeling_llama.py", line 413, in forward
    hidden_states, self_attn_weights, present_key_value = self.self_attn(
                                                          ^^^^^^^^^^^^^^^
  File "/uufs/chpc.utah.edu/common/home/u1283221/miniconda3/envs/compositional/lib/python3.11/site-packages/torch/nn/modules/module.py", line 1501, in _call_impl
    return forward_call(*args, **kwargs)
           ^^^^^^^^^^^^^^^^^^^^^^^^^^^^^
  File "/uufs/chpc.utah.edu/common/home/u1283221/miniconda3/envs/compositional/lib/python3.11/site-packages/transformers/models/llama/modeling_llama.py", line 310, in forward
    query_states = self.q_proj(hidden_states)
                   ^^^^^^^^^^^^^^^^^^^^^^^^^^
  File "/uufs/chpc.utah.edu/common/home/u1283221/miniconda3/envs/compositional/lib/python3.11/site-packages/torch/nn/modules/module.py", line 1501, in _call_impl
    return forward_call(*args, **kwargs)
           ^^^^^^^^^^^^^^^^^^^^^^^^^^^^^
  File "/uufs/chpc.utah.edu/common/home/u1283221/miniconda3/envs/compositional/lib/python3.11/site-packages/torch/nn/modules/linear.py", line 114, in forward
    return F.linear(input, self.weight, self.bias)
           ^^^^^^^^^^^^^^^^^^^^^^^^^^^^^^^^^^^^^^^
RuntimeError: CUDA error: CUBLAS_STATUS_NOT_INITIALIZED when calling `cublasCreate(handle)`
Using pad_token, but it is not set yet.
Loading checkpoint shards:   0%|          | 0/2 [00:00<?, ?it/s]Loading checkpoint shards:  50%|█████     | 1/2 [00:04<00:04,  4.36s/it]Loading checkpoint shards: 100%|██████████| 2/2 [00:05<00:00,  2.72s/it]Loading checkpoint shards: 100%|██████████| 2/2 [00:05<00:00,  2.97s/it]
Downloading data files:   0%|          | 0/1 [00:00<?, ?it/s]Downloading data files: 100%|██████████| 1/1 [00:00<00:00, 12018.06it/s]
Extracting data files:   0%|          | 0/1 [00:00<?, ?it/s]Extracting data files: 100%|██████████| 1/1 [00:00<00:00, 541.69it/s]
Generating train split: 0 examples [00:00, ? examples/s]Generating train split: 10000 examples [00:00, 559904.95 examples/s]
  0%|          | 0/10 [00:00<?, ?it/s]Asking to truncate to max_length but no maximum length is provided and the model has no predefined maximum length. Default to no truncation.
../aten/src/ATen/native/cuda/Indexing.cu:1146: indexSelectLargeIndex: block: [790,0,0], thread: [96,0,0] Assertion `srcIndex < srcSelectDimSize` failed.
../aten/src/ATen/native/cuda/Indexing.cu:1146: indexSelectLargeIndex: block: [790,0,0], thread: [97,0,0] Assertion `srcIndex < srcSelectDimSize` failed.
../aten/src/ATen/native/cuda/Indexing.cu:1146: indexSelectLargeIndex: block: [790,0,0], thread: [98,0,0] Assertion `srcIndex < srcSelectDimSize` failed.
../aten/src/ATen/native/cuda/Indexing.cu:1146: indexSelectLargeIndex: block: [790,0,0], thread: [99,0,0] Assertion `srcIndex < srcSelectDimSize` failed.
../aten/src/ATen/native/cuda/Indexing.cu:1146: indexSelectLargeIndex: block: [790,0,0], thread: [100,0,0] Assertion `srcIndex < srcSelectDimSize` failed.
../aten/src/ATen/native/cuda/Indexing.cu:1146: indexSelectLargeIndex: block: [790,0,0], thread: [101,0,0] Assertion `srcIndex < srcSelectDimSize` failed.
../aten/src/ATen/native/cuda/Indexing.cu:1146: indexSelectLargeIndex: block: [790,0,0], thread: [102,0,0] Assertion `srcIndex < srcSelectDimSize` failed.
../aten/src/ATen/native/cuda/Indexing.cu:1146: indexSelectLargeIndex: block: [790,0,0], thread: [103,0,0] Assertion `srcIndex < srcSelectDimSize` failed.
../aten/src/ATen/native/cuda/Indexing.cu:1146: indexSelectLargeIndex: block: [790,0,0], thread: [104,0,0] Assertion `srcIndex < srcSelectDimSize` failed.
../aten/src/ATen/native/cuda/Indexing.cu:1146: indexSelectLargeIndex: block: [790,0,0], thread: [105,0,0] Assertion `srcIndex < srcSelectDimSize` failed.
../aten/src/ATen/native/cuda/Indexing.cu:1146: indexSelectLargeIndex: block: [790,0,0], thread: [106,0,0] Assertion `srcIndex < srcSelectDimSize` failed.
../aten/src/ATen/native/cuda/Indexing.cu:1146: indexSelectLargeIndex: block: [790,0,0], thread: [107,0,0] Assertion `srcIndex < srcSelectDimSize` failed.
../aten/src/ATen/native/cuda/Indexing.cu:1146: indexSelectLargeIndex: block: [790,0,0], thread: [108,0,0] Assertion `srcIndex < srcSelectDimSize` failed.
../aten/src/ATen/native/cuda/Indexing.cu:1146: indexSelectLargeIndex: block: [790,0,0], thread: [109,0,0] Assertion `srcIndex < srcSelectDimSize` failed.
../aten/src/ATen/native/cuda/Indexing.cu:1146: indexSelectLargeIndex: block: [790,0,0], thread: [110,0,0] Assertion `srcIndex < srcSelectDimSize` failed.
../aten/src/ATen/native/cuda/Indexing.cu:1146: indexSelectLargeIndex: block: [790,0,0], thread: [111,0,0] Assertion `srcIndex < srcSelectDimSize` failed.
../aten/src/ATen/native/cuda/Indexing.cu:1146: indexSelectLargeIndex: block: [790,0,0], thread: [112,0,0] Assertion `srcIndex < srcSelectDimSize` failed.
../aten/src/ATen/native/cuda/Indexing.cu:1146: indexSelectLargeIndex: block: [790,0,0], thread: [113,0,0] Assertion `srcIndex < srcSelectDimSize` failed.
../aten/src/ATen/native/cuda/Indexing.cu:1146: indexSelectLargeIndex: block: [790,0,0], thread: [114,0,0] Assertion `srcIndex < srcSelectDimSize` failed.
../aten/src/ATen/native/cuda/Indexing.cu:1146: indexSelectLargeIndex: block: [790,0,0], thread: [115,0,0] Assertion `srcIndex < srcSelectDimSize` failed.
../aten/src/ATen/native/cuda/Indexing.cu:1146: indexSelectLargeIndex: block: [790,0,0], thread: [116,0,0] Assertion `srcIndex < srcSelectDimSize` failed.
../aten/src/ATen/native/cuda/Indexing.cu:1146: indexSelectLargeIndex: block: [790,0,0], thread: [117,0,0] Assertion `srcIndex < srcSelectDimSize` failed.
../aten/src/ATen/native/cuda/Indexing.cu:1146: indexSelectLargeIndex: block: [790,0,0], thread: [118,0,0] Assertion `srcIndex < srcSelectDimSize` failed.
../aten/src/ATen/native/cuda/Indexing.cu:1146: indexSelectLargeIndex: block: [790,0,0], thread: [119,0,0] Assertion `srcIndex < srcSelectDimSize` failed.
../aten/src/ATen/native/cuda/Indexing.cu:1146: indexSelectLargeIndex: block: [790,0,0], thread: [120,0,0] Assertion `srcIndex < srcSelectDimSize` failed.
../aten/src/ATen/native/cuda/Indexing.cu:1146: indexSelectLargeIndex: block: [790,0,0], thread: [121,0,0] Assertion `srcIndex < srcSelectDimSize` failed.
../aten/src/ATen/native/cuda/Indexing.cu:1146: indexSelectLargeIndex: block: [790,0,0], thread: [122,0,0] Assertion `srcIndex < srcSelectDimSize` failed.
../aten/src/ATen/native/cuda/Indexing.cu:1146: indexSelectLargeIndex: block: [790,0,0], thread: [123,0,0] Assertion `srcIndex < srcSelectDimSize` failed.
../aten/src/ATen/native/cuda/Indexing.cu:1146: indexSelectLargeIndex: block: [790,0,0], thread: [124,0,0] Assertion `srcIndex < srcSelectDimSize` failed.
../aten/src/ATen/native/cuda/Indexing.cu:1146: indexSelectLargeIndex: block: [790,0,0], thread: [125,0,0] Assertion `srcIndex < srcSelectDimSize` failed.
../aten/src/ATen/native/cuda/Indexing.cu:1146: indexSelectLargeIndex: block: [790,0,0], thread: [126,0,0] Assertion `srcIndex < srcSelectDimSize` failed.
../aten/src/ATen/native/cuda/Indexing.cu:1146: indexSelectLargeIndex: block: [790,0,0], thread: [127,0,0] Assertion `srcIndex < srcSelectDimSize` failed.
../aten/src/ATen/native/cuda/Indexing.cu:1146: indexSelectLargeIndex: block: [608,0,0], thread: [32,0,0] Assertion `srcIndex < srcSelectDimSize` failed.
../aten/src/ATen/native/cuda/Indexing.cu:1146: indexSelectLargeIndex: block: [608,0,0], thread: [33,0,0] Assertion `srcIndex < srcSelectDimSize` failed.
../aten/src/ATen/native/cuda/Indexing.cu:1146: indexSelectLargeIndex: block: [608,0,0], thread: [34,0,0] Assertion `srcIndex < srcSelectDimSize` failed.
../aten/src/ATen/native/cuda/Indexing.cu:1146: indexSelectLargeIndex: block: [608,0,0], thread: [35,0,0] Assertion `srcIndex < srcSelectDimSize` failed.
../aten/src/ATen/native/cuda/Indexing.cu:1146: indexSelectLargeIndex: block: [608,0,0], thread: [36,0,0] Assertion `srcIndex < srcSelectDimSize` failed.
../aten/src/ATen/native/cuda/Indexing.cu:1146: indexSelectLargeIndex: block: [608,0,0], thread: [37,0,0] Assertion `srcIndex < srcSelectDimSize` failed.
../aten/src/ATen/native/cuda/Indexing.cu:1146: indexSelectLargeIndex: block: [608,0,0], thread: [38,0,0] Assertion `srcIndex < srcSelectDimSize` failed.
../aten/src/ATen/native/cuda/Indexing.cu:1146: indexSelectLargeIndex: block: [608,0,0], thread: [39,0,0] Assertion `srcIndex < srcSelectDimSize` failed.
../aten/src/ATen/native/cuda/Indexing.cu:1146: indexSelectLargeIndex: block: [608,0,0], thread: [40,0,0] Assertion `srcIndex < srcSelectDimSize` failed.
../aten/src/ATen/native/cuda/Indexing.cu:1146: indexSelectLargeIndex: block: [608,0,0], thread: [41,0,0] Assertion `srcIndex < srcSelectDimSize` failed.
../aten/src/ATen/native/cuda/Indexing.cu:1146: indexSelectLargeIndex: block: [608,0,0], thread: [42,0,0] Assertion `srcIndex < srcSelectDimSize` failed.
../aten/src/ATen/native/cuda/Indexing.cu:1146: indexSelectLargeIndex: block: [608,0,0], thread: [43,0,0] Assertion `srcIndex < srcSelectDimSize` failed.
../aten/src/ATen/native/cuda/Indexing.cu:1146: indexSelectLargeIndex: block: [608,0,0], thread: [44,0,0] Assertion `srcIndex < srcSelectDimSize` failed.
../aten/src/ATen/native/cuda/Indexing.cu:1146: indexSelectLargeIndex: block: [608,0,0], thread: [45,0,0] Assertion `srcIndex < srcSelectDimSize` failed.
../aten/src/ATen/native/cuda/Indexing.cu:1146: indexSelectLargeIndex: block: [608,0,0], thread: [46,0,0] Assertion `srcIndex < srcSelectDimSize` failed.
../aten/src/ATen/native/cuda/Indexing.cu:1146: indexSelectLargeIndex: block: [608,0,0], thread: [47,0,0] Assertion `srcIndex < srcSelectDimSize` failed.
../aten/src/ATen/native/cuda/Indexing.cu:1146: indexSelectLargeIndex: block: [608,0,0], thread: [48,0,0] Assertion `srcIndex < srcSelectDimSize` failed.
../aten/src/ATen/native/cuda/Indexing.cu:1146: indexSelectLargeIndex: block: [608,0,0], thread: [49,0,0] Assertion `srcIndex < srcSelectDimSize` failed.
../aten/src/ATen/native/cuda/Indexing.cu:1146: indexSelectLargeIndex: block: [608,0,0], thread: [50,0,0] Assertion `srcIndex < srcSelectDimSize` failed.
../aten/src/ATen/native/cuda/Indexing.cu:1146: indexSelectLargeIndex: block: [608,0,0], thread: [51,0,0] Assertion `srcIndex < srcSelectDimSize` failed.
../aten/src/ATen/native/cuda/Indexing.cu:1146: indexSelectLargeIndex: block: [608,0,0], thread: [52,0,0] Assertion `srcIndex < srcSelectDimSize` failed.
../aten/src/ATen/native/cuda/Indexing.cu:1146: indexSelectLargeIndex: block: [608,0,0], thread: [53,0,0] Assertion `srcIndex < srcSelectDimSize` failed.
../aten/src/ATen/native/cuda/Indexing.cu:1146: indexSelectLargeIndex: block: [608,0,0], thread: [54,0,0] Assertion `srcIndex < srcSelectDimSize` failed.
../aten/src/ATen/native/cuda/Indexing.cu:1146: indexSelectLargeIndex: block: [608,0,0], thread: [55,0,0] Assertion `srcIndex < srcSelectDimSize` failed.
../aten/src/ATen/native/cuda/Indexing.cu:1146: indexSelectLargeIndex: block: [608,0,0], thread: [56,0,0] Assertion `srcIndex < srcSelectDimSize` failed.
../aten/src/ATen/native/cuda/Indexing.cu:1146: indexSelectLargeIndex: block: [608,0,0], thread: [57,0,0] Assertion `srcIndex < srcSelectDimSize` failed.
../aten/src/ATen/native/cuda/Indexing.cu:1146: indexSelectLargeIndex: block: [608,0,0], thread: [58,0,0] Assertion `srcIndex < srcSelectDimSize` failed.
../aten/src/ATen/native/cuda/Indexing.cu:1146: indexSelectLargeIndex: block: [608,0,0], thread: [59,0,0] Assertion `srcIndex < srcSelectDimSize` failed.
../aten/src/ATen/native/cuda/Indexing.cu:1146: indexSelectLargeIndex: block: [608,0,0], thread: [60,0,0] Assertion `srcIndex < srcSelectDimSize` failed.
../aten/src/ATen/native/cuda/Indexing.cu:1146: indexSelectLargeIndex: block: [608,0,0], thread: [61,0,0] Assertion `srcIndex < srcSelectDimSize` failed.
../aten/src/ATen/native/cuda/Indexing.cu:1146: indexSelectLargeIndex: block: [608,0,0], thread: [62,0,0] Assertion `srcIndex < srcSelectDimSize` failed.
../aten/src/ATen/native/cuda/Indexing.cu:1146: indexSelectLargeIndex: block: [608,0,0], thread: [63,0,0] Assertion `srcIndex < srcSelectDimSize` failed.
../aten/src/ATen/native/cuda/Indexing.cu:1146: indexSelectLargeIndex: block: [790,0,0], thread: [32,0,0] Assertion `srcIndex < srcSelectDimSize` failed.
../aten/src/ATen/native/cuda/Indexing.cu:1146: indexSelectLargeIndex: block: [790,0,0], thread: [33,0,0] Assertion `srcIndex < srcSelectDimSize` failed.
../aten/src/ATen/native/cuda/Indexing.cu:1146: indexSelectLargeIndex: block: [790,0,0], thread: [34,0,0] Assertion `srcIndex < srcSelectDimSize` failed.
../aten/src/ATen/native/cuda/Indexing.cu:1146: indexSelectLargeIndex: block: [790,0,0], thread: [35,0,0] Assertion `srcIndex < srcSelectDimSize` failed.
../aten/src/ATen/native/cuda/Indexing.cu:1146: indexSelectLargeIndex: block: [790,0,0], thread: [36,0,0] Assertion `srcIndex < srcSelectDimSize` failed.
../aten/src/ATen/native/cuda/Indexing.cu:1146: indexSelectLargeIndex: block: [790,0,0], thread: [37,0,0] Assertion `srcIndex < srcSelectDimSize` failed.
../aten/src/ATen/native/cuda/Indexing.cu:1146: indexSelectLargeIndex: block: [790,0,0], thread: [38,0,0] Assertion `srcIndex < srcSelectDimSize` failed.
../aten/src/ATen/native/cuda/Indexing.cu:1146: indexSelectLargeIndex: block: [790,0,0], thread: [39,0,0] Assertion `srcIndex < srcSelectDimSize` failed.
../aten/src/ATen/native/cuda/Indexing.cu:1146: indexSelectLargeIndex: block: [790,0,0], thread: [40,0,0] Assertion `srcIndex < srcSelectDimSize` failed.
../aten/src/ATen/native/cuda/Indexing.cu:1146: indexSelectLargeIndex: block: [790,0,0], thread: [41,0,0] Assertion `srcIndex < srcSelectDimSize` failed.
../aten/src/ATen/native/cuda/Indexing.cu:1146: indexSelectLargeIndex: block: [790,0,0], thread: [42,0,0] Assertion `srcIndex < srcSelectDimSize` failed.
../aten/src/ATen/native/cuda/Indexing.cu:1146: indexSelectLargeIndex: block: [790,0,0], thread: [43,0,0] Assertion `srcIndex < srcSelectDimSize` failed.
../aten/src/ATen/native/cuda/Indexing.cu:1146: indexSelectLargeIndex: block: [790,0,0], thread: [44,0,0] Assertion `srcIndex < srcSelectDimSize` failed.
../aten/src/ATen/native/cuda/Indexing.cu:1146: indexSelectLargeIndex: block: [790,0,0], thread: [45,0,0] Assertion `srcIndex < srcSelectDimSize` failed.
../aten/src/ATen/native/cuda/Indexing.cu:1146: indexSelectLargeIndex: block: [790,0,0], thread: [46,0,0] Assertion `srcIndex < srcSelectDimSize` failed.
../aten/src/ATen/native/cuda/Indexing.cu:1146: indexSelectLargeIndex: block: [790,0,0], thread: [47,0,0] Assertion `srcIndex < srcSelectDimSize` failed.
../aten/src/ATen/native/cuda/Indexing.cu:1146: indexSelectLargeIndex: block: [790,0,0], thread: [48,0,0] Assertion `srcIndex < srcSelectDimSize` failed.
../aten/src/ATen/native/cuda/Indexing.cu:1146: indexSelectLargeIndex: block: [790,0,0], thread: [49,0,0] Assertion `srcIndex < srcSelectDimSize` failed.
../aten/src/ATen/native/cuda/Indexing.cu:1146: indexSelectLargeIndex: block: [790,0,0], thread: [50,0,0] Assertion `srcIndex < srcSelectDimSize` failed.
../aten/src/ATen/native/cuda/Indexing.cu:1146: indexSelectLargeIndex: block: [790,0,0], thread: [51,0,0] Assertion `srcIndex < srcSelectDimSize` failed.
../aten/src/ATen/native/cuda/Indexing.cu:1146: indexSelectLargeIndex: block: [790,0,0], thread: [52,0,0] Assertion `srcIndex < srcSelectDimSize` failed.
../aten/src/ATen/native/cuda/Indexing.cu:1146: indexSelectLargeIndex: block: [790,0,0], thread: [53,0,0] Assertion `srcIndex < srcSelectDimSize` failed.
../aten/src/ATen/native/cuda/Indexing.cu:1146: indexSelectLargeIndex: block: [790,0,0], thread: [54,0,0] Assertion `srcIndex < srcSelectDimSize` failed.
../aten/src/ATen/native/cuda/Indexing.cu:1146: indexSelectLargeIndex: block: [790,0,0], thread: [55,0,0] Assertion `srcIndex < srcSelectDimSize` failed.
../aten/src/ATen/native/cuda/Indexing.cu:1146: indexSelectLargeIndex: block: [790,0,0], thread: [56,0,0] Assertion `srcIndex < srcSelectDimSize` failed.
../aten/src/ATen/native/cuda/Indexing.cu:1146: indexSelectLargeIndex: block: [790,0,0], thread: [57,0,0] Assertion `srcIndex < srcSelectDimSize` failed.
../aten/src/ATen/native/cuda/Indexing.cu:1146: indexSelectLargeIndex: block: [790,0,0], thread: [58,0,0] Assertion `srcIndex < srcSelectDimSize` failed.
../aten/src/ATen/native/cuda/Indexing.cu:1146: indexSelectLargeIndex: block: [790,0,0], thread: [59,0,0] Assertion `srcIndex < srcSelectDimSize` failed.
../aten/src/ATen/native/cuda/Indexing.cu:1146: indexSelectLargeIndex: block: [790,0,0], thread: [60,0,0] Assertion `srcIndex < srcSelectDimSize` failed.
../aten/src/ATen/native/cuda/Indexing.cu:1146: indexSelectLargeIndex: block: [790,0,0], thread: [61,0,0] Assertion `srcIndex < srcSelectDimSize` failed.
../aten/src/ATen/native/cuda/Indexing.cu:1146: indexSelectLargeIndex: block: [790,0,0], thread: [62,0,0] Assertion `srcIndex < srcSelectDimSize` failed.
../aten/src/ATen/native/cuda/Indexing.cu:1146: indexSelectLargeIndex: block: [790,0,0], thread: [63,0,0] Assertion `srcIndex < srcSelectDimSize` failed.
../aten/src/ATen/native/cuda/Indexing.cu:1146: indexSelectLargeIndex: block: [790,0,0], thread: [64,0,0] Assertion `srcIndex < srcSelectDimSize` failed.
../aten/src/ATen/native/cuda/Indexing.cu:1146: indexSelectLargeIndex: block: [790,0,0], thread: [65,0,0] Assertion `srcIndex < srcSelectDimSize` failed.
../aten/src/ATen/native/cuda/Indexing.cu:1146: indexSelectLargeIndex: block: [790,0,0], thread: [66,0,0] Assertion `srcIndex < srcSelectDimSize` failed.
../aten/src/ATen/native/cuda/Indexing.cu:1146: indexSelectLargeIndex: block: [790,0,0], thread: [67,0,0] Assertion `srcIndex < srcSelectDimSize` failed.
../aten/src/ATen/native/cuda/Indexing.cu:1146: indexSelectLargeIndex: block: [790,0,0], thread: [68,0,0] Assertion `srcIndex < srcSelectDimSize` failed.
../aten/src/ATen/native/cuda/Indexing.cu:1146: indexSelectLargeIndex: block: [790,0,0], thread: [69,0,0] Assertion `srcIndex < srcSelectDimSize` failed.
../aten/src/ATen/native/cuda/Indexing.cu:1146: indexSelectLargeIndex: block: [790,0,0], thread: [70,0,0] Assertion `srcIndex < srcSelectDimSize` failed.
../aten/src/ATen/native/cuda/Indexing.cu:1146: indexSelectLargeIndex: block: [790,0,0], thread: [71,0,0] Assertion `srcIndex < srcSelectDimSize` failed.
../aten/src/ATen/native/cuda/Indexing.cu:1146: indexSelectLargeIndex: block: [790,0,0], thread: [72,0,0] Assertion `srcIndex < srcSelectDimSize` failed.
../aten/src/ATen/native/cuda/Indexing.cu:1146: indexSelectLargeIndex: block: [790,0,0], thread: [73,0,0] Assertion `srcIndex < srcSelectDimSize` failed.
../aten/src/ATen/native/cuda/Indexing.cu:1146: indexSelectLargeIndex: block: [790,0,0], thread: [74,0,0] Assertion `srcIndex < srcSelectDimSize` failed.
../aten/src/ATen/native/cuda/Indexing.cu:1146: indexSelectLargeIndex: block: [790,0,0], thread: [75,0,0] Assertion `srcIndex < srcSelectDimSize` failed.
../aten/src/ATen/native/cuda/Indexing.cu:1146: indexSelectLargeIndex: block: [790,0,0], thread: [76,0,0] Assertion `srcIndex < srcSelectDimSize` failed.
../aten/src/ATen/native/cuda/Indexing.cu:1146: indexSelectLargeIndex: block: [790,0,0], thread: [77,0,0] Assertion `srcIndex < srcSelectDimSize` failed.
../aten/src/ATen/native/cuda/Indexing.cu:1146: indexSelectLargeIndex: block: [790,0,0], thread: [78,0,0] Assertion `srcIndex < srcSelectDimSize` failed.
../aten/src/ATen/native/cuda/Indexing.cu:1146: indexSelectLargeIndex: block: [790,0,0], thread: [79,0,0] Assertion `srcIndex < srcSelectDimSize` failed.
../aten/src/ATen/native/cuda/Indexing.cu:1146: indexSelectLargeIndex: block: [790,0,0], thread: [80,0,0] Assertion `srcIndex < srcSelectDimSize` failed.
../aten/src/ATen/native/cuda/Indexing.cu:1146: indexSelectLargeIndex: block: [790,0,0], thread: [81,0,0] Assertion `srcIndex < srcSelectDimSize` failed.
../aten/src/ATen/native/cuda/Indexing.cu:1146: indexSelectLargeIndex: block: [790,0,0], thread: [82,0,0] Assertion `srcIndex < srcSelectDimSize` failed.
../aten/src/ATen/native/cuda/Indexing.cu:1146: indexSelectLargeIndex: block: [790,0,0], thread: [83,0,0] Assertion `srcIndex < srcSelectDimSize` failed.
../aten/src/ATen/native/cuda/Indexing.cu:1146: indexSelectLargeIndex: block: [790,0,0], thread: [84,0,0] Assertion `srcIndex < srcSelectDimSize` failed.
../aten/src/ATen/native/cuda/Indexing.cu:1146: indexSelectLargeIndex: block: [790,0,0], thread: [85,0,0] Assertion `srcIndex < srcSelectDimSize` failed.
../aten/src/ATen/native/cuda/Indexing.cu:1146: indexSelectLargeIndex: block: [790,0,0], thread: [86,0,0] Assertion `srcIndex < srcSelectDimSize` failed.
../aten/src/ATen/native/cuda/Indexing.cu:1146: indexSelectLargeIndex: block: [790,0,0], thread: [87,0,0] Assertion `srcIndex < srcSelectDimSize` failed.
../aten/src/ATen/native/cuda/Indexing.cu:1146: indexSelectLargeIndex: block: [790,0,0], thread: [88,0,0] Assertion `srcIndex < srcSelectDimSize` failed.
../aten/src/ATen/native/cuda/Indexing.cu:1146: indexSelectLargeIndex: block: [790,0,0], thread: [89,0,0] Assertion `srcIndex < srcSelectDimSize` failed.
../aten/src/ATen/native/cuda/Indexing.cu:1146: indexSelectLargeIndex: block: [790,0,0], thread: [90,0,0] Assertion `srcIndex < srcSelectDimSize` failed.
../aten/src/ATen/native/cuda/Indexing.cu:1146: indexSelectLargeIndex: block: [790,0,0], thread: [91,0,0] Assertion `srcIndex < srcSelectDimSize` failed.
../aten/src/ATen/native/cuda/Indexing.cu:1146: indexSelectLargeIndex: block: [790,0,0], thread: [92,0,0] Assertion `srcIndex < srcSelectDimSize` failed.
../aten/src/ATen/native/cuda/Indexing.cu:1146: indexSelectLargeIndex: block: [790,0,0], thread: [93,0,0] Assertion `srcIndex < srcSelectDimSize` failed.
../aten/src/ATen/native/cuda/Indexing.cu:1146: indexSelectLargeIndex: block: [790,0,0], thread: [94,0,0] Assertion `srcIndex < srcSelectDimSize` failed.
../aten/src/ATen/native/cuda/Indexing.cu:1146: indexSelectLargeIndex: block: [790,0,0], thread: [95,0,0] Assertion `srcIndex < srcSelectDimSize` failed.
../aten/src/ATen/native/cuda/Indexing.cu:1146: indexSelectLargeIndex: block: [790,0,0], thread: [0,0,0] Assertion `srcIndex < srcSelectDimSize` failed.
../aten/src/ATen/native/cuda/Indexing.cu:1146: indexSelectLargeIndex: block: [790,0,0], thread: [1,0,0] Assertion `srcIndex < srcSelectDimSize` failed.
../aten/src/ATen/native/cuda/Indexing.cu:1146: indexSelectLargeIndex: block: [790,0,0], thread: [2,0,0] Assertion `srcIndex < srcSelectDimSize` failed.
../aten/src/ATen/native/cuda/Indexing.cu:1146: indexSelectLargeIndex: block: [790,0,0], thread: [3,0,0] Assertion `srcIndex < srcSelectDimSize` failed.
../aten/src/ATen/native/cuda/Indexing.cu:1146: indexSelectLargeIndex: block: [790,0,0], thread: [4,0,0] Assertion `srcIndex < srcSelectDimSize` failed.
../aten/src/ATen/native/cuda/Indexing.cu:1146: indexSelectLargeIndex: block: [790,0,0], thread: [5,0,0] Assertion `srcIndex < srcSelectDimSize` failed.
../aten/src/ATen/native/cuda/Indexing.cu:1146: indexSelectLargeIndex: block: [790,0,0], thread: [6,0,0] Assertion `srcIndex < srcSelectDimSize` failed.
../aten/src/ATen/native/cuda/Indexing.cu:1146: indexSelectLargeIndex: block: [790,0,0], thread: [7,0,0] Assertion `srcIndex < srcSelectDimSize` failed.
../aten/src/ATen/native/cuda/Indexing.cu:1146: indexSelectLargeIndex: block: [790,0,0], thread: [8,0,0] Assertion `srcIndex < srcSelectDimSize` failed.
../aten/src/ATen/native/cuda/Indexing.cu:1146: indexSelectLargeIndex: block: [790,0,0], thread: [9,0,0] Assertion `srcIndex < srcSelectDimSize` failed.
../aten/src/ATen/native/cuda/Indexing.cu:1146: indexSelectLargeIndex: block: [790,0,0], thread: [10,0,0] Assertion `srcIndex < srcSelectDimSize` failed.
../aten/src/ATen/native/cuda/Indexing.cu:1146: indexSelectLargeIndex: block: [790,0,0], thread: [11,0,0] Assertion `srcIndex < srcSelectDimSize` failed.
../aten/src/ATen/native/cuda/Indexing.cu:1146: indexSelectLargeIndex: block: [790,0,0], thread: [12,0,0] Assertion `srcIndex < srcSelectDimSize` failed.
../aten/src/ATen/native/cuda/Indexing.cu:1146: indexSelectLargeIndex: block: [790,0,0], thread: [13,0,0] Assertion `srcIndex < srcSelectDimSize` failed.
../aten/src/ATen/native/cuda/Indexing.cu:1146: indexSelectLargeIndex: block: [790,0,0], thread: [14,0,0] Assertion `srcIndex < srcSelectDimSize` failed.
../aten/src/ATen/native/cuda/Indexing.cu:1146: indexSelectLargeIndex: block: [790,0,0], thread: [15,0,0] Assertion `srcIndex < srcSelectDimSize` failed.
../aten/src/ATen/native/cuda/Indexing.cu:1146: indexSelectLargeIndex: block: [790,0,0], thread: [16,0,0] Assertion `srcIndex < srcSelectDimSize` failed.
../aten/src/ATen/native/cuda/Indexing.cu:1146: indexSelectLargeIndex: block: [790,0,0], thread: [17,0,0] Assertion `srcIndex < srcSelectDimSize` failed.
../aten/src/ATen/native/cuda/Indexing.cu:1146: indexSelectLargeIndex: block: [790,0,0], thread: [18,0,0] Assertion `srcIndex < srcSelectDimSize` failed.
../aten/src/ATen/native/cuda/Indexing.cu:1146: indexSelectLargeIndex: block: [790,0,0], thread: [19,0,0] Assertion `srcIndex < srcSelectDimSize` failed.
../aten/src/ATen/native/cuda/Indexing.cu:1146: indexSelectLargeIndex: block: [790,0,0], thread: [20,0,0] Assertion `srcIndex < srcSelectDimSize` failed.
../aten/src/ATen/native/cuda/Indexing.cu:1146: indexSelectLargeIndex: block: [790,0,0], thread: [21,0,0] Assertion `srcIndex < srcSelectDimSize` failed.
../aten/src/ATen/native/cuda/Indexing.cu:1146: indexSelectLargeIndex: block: [790,0,0], thread: [22,0,0] Assertion `srcIndex < srcSelectDimSize` failed.
../aten/src/ATen/native/cuda/Indexing.cu:1146: indexSelectLargeIndex: block: [790,0,0], thread: [23,0,0] Assertion `srcIndex < srcSelectDimSize` failed.
../aten/src/ATen/native/cuda/Indexing.cu:1146: indexSelectLargeIndex: block: [790,0,0], thread: [24,0,0] Assertion `srcIndex < srcSelectDimSize` failed.
../aten/src/ATen/native/cuda/Indexing.cu:1146: indexSelectLargeIndex: block: [790,0,0], thread: [25,0,0] Assertion `srcIndex < srcSelectDimSize` failed.
../aten/src/ATen/native/cuda/Indexing.cu:1146: indexSelectLargeIndex: block: [790,0,0], thread: [26,0,0] Assertion `srcIndex < srcSelectDimSize` failed.
../aten/src/ATen/native/cuda/Indexing.cu:1146: indexSelectLargeIndex: block: [790,0,0], thread: [27,0,0] Assertion `srcIndex < srcSelectDimSize` failed.
../aten/src/ATen/native/cuda/Indexing.cu:1146: indexSelectLargeIndex: block: [790,0,0], thread: [28,0,0] Assertion `srcIndex < srcSelectDimSize` failed.
../aten/src/ATen/native/cuda/Indexing.cu:1146: indexSelectLargeIndex: block: [790,0,0], thread: [29,0,0] Assertion `srcIndex < srcSelectDimSize` failed.
../aten/src/ATen/native/cuda/Indexing.cu:1146: indexSelectLargeIndex: block: [790,0,0], thread: [30,0,0] Assertion `srcIndex < srcSelectDimSize` failed.
../aten/src/ATen/native/cuda/Indexing.cu:1146: indexSelectLargeIndex: block: [790,0,0], thread: [31,0,0] Assertion `srcIndex < srcSelectDimSize` failed.
../aten/src/ATen/native/cuda/Indexing.cu:1146: indexSelectLargeIndex: block: [682,0,0], thread: [32,0,0] Assertion `srcIndex < srcSelectDimSize` failed.
../aten/src/ATen/native/cuda/Indexing.cu:1146: indexSelectLargeIndex: block: [682,0,0], thread: [33,0,0] Assertion `srcIndex < srcSelectDimSize` failed.
../aten/src/ATen/native/cuda/Indexing.cu:1146: indexSelectLargeIndex: block: [682,0,0], thread: [34,0,0] Assertion `srcIndex < srcSelectDimSize` failed.
../aten/src/ATen/native/cuda/Indexing.cu:1146: indexSelectLargeIndex: block: [682,0,0], thread: [35,0,0] Assertion `srcIndex < srcSelectDimSize` failed.
../aten/src/ATen/native/cuda/Indexing.cu:1146: indexSelectLargeIndex: block: [682,0,0], thread: [36,0,0] Assertion `srcIndex < srcSelectDimSize` failed.
../aten/src/ATen/native/cuda/Indexing.cu:1146: indexSelectLargeIndex: block: [682,0,0], thread: [37,0,0] Assertion `srcIndex < srcSelectDimSize` failed.
../aten/src/ATen/native/cuda/Indexing.cu:1146: indexSelectLargeIndex: block: [682,0,0], thread: [38,0,0] Assertion `srcIndex < srcSelectDimSize` failed.
../aten/src/ATen/native/cuda/Indexing.cu:1146: indexSelectLargeIndex: block: [682,0,0], thread: [39,0,0] Assertion `srcIndex < srcSelectDimSize` failed.
../aten/src/ATen/native/cuda/Indexing.cu:1146: indexSelectLargeIndex: block: [682,0,0], thread: [40,0,0] Assertion `srcIndex < srcSelectDimSize` failed.
../aten/src/ATen/native/cuda/Indexing.cu:1146: indexSelectLargeIndex: block: [682,0,0], thread: [41,0,0] Assertion `srcIndex < srcSelectDimSize` failed.
../aten/src/ATen/native/cuda/Indexing.cu:1146: indexSelectLargeIndex: block: [682,0,0], thread: [42,0,0] Assertion `srcIndex < srcSelectDimSize` failed.
../aten/src/ATen/native/cuda/Indexing.cu:1146: indexSelectLargeIndex: block: [682,0,0], thread: [43,0,0] Assertion `srcIndex < srcSelectDimSize` failed.
../aten/src/ATen/native/cuda/Indexing.cu:1146: indexSelectLargeIndex: block: [682,0,0], thread: [44,0,0] Assertion `srcIndex < srcSelectDimSize` failed.
../aten/src/ATen/native/cuda/Indexing.cu:1146: indexSelectLargeIndex: block: [682,0,0], thread: [45,0,0] Assertion `srcIndex < srcSelectDimSize` failed.
../aten/src/ATen/native/cuda/Indexing.cu:1146: indexSelectLargeIndex: block: [682,0,0], thread: [46,0,0] Assertion `srcIndex < srcSelectDimSize` failed.
../aten/src/ATen/native/cuda/Indexing.cu:1146: indexSelectLargeIndex: block: [682,0,0], thread: [47,0,0] Assertion `srcIndex < srcSelectDimSize` failed.
../aten/src/ATen/native/cuda/Indexing.cu:1146: indexSelectLargeIndex: block: [682,0,0], thread: [48,0,0] Assertion `srcIndex < srcSelectDimSize` failed.
../aten/src/ATen/native/cuda/Indexing.cu:1146: indexSelectLargeIndex: block: [682,0,0], thread: [49,0,0] Assertion `srcIndex < srcSelectDimSize` failed.
../aten/src/ATen/native/cuda/Indexing.cu:1146: indexSelectLargeIndex: block: [682,0,0], thread: [50,0,0] Assertion `srcIndex < srcSelectDimSize` failed.
../aten/src/ATen/native/cuda/Indexing.cu:1146: indexSelectLargeIndex: block: [682,0,0], thread: [51,0,0] Assertion `srcIndex < srcSelectDimSize` failed.
../aten/src/ATen/native/cuda/Indexing.cu:1146: indexSelectLargeIndex: block: [682,0,0], thread: [52,0,0] Assertion `srcIndex < srcSelectDimSize` failed.
../aten/src/ATen/native/cuda/Indexing.cu:1146: indexSelectLargeIndex: block: [682,0,0], thread: [53,0,0] Assertion `srcIndex < srcSelectDimSize` failed.
../aten/src/ATen/native/cuda/Indexing.cu:1146: indexSelectLargeIndex: block: [682,0,0], thread: [54,0,0] Assertion `srcIndex < srcSelectDimSize` failed.
../aten/src/ATen/native/cuda/Indexing.cu:1146: indexSelectLargeIndex: block: [682,0,0], thread: [55,0,0] Assertion `srcIndex < srcSelectDimSize` failed.
../aten/src/ATen/native/cuda/Indexing.cu:1146: indexSelectLargeIndex: block: [682,0,0], thread: [56,0,0] Assertion `srcIndex < srcSelectDimSize` failed.
../aten/src/ATen/native/cuda/Indexing.cu:1146: indexSelectLargeIndex: block: [682,0,0], thread: [57,0,0] Assertion `srcIndex < srcSelectDimSize` failed.
../aten/src/ATen/native/cuda/Indexing.cu:1146: indexSelectLargeIndex: block: [682,0,0], thread: [58,0,0] Assertion `srcIndex < srcSelectDimSize` failed.
../aten/src/ATen/native/cuda/Indexing.cu:1146: indexSelectLargeIndex: block: [682,0,0], thread: [59,0,0] Assertion `srcIndex < srcSelectDimSize` failed.
../aten/src/ATen/native/cuda/Indexing.cu:1146: indexSelectLargeIndex: block: [682,0,0], thread: [60,0,0] Assertion `srcIndex < srcSelectDimSize` failed.
../aten/src/ATen/native/cuda/Indexing.cu:1146: indexSelectLargeIndex: block: [682,0,0], thread: [61,0,0] Assertion `srcIndex < srcSelectDimSize` failed.
../aten/src/ATen/native/cuda/Indexing.cu:1146: indexSelectLargeIndex: block: [682,0,0], thread: [62,0,0] Assertion `srcIndex < srcSelectDimSize` failed.
../aten/src/ATen/native/cuda/Indexing.cu:1146: indexSelectLargeIndex: block: [682,0,0], thread: [63,0,0] Assertion `srcIndex < srcSelectDimSize` failed.
../aten/src/ATen/native/cuda/Indexing.cu:1146: indexSelectLargeIndex: block: [682,0,0], thread: [64,0,0] Assertion `srcIndex < srcSelectDimSize` failed.
../aten/src/ATen/native/cuda/Indexing.cu:1146: indexSelectLargeIndex: block: [682,0,0], thread: [65,0,0] Assertion `srcIndex < srcSelectDimSize` failed.
../aten/src/ATen/native/cuda/Indexing.cu:1146: indexSelectLargeIndex: block: [682,0,0], thread: [66,0,0] Assertion `srcIndex < srcSelectDimSize` failed.
../aten/src/ATen/native/cuda/Indexing.cu:1146: indexSelectLargeIndex: block: [682,0,0], thread: [67,0,0] Assertion `srcIndex < srcSelectDimSize` failed.
../aten/src/ATen/native/cuda/Indexing.cu:1146: indexSelectLargeIndex: block: [682,0,0], thread: [68,0,0] Assertion `srcIndex < srcSelectDimSize` failed.
../aten/src/ATen/native/cuda/Indexing.cu:1146: indexSelectLargeIndex: block: [682,0,0], thread: [69,0,0] Assertion `srcIndex < srcSelectDimSize` failed.
../aten/src/ATen/native/cuda/Indexing.cu:1146: indexSelectLargeIndex: block: [682,0,0], thread: [70,0,0] Assertion `srcIndex < srcSelectDimSize` failed.
../aten/src/ATen/native/cuda/Indexing.cu:1146: indexSelectLargeIndex: block: [682,0,0], thread: [71,0,0] Assertion `srcIndex < srcSelectDimSize` failed.
../aten/src/ATen/native/cuda/Indexing.cu:1146: indexSelectLargeIndex: block: [682,0,0], thread: [72,0,0] Assertion `srcIndex < srcSelectDimSize` failed.
../aten/src/ATen/native/cuda/Indexing.cu:1146: indexSelectLargeIndex: block: [682,0,0], thread: [73,0,0] Assertion `srcIndex < srcSelectDimSize` failed.
../aten/src/ATen/native/cuda/Indexing.cu:1146: indexSelectLargeIndex: block: [682,0,0], thread: [74,0,0] Assertion `srcIndex < srcSelectDimSize` failed.
../aten/src/ATen/native/cuda/Indexing.cu:1146: indexSelectLargeIndex: block: [682,0,0], thread: [75,0,0] Assertion `srcIndex < srcSelectDimSize` failed.
../aten/src/ATen/native/cuda/Indexing.cu:1146: indexSelectLargeIndex: block: [682,0,0], thread: [76,0,0] Assertion `srcIndex < srcSelectDimSize` failed.
../aten/src/ATen/native/cuda/Indexing.cu:1146: indexSelectLargeIndex: block: [682,0,0], thread: [77,0,0] Assertion `srcIndex < srcSelectDimSize` failed.
../aten/src/ATen/native/cuda/Indexing.cu:1146: indexSelectLargeIndex: block: [682,0,0], thread: [78,0,0] Assertion `srcIndex < srcSelectDimSize` failed.
../aten/src/ATen/native/cuda/Indexing.cu:1146: indexSelectLargeIndex: block: [682,0,0], thread: [79,0,0] Assertion `srcIndex < srcSelectDimSize` failed.
../aten/src/ATen/native/cuda/Indexing.cu:1146: indexSelectLargeIndex: block: [682,0,0], thread: [80,0,0] Assertion `srcIndex < srcSelectDimSize` failed.
../aten/src/ATen/native/cuda/Indexing.cu:1146: indexSelectLargeIndex: block: [682,0,0], thread: [81,0,0] Assertion `srcIndex < srcSelectDimSize` failed.
../aten/src/ATen/native/cuda/Indexing.cu:1146: indexSelectLargeIndex: block: [682,0,0], thread: [82,0,0] Assertion `srcIndex < srcSelectDimSize` failed.
../aten/src/ATen/native/cuda/Indexing.cu:1146: indexSelectLargeIndex: block: [682,0,0], thread: [83,0,0] Assertion `srcIndex < srcSelectDimSize` failed.
../aten/src/ATen/native/cuda/Indexing.cu:1146: indexSelectLargeIndex: block: [682,0,0], thread: [84,0,0] Assertion `srcIndex < srcSelectDimSize` failed.
../aten/src/ATen/native/cuda/Indexing.cu:1146: indexSelectLargeIndex: block: [682,0,0], thread: [85,0,0] Assertion `srcIndex < srcSelectDimSize` failed.
../aten/src/ATen/native/cuda/Indexing.cu:1146: indexSelectLargeIndex: block: [682,0,0], thread: [86,0,0] Assertion `srcIndex < srcSelectDimSize` failed.
../aten/src/ATen/native/cuda/Indexing.cu:1146: indexSelectLargeIndex: block: [682,0,0], thread: [87,0,0] Assertion `srcIndex < srcSelectDimSize` failed.
../aten/src/ATen/native/cuda/Indexing.cu:1146: indexSelectLargeIndex: block: [682,0,0], thread: [88,0,0] Assertion `srcIndex < srcSelectDimSize` failed.
../aten/src/ATen/native/cuda/Indexing.cu:1146: indexSelectLargeIndex: block: [682,0,0], thread: [89,0,0] Assertion `srcIndex < srcSelectDimSize` failed.
../aten/src/ATen/native/cuda/Indexing.cu:1146: indexSelectLargeIndex: block: [682,0,0], thread: [90,0,0] Assertion `srcIndex < srcSelectDimSize` failed.
../aten/src/ATen/native/cuda/Indexing.cu:1146: indexSelectLargeIndex: block: [682,0,0], thread: [91,0,0] Assertion `srcIndex < srcSelectDimSize` failed.
../aten/src/ATen/native/cuda/Indexing.cu:1146: indexSelectLargeIndex: block: [682,0,0], thread: [92,0,0] Assertion `srcIndex < srcSelectDimSize` failed.
../aten/src/ATen/native/cuda/Indexing.cu:1146: indexSelectLargeIndex: block: [682,0,0], thread: [93,0,0] Assertion `srcIndex < srcSelectDimSize` failed.
../aten/src/ATen/native/cuda/Indexing.cu:1146: indexSelectLargeIndex: block: [682,0,0], thread: [94,0,0] Assertion `srcIndex < srcSelectDimSize` failed.
../aten/src/ATen/native/cuda/Indexing.cu:1146: indexSelectLargeIndex: block: [682,0,0], thread: [95,0,0] Assertion `srcIndex < srcSelectDimSize` failed.
../aten/src/ATen/native/cuda/Indexing.cu:1146: indexSelectLargeIndex: block: [682,0,0], thread: [96,0,0] Assertion `srcIndex < srcSelectDimSize` failed.
../aten/src/ATen/native/cuda/Indexing.cu:1146: indexSelectLargeIndex: block: [682,0,0], thread: [97,0,0] Assertion `srcIndex < srcSelectDimSize` failed.
../aten/src/ATen/native/cuda/Indexing.cu:1146: indexSelectLargeIndex: block: [682,0,0], thread: [98,0,0] Assertion `srcIndex < srcSelectDimSize` failed.
../aten/src/ATen/native/cuda/Indexing.cu:1146: indexSelectLargeIndex: block: [682,0,0], thread: [99,0,0] Assertion `srcIndex < srcSelectDimSize` failed.
../aten/src/ATen/native/cuda/Indexing.cu:1146: indexSelectLargeIndex: block: [682,0,0], thread: [100,0,0] Assertion `srcIndex < srcSelectDimSize` failed.
../aten/src/ATen/native/cuda/Indexing.cu:1146: indexSelectLargeIndex: block: [682,0,0], thread: [101,0,0] Assertion `srcIndex < srcSelectDimSize` failed.
../aten/src/ATen/native/cuda/Indexing.cu:1146: indexSelectLargeIndex: block: [682,0,0], thread: [102,0,0] Assertion `srcIndex < srcSelectDimSize` failed.
../aten/src/ATen/native/cuda/Indexing.cu:1146: indexSelectLargeIndex: block: [682,0,0], thread: [103,0,0] Assertion `srcIndex < srcSelectDimSize` failed.
../aten/src/ATen/native/cuda/Indexing.cu:1146: indexSelectLargeIndex: block: [682,0,0], thread: [104,0,0] Assertion `srcIndex < srcSelectDimSize` failed.
../aten/src/ATen/native/cuda/Indexing.cu:1146: indexSelectLargeIndex: block: [682,0,0], thread: [105,0,0] Assertion `srcIndex < srcSelectDimSize` failed.
../aten/src/ATen/native/cuda/Indexing.cu:1146: indexSelectLargeIndex: block: [682,0,0], thread: [106,0,0] Assertion `srcIndex < srcSelectDimSize` failed.
../aten/src/ATen/native/cuda/Indexing.cu:1146: indexSelectLargeIndex: block: [682,0,0], thread: [107,0,0] Assertion `srcIndex < srcSelectDimSize` failed.
../aten/src/ATen/native/cuda/Indexing.cu:1146: indexSelectLargeIndex: block: [682,0,0], thread: [108,0,0] Assertion `srcIndex < srcSelectDimSize` failed.
../aten/src/ATen/native/cuda/Indexing.cu:1146: indexSelectLargeIndex: block: [682,0,0], thread: [109,0,0] Assertion `srcIndex < srcSelectDimSize` failed.
../aten/src/ATen/native/cuda/Indexing.cu:1146: indexSelectLargeIndex: block: [682,0,0], thread: [110,0,0] Assertion `srcIndex < srcSelectDimSize` failed.
../aten/src/ATen/native/cuda/Indexing.cu:1146: indexSelectLargeIndex: block: [682,0,0], thread: [111,0,0] Assertion `srcIndex < srcSelectDimSize` failed.
../aten/src/ATen/native/cuda/Indexing.cu:1146: indexSelectLargeIndex: block: [682,0,0], thread: [112,0,0] Assertion `srcIndex < srcSelectDimSize` failed.
../aten/src/ATen/native/cuda/Indexing.cu:1146: indexSelectLargeIndex: block: [682,0,0], thread: [113,0,0] Assertion `srcIndex < srcSelectDimSize` failed.
../aten/src/ATen/native/cuda/Indexing.cu:1146: indexSelectLargeIndex: block: [682,0,0], thread: [114,0,0] Assertion `srcIndex < srcSelectDimSize` failed.
../aten/src/ATen/native/cuda/Indexing.cu:1146: indexSelectLargeIndex: block: [682,0,0], thread: [115,0,0] Assertion `srcIndex < srcSelectDimSize` failed.
../aten/src/ATen/native/cuda/Indexing.cu:1146: indexSelectLargeIndex: block: [682,0,0], thread: [116,0,0] Assertion `srcIndex < srcSelectDimSize` failed.
../aten/src/ATen/native/cuda/Indexing.cu:1146: indexSelectLargeIndex: block: [682,0,0], thread: [117,0,0] Assertion `srcIndex < srcSelectDimSize` failed.
../aten/src/ATen/native/cuda/Indexing.cu:1146: indexSelectLargeIndex: block: [682,0,0], thread: [118,0,0] Assertion `srcIndex < srcSelectDimSize` failed.
../aten/src/ATen/native/cuda/Indexing.cu:1146: indexSelectLargeIndex: block: [682,0,0], thread: [119,0,0] Assertion `srcIndex < srcSelectDimSize` failed.
../aten/src/ATen/native/cuda/Indexing.cu:1146: indexSelectLargeIndex: block: [682,0,0], thread: [120,0,0] Assertion `srcIndex < srcSelectDimSize` failed.
../aten/src/ATen/native/cuda/Indexing.cu:1146: indexSelectLargeIndex: block: [682,0,0], thread: [121,0,0] Assertion `srcIndex < srcSelectDimSize` failed.
../aten/src/ATen/native/cuda/Indexing.cu:1146: indexSelectLargeIndex: block: [682,0,0], thread: [122,0,0] Assertion `srcIndex < srcSelectDimSize` failed.
../aten/src/ATen/native/cuda/Indexing.cu:1146: indexSelectLargeIndex: block: [682,0,0], thread: [123,0,0] Assertion `srcIndex < srcSelectDimSize` failed.
../aten/src/ATen/native/cuda/Indexing.cu:1146: indexSelectLargeIndex: block: [682,0,0], thread: [124,0,0] Assertion `srcIndex < srcSelectDimSize` failed.
../aten/src/ATen/native/cuda/Indexing.cu:1146: indexSelectLargeIndex: block: [682,0,0], thread: [125,0,0] Assertion `srcIndex < srcSelectDimSize` failed.
../aten/src/ATen/native/cuda/Indexing.cu:1146: indexSelectLargeIndex: block: [682,0,0], thread: [126,0,0] Assertion `srcIndex < srcSelectDimSize` failed.
../aten/src/ATen/native/cuda/Indexing.cu:1146: indexSelectLargeIndex: block: [682,0,0], thread: [127,0,0] Assertion `srcIndex < srcSelectDimSize` failed.
../aten/src/ATen/native/cuda/Indexing.cu:1146: indexSelectLargeIndex: block: [762,0,0], thread: [64,0,0] Assertion `srcIndex < srcSelectDimSize` failed.
../aten/src/ATen/native/cuda/Indexing.cu:1146: indexSelectLargeIndex: block: [762,0,0], thread: [65,0,0] Assertion `srcIndex < srcSelectDimSize` failed.
../aten/src/ATen/native/cuda/Indexing.cu:1146: indexSelectLargeIndex: block: [762,0,0], thread: [66,0,0] Assertion `srcIndex < srcSelectDimSize` failed.
../aten/src/ATen/native/cuda/Indexing.cu:1146: indexSelectLargeIndex: block: [762,0,0], thread: [67,0,0] Assertion `srcIndex < srcSelectDimSize` failed.
../aten/src/ATen/native/cuda/Indexing.cu:1146: indexSelectLargeIndex: block: [762,0,0], thread: [68,0,0] Assertion `srcIndex < srcSelectDimSize` failed.
../aten/src/ATen/native/cuda/Indexing.cu:1146: indexSelectLargeIndex: block: [762,0,0], thread: [69,0,0] Assertion `srcIndex < srcSelectDimSize` failed.
../aten/src/ATen/native/cuda/Indexing.cu:1146: indexSelectLargeIndex: block: [762,0,0], thread: [70,0,0] Assertion `srcIndex < srcSelectDimSize` failed.
../aten/src/ATen/native/cuda/Indexing.cu:1146: indexSelectLargeIndex: block: [762,0,0], thread: [71,0,0] Assertion `srcIndex < srcSelectDimSize` failed.
../aten/src/ATen/native/cuda/Indexing.cu:1146: indexSelectLargeIndex: block: [762,0,0], thread: [72,0,0] Assertion `srcIndex < srcSelectDimSize` failed.
../aten/src/ATen/native/cuda/Indexing.cu:1146: indexSelectLargeIndex: block: [762,0,0], thread: [73,0,0] Assertion `srcIndex < srcSelectDimSize` failed.
../aten/src/ATen/native/cuda/Indexing.cu:1146: indexSelectLargeIndex: block: [762,0,0], thread: [74,0,0] Assertion `srcIndex < srcSelectDimSize` failed.
../aten/src/ATen/native/cuda/Indexing.cu:1146: indexSelectLargeIndex: block: [762,0,0], thread: [75,0,0] Assertion `srcIndex < srcSelectDimSize` failed.
../aten/src/ATen/native/cuda/Indexing.cu:1146: indexSelectLargeIndex: block: [762,0,0], thread: [76,0,0] Assertion `srcIndex < srcSelectDimSize` failed.
../aten/src/ATen/native/cuda/Indexing.cu:1146: indexSelectLargeIndex: block: [762,0,0], thread: [77,0,0] Assertion `srcIndex < srcSelectDimSize` failed.
../aten/src/ATen/native/cuda/Indexing.cu:1146: indexSelectLargeIndex: block: [762,0,0], thread: [78,0,0] Assertion `srcIndex < srcSelectDimSize` failed.
../aten/src/ATen/native/cuda/Indexing.cu:1146: indexSelectLargeIndex: block: [762,0,0], thread: [79,0,0] Assertion `srcIndex < srcSelectDimSize` failed.
../aten/src/ATen/native/cuda/Indexing.cu:1146: indexSelectLargeIndex: block: [762,0,0], thread: [80,0,0] Assertion `srcIndex < srcSelectDimSize` failed.
../aten/src/ATen/native/cuda/Indexing.cu:1146: indexSelectLargeIndex: block: [762,0,0], thread: [81,0,0] Assertion `srcIndex < srcSelectDimSize` failed.
../aten/src/ATen/native/cuda/Indexing.cu:1146: indexSelectLargeIndex: block: [762,0,0], thread: [82,0,0] Assertion `srcIndex < srcSelectDimSize` failed.
../aten/src/ATen/native/cuda/Indexing.cu:1146: indexSelectLargeIndex: block: [762,0,0], thread: [83,0,0] Assertion `srcIndex < srcSelectDimSize` failed.
../aten/src/ATen/native/cuda/Indexing.cu:1146: indexSelectLargeIndex: block: [762,0,0], thread: [84,0,0] Assertion `srcIndex < srcSelectDimSize` failed.
../aten/src/ATen/native/cuda/Indexing.cu:1146: indexSelectLargeIndex: block: [762,0,0], thread: [85,0,0] Assertion `srcIndex < srcSelectDimSize` failed.
../aten/src/ATen/native/cuda/Indexing.cu:1146: indexSelectLargeIndex: block: [762,0,0], thread: [86,0,0] Assertion `srcIndex < srcSelectDimSize` failed.
../aten/src/ATen/native/cuda/Indexing.cu:1146: indexSelectLargeIndex: block: [762,0,0], thread: [87,0,0] Assertion `srcIndex < srcSelectDimSize` failed.
../aten/src/ATen/native/cuda/Indexing.cu:1146: indexSelectLargeIndex: block: [762,0,0], thread: [88,0,0] Assertion `srcIndex < srcSelectDimSize` failed.
../aten/src/ATen/native/cuda/Indexing.cu:1146: indexSelectLargeIndex: block: [762,0,0], thread: [89,0,0] Assertion `srcIndex < srcSelectDimSize` failed.
../aten/src/ATen/native/cuda/Indexing.cu:1146: indexSelectLargeIndex: block: [762,0,0], thread: [90,0,0] Assertion `srcIndex < srcSelectDimSize` failed.
../aten/src/ATen/native/cuda/Indexing.cu:1146: indexSelectLargeIndex: block: [762,0,0], thread: [91,0,0] Assertion `srcIndex < srcSelectDimSize` failed.
../aten/src/ATen/native/cuda/Indexing.cu:1146: indexSelectLargeIndex: block: [762,0,0], thread: [92,0,0] Assertion `srcIndex < srcSelectDimSize` failed.
../aten/src/ATen/native/cuda/Indexing.cu:1146: indexSelectLargeIndex: block: [762,0,0], thread: [93,0,0] Assertion `srcIndex < srcSelectDimSize` failed.
../aten/src/ATen/native/cuda/Indexing.cu:1146: indexSelectLargeIndex: block: [762,0,0], thread: [94,0,0] Assertion `srcIndex < srcSelectDimSize` failed.
../aten/src/ATen/native/cuda/Indexing.cu:1146: indexSelectLargeIndex: block: [762,0,0], thread: [95,0,0] Assertion `srcIndex < srcSelectDimSize` failed.
../aten/src/ATen/native/cuda/Indexing.cu:1146: indexSelectLargeIndex: block: [762,0,0], thread: [0,0,0] Assertion `srcIndex < srcSelectDimSize` failed.
../aten/src/ATen/native/cuda/Indexing.cu:1146: indexSelectLargeIndex: block: [762,0,0], thread: [1,0,0] Assertion `srcIndex < srcSelectDimSize` failed.
../aten/src/ATen/native/cuda/Indexing.cu:1146: indexSelectLargeIndex: block: [762,0,0], thread: [2,0,0] Assertion `srcIndex < srcSelectDimSize` failed.
../aten/src/ATen/native/cuda/Indexing.cu:1146: indexSelectLargeIndex: block: [762,0,0], thread: [3,0,0] Assertion `srcIndex < srcSelectDimSize` failed.
../aten/src/ATen/native/cuda/Indexing.cu:1146: indexSelectLargeIndex: block: [762,0,0], thread: [4,0,0] Assertion `srcIndex < srcSelectDimSize` failed.
../aten/src/ATen/native/cuda/Indexing.cu:1146: indexSelectLargeIndex: block: [762,0,0], thread: [5,0,0] Assertion `srcIndex < srcSelectDimSize` failed.
../aten/src/ATen/native/cuda/Indexing.cu:1146: indexSelectLargeIndex: block: [762,0,0], thread: [6,0,0] Assertion `srcIndex < srcSelectDimSize` failed.
../aten/src/ATen/native/cuda/Indexing.cu:1146: indexSelectLargeIndex: block: [762,0,0], thread: [7,0,0] Assertion `srcIndex < srcSelectDimSize` failed.
../aten/src/ATen/native/cuda/Indexing.cu:1146: indexSelectLargeIndex: block: [762,0,0], thread: [8,0,0] Assertion `srcIndex < srcSelectDimSize` failed.
../aten/src/ATen/native/cuda/Indexing.cu:1146: indexSelectLargeIndex: block: [762,0,0], thread: [9,0,0] Assertion `srcIndex < srcSelectDimSize` failed.
../aten/src/ATen/native/cuda/Indexing.cu:1146: indexSelectLargeIndex: block: [762,0,0], thread: [10,0,0] Assertion `srcIndex < srcSelectDimSize` failed.
../aten/src/ATen/native/cuda/Indexing.cu:1146: indexSelectLargeIndex: block: [762,0,0], thread: [11,0,0] Assertion `srcIndex < srcSelectDimSize` failed.
../aten/src/ATen/native/cuda/Indexing.cu:1146: indexSelectLargeIndex: block: [762,0,0], thread: [12,0,0] Assertion `srcIndex < srcSelectDimSize` failed.
../aten/src/ATen/native/cuda/Indexing.cu:1146: indexSelectLargeIndex: block: [762,0,0], thread: [13,0,0] Assertion `srcIndex < srcSelectDimSize` failed.
../aten/src/ATen/native/cuda/Indexing.cu:1146: indexSelectLargeIndex: block: [762,0,0], thread: [14,0,0] Assertion `srcIndex < srcSelectDimSize` failed.
../aten/src/ATen/native/cuda/Indexing.cu:1146: indexSelectLargeIndex: block: [762,0,0], thread: [15,0,0] Assertion `srcIndex < srcSelectDimSize` failed.
../aten/src/ATen/native/cuda/Indexing.cu:1146: indexSelectLargeIndex: block: [762,0,0], thread: [16,0,0] Assertion `srcIndex < srcSelectDimSize` failed.
../aten/src/ATen/native/cuda/Indexing.cu:1146: indexSelectLargeIndex: block: [762,0,0], thread: [17,0,0] Assertion `srcIndex < srcSelectDimSize` failed.
../aten/src/ATen/native/cuda/Indexing.cu:1146: indexSelectLargeIndex: block: [762,0,0], thread: [18,0,0] Assertion `srcIndex < srcSelectDimSize` failed.
../aten/src/ATen/native/cuda/Indexing.cu:1146: indexSelectLargeIndex: block: [762,0,0], thread: [19,0,0] Assertion `srcIndex < srcSelectDimSize` failed.
../aten/src/ATen/native/cuda/Indexing.cu:1146: indexSelectLargeIndex: block: [762,0,0], thread: [20,0,0] Assertion `srcIndex < srcSelectDimSize` failed.
../aten/src/ATen/native/cuda/Indexing.cu:1146: indexSelectLargeIndex: block: [762,0,0], thread: [21,0,0] Assertion `srcIndex < srcSelectDimSize` failed.
../aten/src/ATen/native/cuda/Indexing.cu:1146: indexSelectLargeIndex: block: [762,0,0], thread: [22,0,0] Assertion `srcIndex < srcSelectDimSize` failed.
../aten/src/ATen/native/cuda/Indexing.cu:1146: indexSelectLargeIndex: block: [762,0,0], thread: [23,0,0] Assertion `srcIndex < srcSelectDimSize` failed.
../aten/src/ATen/native/cuda/Indexing.cu:1146: indexSelectLargeIndex: block: [762,0,0], thread: [24,0,0] Assertion `srcIndex < srcSelectDimSize` failed.
../aten/src/ATen/native/cuda/Indexing.cu:1146: indexSelectLargeIndex: block: [762,0,0], thread: [25,0,0] Assertion `srcIndex < srcSelectDimSize` failed.
../aten/src/ATen/native/cuda/Indexing.cu:1146: indexSelectLargeIndex: block: [762,0,0], thread: [26,0,0] Assertion `srcIndex < srcSelectDimSize` failed.
../aten/src/ATen/native/cuda/Indexing.cu:1146: indexSelectLargeIndex: block: [762,0,0], thread: [27,0,0] Assertion `srcIndex < srcSelectDimSize` failed.
../aten/src/ATen/native/cuda/Indexing.cu:1146: indexSelectLargeIndex: block: [762,0,0], thread: [28,0,0] Assertion `srcIndex < srcSelectDimSize` failed.
../aten/src/ATen/native/cuda/Indexing.cu:1146: indexSelectLargeIndex: block: [762,0,0], thread: [29,0,0] Assertion `srcIndex < srcSelectDimSize` failed.
../aten/src/ATen/native/cuda/Indexing.cu:1146: indexSelectLargeIndex: block: [762,0,0], thread: [30,0,0] Assertion `srcIndex < srcSelectDimSize` failed.
../aten/src/ATen/native/cuda/Indexing.cu:1146: indexSelectLargeIndex: block: [762,0,0], thread: [31,0,0] Assertion `srcIndex < srcSelectDimSize` failed.
../aten/src/ATen/native/cuda/Indexing.cu:1146: indexSelectLargeIndex: block: [762,0,0], thread: [32,0,0] Assertion `srcIndex < srcSelectDimSize` failed.
../aten/src/ATen/native/cuda/Indexing.cu:1146: indexSelectLargeIndex: block: [762,0,0], thread: [33,0,0] Assertion `srcIndex < srcSelectDimSize` failed.
../aten/src/ATen/native/cuda/Indexing.cu:1146: indexSelectLargeIndex: block: [762,0,0], thread: [34,0,0] Assertion `srcIndex < srcSelectDimSize` failed.
../aten/src/ATen/native/cuda/Indexing.cu:1146: indexSelectLargeIndex: block: [762,0,0], thread: [35,0,0] Assertion `srcIndex < srcSelectDimSize` failed.
../aten/src/ATen/native/cuda/Indexing.cu:1146: indexSelectLargeIndex: block: [762,0,0], thread: [36,0,0] Assertion `srcIndex < srcSelectDimSize` failed.
../aten/src/ATen/native/cuda/Indexing.cu:1146: indexSelectLargeIndex: block: [762,0,0], thread: [37,0,0] Assertion `srcIndex < srcSelectDimSize` failed.
../aten/src/ATen/native/cuda/Indexing.cu:1146: indexSelectLargeIndex: block: [762,0,0], thread: [38,0,0] Assertion `srcIndex < srcSelectDimSize` failed.
../aten/src/ATen/native/cuda/Indexing.cu:1146: indexSelectLargeIndex: block: [762,0,0], thread: [39,0,0] Assertion `srcIndex < srcSelectDimSize` failed.
../aten/src/ATen/native/cuda/Indexing.cu:1146: indexSelectLargeIndex: block: [762,0,0], thread: [40,0,0] Assertion `srcIndex < srcSelectDimSize` failed.
../aten/src/ATen/native/cuda/Indexing.cu:1146: indexSelectLargeIndex: block: [762,0,0], thread: [41,0,0] Assertion `srcIndex < srcSelectDimSize` failed.
../aten/src/ATen/native/cuda/Indexing.cu:1146: indexSelectLargeIndex: block: [762,0,0], thread: [42,0,0] Assertion `srcIndex < srcSelectDimSize` failed.
../aten/src/ATen/native/cuda/Indexing.cu:1146: indexSelectLargeIndex: block: [762,0,0], thread: [43,0,0] Assertion `srcIndex < srcSelectDimSize` failed.
../aten/src/ATen/native/cuda/Indexing.cu:1146: indexSelectLargeIndex: block: [762,0,0], thread: [44,0,0] Assertion `srcIndex < srcSelectDimSize` failed.
../aten/src/ATen/native/cuda/Indexing.cu:1146: indexSelectLargeIndex: block: [762,0,0], thread: [45,0,0] Assertion `srcIndex < srcSelectDimSize` failed.
../aten/src/ATen/native/cuda/Indexing.cu:1146: indexSelectLargeIndex: block: [762,0,0], thread: [46,0,0] Assertion `srcIndex < srcSelectDimSize` failed.
../aten/src/ATen/native/cuda/Indexing.cu:1146: indexSelectLargeIndex: block: [762,0,0], thread: [47,0,0] Assertion `srcIndex < srcSelectDimSize` failed.
../aten/src/ATen/native/cuda/Indexing.cu:1146: indexSelectLargeIndex: block: [762,0,0], thread: [48,0,0] Assertion `srcIndex < srcSelectDimSize` failed.
../aten/src/ATen/native/cuda/Indexing.cu:1146: indexSelectLargeIndex: block: [762,0,0], thread: [49,0,0] Assertion `srcIndex < srcSelectDimSize` failed.
../aten/src/ATen/native/cuda/Indexing.cu:1146: indexSelectLargeIndex: block: [762,0,0], thread: [50,0,0] Assertion `srcIndex < srcSelectDimSize` failed.
../aten/src/ATen/native/cuda/Indexing.cu:1146: indexSelectLargeIndex: block: [762,0,0], thread: [51,0,0] Assertion `srcIndex < srcSelectDimSize` failed.
../aten/src/ATen/native/cuda/Indexing.cu:1146: indexSelectLargeIndex: block: [762,0,0], thread: [52,0,0] Assertion `srcIndex < srcSelectDimSize` failed.
../aten/src/ATen/native/cuda/Indexing.cu:1146: indexSelectLargeIndex: block: [762,0,0], thread: [53,0,0] Assertion `srcIndex < srcSelectDimSize` failed.
../aten/src/ATen/native/cuda/Indexing.cu:1146: indexSelectLargeIndex: block: [762,0,0], thread: [54,0,0] Assertion `srcIndex < srcSelectDimSize` failed.
../aten/src/ATen/native/cuda/Indexing.cu:1146: indexSelectLargeIndex: block: [762,0,0], thread: [55,0,0] Assertion `srcIndex < srcSelectDimSize` failed.
../aten/src/ATen/native/cuda/Indexing.cu:1146: indexSelectLargeIndex: block: [762,0,0], thread: [56,0,0] Assertion `srcIndex < srcSelectDimSize` failed.
../aten/src/ATen/native/cuda/Indexing.cu:1146: indexSelectLargeIndex: block: [762,0,0], thread: [57,0,0] Assertion `srcIndex < srcSelectDimSize` failed.
../aten/src/ATen/native/cuda/Indexing.cu:1146: indexSelectLargeIndex: block: [762,0,0], thread: [58,0,0] Assertion `srcIndex < srcSelectDimSize` failed.
../aten/src/ATen/native/cuda/Indexing.cu:1146: indexSelectLargeIndex: block: [762,0,0], thread: [59,0,0] Assertion `srcIndex < srcSelectDimSize` failed.
../aten/src/ATen/native/cuda/Indexing.cu:1146: indexSelectLargeIndex: block: [762,0,0], thread: [60,0,0] Assertion `srcIndex < srcSelectDimSize` failed.
../aten/src/ATen/native/cuda/Indexing.cu:1146: indexSelectLargeIndex: block: [762,0,0], thread: [61,0,0] Assertion `srcIndex < srcSelectDimSize` failed.
../aten/src/ATen/native/cuda/Indexing.cu:1146: indexSelectLargeIndex: block: [762,0,0], thread: [62,0,0] Assertion `srcIndex < srcSelectDimSize` failed.
../aten/src/ATen/native/cuda/Indexing.cu:1146: indexSelectLargeIndex: block: [762,0,0], thread: [63,0,0] Assertion `srcIndex < srcSelectDimSize` failed.
../aten/src/ATen/native/cuda/Indexing.cu:1146: indexSelectLargeIndex: block: [682,0,0], thread: [0,0,0] Assertion `srcIndex < srcSelectDimSize` failed.
../aten/src/ATen/native/cuda/Indexing.cu:1146: indexSelectLargeIndex: block: [682,0,0], thread: [1,0,0] Assertion `srcIndex < srcSelectDimSize` failed.
../aten/src/ATen/native/cuda/Indexing.cu:1146: indexSelectLargeIndex: block: [682,0,0], thread: [2,0,0] Assertion `srcIndex < srcSelectDimSize` failed.
../aten/src/ATen/native/cuda/Indexing.cu:1146: indexSelectLargeIndex: block: [682,0,0], thread: [3,0,0] Assertion `srcIndex < srcSelectDimSize` failed.
../aten/src/ATen/native/cuda/Indexing.cu:1146: indexSelectLargeIndex: block: [682,0,0], thread: [4,0,0] Assertion `srcIndex < srcSelectDimSize` failed.
../aten/src/ATen/native/cuda/Indexing.cu:1146: indexSelectLargeIndex: block: [682,0,0], thread: [5,0,0] Assertion `srcIndex < srcSelectDimSize` failed.
../aten/src/ATen/native/cuda/Indexing.cu:1146: indexSelectLargeIndex: block: [682,0,0], thread: [6,0,0] Assertion `srcIndex < srcSelectDimSize` failed.
../aten/src/ATen/native/cuda/Indexing.cu:1146: indexSelectLargeIndex: block: [682,0,0], thread: [7,0,0] Assertion `srcIndex < srcSelectDimSize` failed.
../aten/src/ATen/native/cuda/Indexing.cu:1146: indexSelectLargeIndex: block: [682,0,0], thread: [8,0,0] Assertion `srcIndex < srcSelectDimSize` failed.
../aten/src/ATen/native/cuda/Indexing.cu:1146: indexSelectLargeIndex: block: [682,0,0], thread: [9,0,0] Assertion `srcIndex < srcSelectDimSize` failed.
../aten/src/ATen/native/cuda/Indexing.cu:1146: indexSelectLargeIndex: block: [682,0,0], thread: [10,0,0] Assertion `srcIndex < srcSelectDimSize` failed.
../aten/src/ATen/native/cuda/Indexing.cu:1146: indexSelectLargeIndex: block: [682,0,0], thread: [11,0,0] Assertion `srcIndex < srcSelectDimSize` failed.
../aten/src/ATen/native/cuda/Indexing.cu:1146: indexSelectLargeIndex: block: [682,0,0], thread: [12,0,0] Assertion `srcIndex < srcSelectDimSize` failed.
../aten/src/ATen/native/cuda/Indexing.cu:1146: indexSelectLargeIndex: block: [682,0,0], thread: [13,0,0] Assertion `srcIndex < srcSelectDimSize` failed.
../aten/src/ATen/native/cuda/Indexing.cu:1146: indexSelectLargeIndex: block: [682,0,0], thread: [14,0,0] Assertion `srcIndex < srcSelectDimSize` failed.
../aten/src/ATen/native/cuda/Indexing.cu:1146: indexSelectLargeIndex: block: [682,0,0], thread: [15,0,0] Assertion `srcIndex < srcSelectDimSize` failed.
../aten/src/ATen/native/cuda/Indexing.cu:1146: indexSelectLargeIndex: block: [682,0,0], thread: [16,0,0] Assertion `srcIndex < srcSelectDimSize` failed.
../aten/src/ATen/native/cuda/Indexing.cu:1146: indexSelectLargeIndex: block: [682,0,0], thread: [17,0,0] Assertion `srcIndex < srcSelectDimSize` failed.
../aten/src/ATen/native/cuda/Indexing.cu:1146: indexSelectLargeIndex: block: [682,0,0], thread: [18,0,0] Assertion `srcIndex < srcSelectDimSize` failed.
../aten/src/ATen/native/cuda/Indexing.cu:1146: indexSelectLargeIndex: block: [682,0,0], thread: [19,0,0] Assertion `srcIndex < srcSelectDimSize` failed.
../aten/src/ATen/native/cuda/Indexing.cu:1146: indexSelectLargeIndex: block: [682,0,0], thread: [20,0,0] Assertion `srcIndex < srcSelectDimSize` failed.
../aten/src/ATen/native/cuda/Indexing.cu:1146: indexSelectLargeIndex: block: [682,0,0], thread: [21,0,0] Assertion `srcIndex < srcSelectDimSize` failed.
../aten/src/ATen/native/cuda/Indexing.cu:1146: indexSelectLargeIndex: block: [682,0,0], thread: [22,0,0] Assertion `srcIndex < srcSelectDimSize` failed.
../aten/src/ATen/native/cuda/Indexing.cu:1146: indexSelectLargeIndex: block: [682,0,0], thread: [23,0,0] Assertion `srcIndex < srcSelectDimSize` failed.
../aten/src/ATen/native/cuda/Indexing.cu:1146: indexSelectLargeIndex: block: [682,0,0], thread: [24,0,0] Assertion `srcIndex < srcSelectDimSize` failed.
../aten/src/ATen/native/cuda/Indexing.cu:1146: indexSelectLargeIndex: block: [682,0,0], thread: [25,0,0] Assertion `srcIndex < srcSelectDimSize` failed.
../aten/src/ATen/native/cuda/Indexing.cu:1146: indexSelectLargeIndex: block: [682,0,0], thread: [26,0,0] Assertion `srcIndex < srcSelectDimSize` failed.
../aten/src/ATen/native/cuda/Indexing.cu:1146: indexSelectLargeIndex: block: [682,0,0], thread: [27,0,0] Assertion `srcIndex < srcSelectDimSize` failed.
../aten/src/ATen/native/cuda/Indexing.cu:1146: indexSelectLargeIndex: block: [682,0,0], thread: [28,0,0] Assertion `srcIndex < srcSelectDimSize` failed.
../aten/src/ATen/native/cuda/Indexing.cu:1146: indexSelectLargeIndex: block: [682,0,0], thread: [29,0,0] Assertion `srcIndex < srcSelectDimSize` failed.
../aten/src/ATen/native/cuda/Indexing.cu:1146: indexSelectLargeIndex: block: [682,0,0], thread: [30,0,0] Assertion `srcIndex < srcSelectDimSize` failed.
../aten/src/ATen/native/cuda/Indexing.cu:1146: indexSelectLargeIndex: block: [682,0,0], thread: [31,0,0] Assertion `srcIndex < srcSelectDimSize` failed.
../aten/src/ATen/native/cuda/Indexing.cu:1146: indexSelectLargeIndex: block: [762,0,0], thread: [96,0,0] Assertion `srcIndex < srcSelectDimSize` failed.
../aten/src/ATen/native/cuda/Indexing.cu:1146: indexSelectLargeIndex: block: [762,0,0], thread: [97,0,0] Assertion `srcIndex < srcSelectDimSize` failed.
../aten/src/ATen/native/cuda/Indexing.cu:1146: indexSelectLargeIndex: block: [762,0,0], thread: [98,0,0] Assertion `srcIndex < srcSelectDimSize` failed.
../aten/src/ATen/native/cuda/Indexing.cu:1146: indexSelectLargeIndex: block: [762,0,0], thread: [99,0,0] Assertion `srcIndex < srcSelectDimSize` failed.
../aten/src/ATen/native/cuda/Indexing.cu:1146: indexSelectLargeIndex: block: [762,0,0], thread: [100,0,0] Assertion `srcIndex < srcSelectDimSize` failed.
../aten/src/ATen/native/cuda/Indexing.cu:1146: indexSelectLargeIndex: block: [762,0,0], thread: [101,0,0] Assertion `srcIndex < srcSelectDimSize` failed.
../aten/src/ATen/native/cuda/Indexing.cu:1146: indexSelectLargeIndex: block: [762,0,0], thread: [102,0,0] Assertion `srcIndex < srcSelectDimSize` failed.
../aten/src/ATen/native/cuda/Indexing.cu:1146: indexSelectLargeIndex: block: [762,0,0], thread: [103,0,0] Assertion `srcIndex < srcSelectDimSize` failed.
../aten/src/ATen/native/cuda/Indexing.cu:1146: indexSelectLargeIndex: block: [762,0,0], thread: [104,0,0] Assertion `srcIndex < srcSelectDimSize` failed.
../aten/src/ATen/native/cuda/Indexing.cu:1146: indexSelectLargeIndex: block: [762,0,0], thread: [105,0,0] Assertion `srcIndex < srcSelectDimSize` failed.
../aten/src/ATen/native/cuda/Indexing.cu:1146: indexSelectLargeIndex: block: [762,0,0], thread: [106,0,0] Assertion `srcIndex < srcSelectDimSize` failed.
../aten/src/ATen/native/cuda/Indexing.cu:1146: indexSelectLargeIndex: block: [762,0,0], thread: [107,0,0] Assertion `srcIndex < srcSelectDimSize` failed.
../aten/src/ATen/native/cuda/Indexing.cu:1146: indexSelectLargeIndex: block: [762,0,0], thread: [108,0,0] Assertion `srcIndex < srcSelectDimSize` failed.
../aten/src/ATen/native/cuda/Indexing.cu:1146: indexSelectLargeIndex: block: [762,0,0], thread: [109,0,0] Assertion `srcIndex < srcSelectDimSize` failed.
../aten/src/ATen/native/cuda/Indexing.cu:1146: indexSelectLargeIndex: block: [762,0,0], thread: [110,0,0] Assertion `srcIndex < srcSelectDimSize` failed.
../aten/src/ATen/native/cuda/Indexing.cu:1146: indexSelectLargeIndex: block: [762,0,0], thread: [111,0,0] Assertion `srcIndex < srcSelectDimSize` failed.
../aten/src/ATen/native/cuda/Indexing.cu:1146: indexSelectLargeIndex: block: [762,0,0], thread: [112,0,0] Assertion `srcIndex < srcSelectDimSize` failed.
../aten/src/ATen/native/cuda/Indexing.cu:1146: indexSelectLargeIndex: block: [762,0,0], thread: [113,0,0] Assertion `srcIndex < srcSelectDimSize` failed.
../aten/src/ATen/native/cuda/Indexing.cu:1146: indexSelectLargeIndex: block: [762,0,0], thread: [114,0,0] Assertion `srcIndex < srcSelectDimSize` failed.
../aten/src/ATen/native/cuda/Indexing.cu:1146: indexSelectLargeIndex: block: [762,0,0], thread: [115,0,0] Assertion `srcIndex < srcSelectDimSize` failed.
../aten/src/ATen/native/cuda/Indexing.cu:1146: indexSelectLargeIndex: block: [762,0,0], thread: [116,0,0] Assertion `srcIndex < srcSelectDimSize` failed.
../aten/src/ATen/native/cuda/Indexing.cu:1146: indexSelectLargeIndex: block: [762,0,0], thread: [117,0,0] Assertion `srcIndex < srcSelectDimSize` failed.
../aten/src/ATen/native/cuda/Indexing.cu:1146: indexSelectLargeIndex: block: [762,0,0], thread: [118,0,0] Assertion `srcIndex < srcSelectDimSize` failed.
../aten/src/ATen/native/cuda/Indexing.cu:1146: indexSelectLargeIndex: block: [762,0,0], thread: [119,0,0] Assertion `srcIndex < srcSelectDimSize` failed.
../aten/src/ATen/native/cuda/Indexing.cu:1146: indexSelectLargeIndex: block: [762,0,0], thread: [120,0,0] Assertion `srcIndex < srcSelectDimSize` failed.
../aten/src/ATen/native/cuda/Indexing.cu:1146: indexSelectLargeIndex: block: [762,0,0], thread: [121,0,0] Assertion `srcIndex < srcSelectDimSize` failed.
../aten/src/ATen/native/cuda/Indexing.cu:1146: indexSelectLargeIndex: block: [762,0,0], thread: [122,0,0] Assertion `srcIndex < srcSelectDimSize` failed.
../aten/src/ATen/native/cuda/Indexing.cu:1146: indexSelectLargeIndex: block: [762,0,0], thread: [123,0,0] Assertion `srcIndex < srcSelectDimSize` failed.
../aten/src/ATen/native/cuda/Indexing.cu:1146: indexSelectLargeIndex: block: [762,0,0], thread: [124,0,0] Assertion `srcIndex < srcSelectDimSize` failed.
../aten/src/ATen/native/cuda/Indexing.cu:1146: indexSelectLargeIndex: block: [762,0,0], thread: [125,0,0] Assertion `srcIndex < srcSelectDimSize` failed.
../aten/src/ATen/native/cuda/Indexing.cu:1146: indexSelectLargeIndex: block: [762,0,0], thread: [126,0,0] Assertion `srcIndex < srcSelectDimSize` failed.
../aten/src/ATen/native/cuda/Indexing.cu:1146: indexSelectLargeIndex: block: [762,0,0], thread: [127,0,0] Assertion `srcIndex < srcSelectDimSize` failed.
../aten/src/ATen/native/cuda/Indexing.cu:1146: indexSelectLargeIndex: block: [654,0,0], thread: [0,0,0] Assertion `srcIndex < srcSelectDimSize` failed.
../aten/src/ATen/native/cuda/Indexing.cu:1146: indexSelectLargeIndex: block: [654,0,0], thread: [1,0,0] Assertion `srcIndex < srcSelectDimSize` failed.
../aten/src/ATen/native/cuda/Indexing.cu:1146: indexSelectLargeIndex: block: [654,0,0], thread: [2,0,0] Assertion `srcIndex < srcSelectDimSize` failed.
../aten/src/ATen/native/cuda/Indexing.cu:1146: indexSelectLargeIndex: block: [654,0,0], thread: [3,0,0] Assertion `srcIndex < srcSelectDimSize` failed.
../aten/src/ATen/native/cuda/Indexing.cu:1146: indexSelectLargeIndex: block: [654,0,0], thread: [4,0,0] Assertion `srcIndex < srcSelectDimSize` failed.
../aten/src/ATen/native/cuda/Indexing.cu:1146: indexSelectLargeIndex: block: [654,0,0], thread: [5,0,0] Assertion `srcIndex < srcSelectDimSize` failed.
../aten/src/ATen/native/cuda/Indexing.cu:1146: indexSelectLargeIndex: block: [654,0,0], thread: [6,0,0] Assertion `srcIndex < srcSelectDimSize` failed.
../aten/src/ATen/native/cuda/Indexing.cu:1146: indexSelectLargeIndex: block: [654,0,0], thread: [7,0,0] Assertion `srcIndex < srcSelectDimSize` failed.
../aten/src/ATen/native/cuda/Indexing.cu:1146: indexSelectLargeIndex: block: [654,0,0], thread: [8,0,0] Assertion `srcIndex < srcSelectDimSize` failed.
../aten/src/ATen/native/cuda/Indexing.cu:1146: indexSelectLargeIndex: block: [654,0,0], thread: [9,0,0] Assertion `srcIndex < srcSelectDimSize` failed.
../aten/src/ATen/native/cuda/Indexing.cu:1146: indexSelectLargeIndex: block: [654,0,0], thread: [10,0,0] Assertion `srcIndex < srcSelectDimSize` failed.
../aten/src/ATen/native/cuda/Indexing.cu:1146: indexSelectLargeIndex: block: [654,0,0], thread: [11,0,0] Assertion `srcIndex < srcSelectDimSize` failed.
../aten/src/ATen/native/cuda/Indexing.cu:1146: indexSelectLargeIndex: block: [654,0,0], thread: [12,0,0] Assertion `srcIndex < srcSelectDimSize` failed.
../aten/src/ATen/native/cuda/Indexing.cu:1146: indexSelectLargeIndex: block: [654,0,0], thread: [13,0,0] Assertion `srcIndex < srcSelectDimSize` failed.
../aten/src/ATen/native/cuda/Indexing.cu:1146: indexSelectLargeIndex: block: [654,0,0], thread: [14,0,0] Assertion `srcIndex < srcSelectDimSize` failed.
../aten/src/ATen/native/cuda/Indexing.cu:1146: indexSelectLargeIndex: block: [654,0,0], thread: [15,0,0] Assertion `srcIndex < srcSelectDimSize` failed.
../aten/src/ATen/native/cuda/Indexing.cu:1146: indexSelectLargeIndex: block: [654,0,0], thread: [16,0,0] Assertion `srcIndex < srcSelectDimSize` failed.
../aten/src/ATen/native/cuda/Indexing.cu:1146: indexSelectLargeIndex: block: [654,0,0], thread: [17,0,0] Assertion `srcIndex < srcSelectDimSize` failed.
../aten/src/ATen/native/cuda/Indexing.cu:1146: indexSelectLargeIndex: block: [654,0,0], thread: [18,0,0] Assertion `srcIndex < srcSelectDimSize` failed.
../aten/src/ATen/native/cuda/Indexing.cu:1146: indexSelectLargeIndex: block: [654,0,0], thread: [19,0,0] Assertion `srcIndex < srcSelectDimSize` failed.
../aten/src/ATen/native/cuda/Indexing.cu:1146: indexSelectLargeIndex: block: [654,0,0], thread: [20,0,0] Assertion `srcIndex < srcSelectDimSize` failed.
../aten/src/ATen/native/cuda/Indexing.cu:1146: indexSelectLargeIndex: block: [654,0,0], thread: [21,0,0] Assertion `srcIndex < srcSelectDimSize` failed.
../aten/src/ATen/native/cuda/Indexing.cu:1146: indexSelectLargeIndex: block: [654,0,0], thread: [22,0,0] Assertion `srcIndex < srcSelectDimSize` failed.
../aten/src/ATen/native/cuda/Indexing.cu:1146: indexSelectLargeIndex: block: [654,0,0], thread: [23,0,0] Assertion `srcIndex < srcSelectDimSize` failed.
../aten/src/ATen/native/cuda/Indexing.cu:1146: indexSelectLargeIndex: block: [654,0,0], thread: [24,0,0] Assertion `srcIndex < srcSelectDimSize` failed.
../aten/src/ATen/native/cuda/Indexing.cu:1146: indexSelectLargeIndex: block: [654,0,0], thread: [25,0,0] Assertion `srcIndex < srcSelectDimSize` failed.
../aten/src/ATen/native/cuda/Indexing.cu:1146: indexSelectLargeIndex: block: [654,0,0], thread: [26,0,0] Assertion `srcIndex < srcSelectDimSize` failed.
../aten/src/ATen/native/cuda/Indexing.cu:1146: indexSelectLargeIndex: block: [654,0,0], thread: [27,0,0] Assertion `srcIndex < srcSelectDimSize` failed.
../aten/src/ATen/native/cuda/Indexing.cu:1146: indexSelectLargeIndex: block: [654,0,0], thread: [28,0,0] Assertion `srcIndex < srcSelectDimSize` failed.
../aten/src/ATen/native/cuda/Indexing.cu:1146: indexSelectLargeIndex: block: [654,0,0], thread: [29,0,0] Assertion `srcIndex < srcSelectDimSize` failed.
../aten/src/ATen/native/cuda/Indexing.cu:1146: indexSelectLargeIndex: block: [654,0,0], thread: [30,0,0] Assertion `srcIndex < srcSelectDimSize` failed.
../aten/src/ATen/native/cuda/Indexing.cu:1146: indexSelectLargeIndex: block: [654,0,0], thread: [31,0,0] Assertion `srcIndex < srcSelectDimSize` failed.
../aten/src/ATen/native/cuda/Indexing.cu:1146: indexSelectLargeIndex: block: [654,0,0], thread: [32,0,0] Assertion `srcIndex < srcSelectDimSize` failed.
../aten/src/ATen/native/cuda/Indexing.cu:1146: indexSelectLargeIndex: block: [654,0,0], thread: [33,0,0] Assertion `srcIndex < srcSelectDimSize` failed.
../aten/src/ATen/native/cuda/Indexing.cu:1146: indexSelectLargeIndex: block: [654,0,0], thread: [34,0,0] Assertion `srcIndex < srcSelectDimSize` failed.
../aten/src/ATen/native/cuda/Indexing.cu:1146: indexSelectLargeIndex: block: [654,0,0], thread: [35,0,0] Assertion `srcIndex < srcSelectDimSize` failed.
../aten/src/ATen/native/cuda/Indexing.cu:1146: indexSelectLargeIndex: block: [654,0,0], thread: [36,0,0] Assertion `srcIndex < srcSelectDimSize` failed.
../aten/src/ATen/native/cuda/Indexing.cu:1146: indexSelectLargeIndex: block: [654,0,0], thread: [37,0,0] Assertion `srcIndex < srcSelectDimSize` failed.
../aten/src/ATen/native/cuda/Indexing.cu:1146: indexSelectLargeIndex: block: [654,0,0], thread: [38,0,0] Assertion `srcIndex < srcSelectDimSize` failed.
../aten/src/ATen/native/cuda/Indexing.cu:1146: indexSelectLargeIndex: block: [654,0,0], thread: [39,0,0] Assertion `srcIndex < srcSelectDimSize` failed.
../aten/src/ATen/native/cuda/Indexing.cu:1146: indexSelectLargeIndex: block: [654,0,0], thread: [40,0,0] Assertion `srcIndex < srcSelectDimSize` failed.
../aten/src/ATen/native/cuda/Indexing.cu:1146: indexSelectLargeIndex: block: [654,0,0], thread: [41,0,0] Assertion `srcIndex < srcSelectDimSize` failed.
../aten/src/ATen/native/cuda/Indexing.cu:1146: indexSelectLargeIndex: block: [654,0,0], thread: [42,0,0] Assertion `srcIndex < srcSelectDimSize` failed.
../aten/src/ATen/native/cuda/Indexing.cu:1146: indexSelectLargeIndex: block: [654,0,0], thread: [43,0,0] Assertion `srcIndex < srcSelectDimSize` failed.
../aten/src/ATen/native/cuda/Indexing.cu:1146: indexSelectLargeIndex: block: [654,0,0], thread: [44,0,0] Assertion `srcIndex < srcSelectDimSize` failed.
../aten/src/ATen/native/cuda/Indexing.cu:1146: indexSelectLargeIndex: block: [654,0,0], thread: [45,0,0] Assertion `srcIndex < srcSelectDimSize` failed.
../aten/src/ATen/native/cuda/Indexing.cu:1146: indexSelectLargeIndex: block: [654,0,0], thread: [46,0,0] Assertion `srcIndex < srcSelectDimSize` failed.
../aten/src/ATen/native/cuda/Indexing.cu:1146: indexSelectLargeIndex: block: [654,0,0], thread: [47,0,0] Assertion `srcIndex < srcSelectDimSize` failed.
../aten/src/ATen/native/cuda/Indexing.cu:1146: indexSelectLargeIndex: block: [654,0,0], thread: [48,0,0] Assertion `srcIndex < srcSelectDimSize` failed.
../aten/src/ATen/native/cuda/Indexing.cu:1146: indexSelectLargeIndex: block: [654,0,0], thread: [49,0,0] Assertion `srcIndex < srcSelectDimSize` failed.
../aten/src/ATen/native/cuda/Indexing.cu:1146: indexSelectLargeIndex: block: [654,0,0], thread: [50,0,0] Assertion `srcIndex < srcSelectDimSize` failed.
../aten/src/ATen/native/cuda/Indexing.cu:1146: indexSelectLargeIndex: block: [654,0,0], thread: [51,0,0] Assertion `srcIndex < srcSelectDimSize` failed.
../aten/src/ATen/native/cuda/Indexing.cu:1146: indexSelectLargeIndex: block: [654,0,0], thread: [52,0,0] Assertion `srcIndex < srcSelectDimSize` failed.
../aten/src/ATen/native/cuda/Indexing.cu:1146: indexSelectLargeIndex: block: [654,0,0], thread: [53,0,0] Assertion `srcIndex < srcSelectDimSize` failed.
../aten/src/ATen/native/cuda/Indexing.cu:1146: indexSelectLargeIndex: block: [654,0,0], thread: [54,0,0] Assertion `srcIndex < srcSelectDimSize` failed.
../aten/src/ATen/native/cuda/Indexing.cu:1146: indexSelectLargeIndex: block: [654,0,0], thread: [55,0,0] Assertion `srcIndex < srcSelectDimSize` failed.
../aten/src/ATen/native/cuda/Indexing.cu:1146: indexSelectLargeIndex: block: [654,0,0], thread: [56,0,0] Assertion `srcIndex < srcSelectDimSize` failed.
../aten/src/ATen/native/cuda/Indexing.cu:1146: indexSelectLargeIndex: block: [654,0,0], thread: [57,0,0] Assertion `srcIndex < srcSelectDimSize` failed.
../aten/src/ATen/native/cuda/Indexing.cu:1146: indexSelectLargeIndex: block: [654,0,0], thread: [58,0,0] Assertion `srcIndex < srcSelectDimSize` failed.
../aten/src/ATen/native/cuda/Indexing.cu:1146: indexSelectLargeIndex: block: [654,0,0], thread: [59,0,0] Assertion `srcIndex < srcSelectDimSize` failed.
../aten/src/ATen/native/cuda/Indexing.cu:1146: indexSelectLargeIndex: block: [654,0,0], thread: [60,0,0] Assertion `srcIndex < srcSelectDimSize` failed.
../aten/src/ATen/native/cuda/Indexing.cu:1146: indexSelectLargeIndex: block: [654,0,0], thread: [61,0,0] Assertion `srcIndex < srcSelectDimSize` failed.
../aten/src/ATen/native/cuda/Indexing.cu:1146: indexSelectLargeIndex: block: [654,0,0], thread: [62,0,0] Assertion `srcIndex < srcSelectDimSize` failed.
../aten/src/ATen/native/cuda/Indexing.cu:1146: indexSelectLargeIndex: block: [654,0,0], thread: [63,0,0] Assertion `srcIndex < srcSelectDimSize` failed.
../aten/src/ATen/native/cuda/Indexing.cu:1146: indexSelectLargeIndex: block: [654,0,0], thread: [96,0,0] Assertion `srcIndex < srcSelectDimSize` failed.
../aten/src/ATen/native/cuda/Indexing.cu:1146: indexSelectLargeIndex: block: [654,0,0], thread: [97,0,0] Assertion `srcIndex < srcSelectDimSize` failed.
../aten/src/ATen/native/cuda/Indexing.cu:1146: indexSelectLargeIndex: block: [654,0,0], thread: [98,0,0] Assertion `srcIndex < srcSelectDimSize` failed.
../aten/src/ATen/native/cuda/Indexing.cu:1146: indexSelectLargeIndex: block: [654,0,0], thread: [99,0,0] Assertion `srcIndex < srcSelectDimSize` failed.
../aten/src/ATen/native/cuda/Indexing.cu:1146: indexSelectLargeIndex: block: [654,0,0], thread: [100,0,0] Assertion `srcIndex < srcSelectDimSize` failed.
../aten/src/ATen/native/cuda/Indexing.cu:1146: indexSelectLargeIndex: block: [654,0,0], thread: [101,0,0] Assertion `srcIndex < srcSelectDimSize` failed.
../aten/src/ATen/native/cuda/Indexing.cu:1146: indexSelectLargeIndex: block: [654,0,0], thread: [102,0,0] Assertion `srcIndex < srcSelectDimSize` failed.
../aten/src/ATen/native/cuda/Indexing.cu:1146: indexSelectLargeIndex: block: [654,0,0], thread: [103,0,0] Assertion `srcIndex < srcSelectDimSize` failed.
../aten/src/ATen/native/cuda/Indexing.cu:1146: indexSelectLargeIndex: block: [654,0,0], thread: [104,0,0] Assertion `srcIndex < srcSelectDimSize` failed.
../aten/src/ATen/native/cuda/Indexing.cu:1146: indexSelectLargeIndex: block: [654,0,0], thread: [105,0,0] Assertion `srcIndex < srcSelectDimSize` failed.
../aten/src/ATen/native/cuda/Indexing.cu:1146: indexSelectLargeIndex: block: [654,0,0], thread: [106,0,0] Assertion `srcIndex < srcSelectDimSize` failed.
../aten/src/ATen/native/cuda/Indexing.cu:1146: indexSelectLargeIndex: block: [654,0,0], thread: [107,0,0] Assertion `srcIndex < srcSelectDimSize` failed.
../aten/src/ATen/native/cuda/Indexing.cu:1146: indexSelectLargeIndex: block: [654,0,0], thread: [108,0,0] Assertion `srcIndex < srcSelectDimSize` failed.
../aten/src/ATen/native/cuda/Indexing.cu:1146: indexSelectLargeIndex: block: [654,0,0], thread: [109,0,0] Assertion `srcIndex < srcSelectDimSize` failed.
../aten/src/ATen/native/cuda/Indexing.cu:1146: indexSelectLargeIndex: block: [654,0,0], thread: [110,0,0] Assertion `srcIndex < srcSelectDimSize` failed.
../aten/src/ATen/native/cuda/Indexing.cu:1146: indexSelectLargeIndex: block: [654,0,0], thread: [111,0,0] Assertion `srcIndex < srcSelectDimSize` failed.
../aten/src/ATen/native/cuda/Indexing.cu:1146: indexSelectLargeIndex: block: [654,0,0], thread: [112,0,0] Assertion `srcIndex < srcSelectDimSize` failed.
../aten/src/ATen/native/cuda/Indexing.cu:1146: indexSelectLargeIndex: block: [654,0,0], thread: [113,0,0] Assertion `srcIndex < srcSelectDimSize` failed.
../aten/src/ATen/native/cuda/Indexing.cu:1146: indexSelectLargeIndex: block: [654,0,0], thread: [114,0,0] Assertion `srcIndex < srcSelectDimSize` failed.
../aten/src/ATen/native/cuda/Indexing.cu:1146: indexSelectLargeIndex: block: [654,0,0], thread: [115,0,0] Assertion `srcIndex < srcSelectDimSize` failed.
../aten/src/ATen/native/cuda/Indexing.cu:1146: indexSelectLargeIndex: block: [654,0,0], thread: [116,0,0] Assertion `srcIndex < srcSelectDimSize` failed.
../aten/src/ATen/native/cuda/Indexing.cu:1146: indexSelectLargeIndex: block: [654,0,0], thread: [117,0,0] Assertion `srcIndex < srcSelectDimSize` failed.
../aten/src/ATen/native/cuda/Indexing.cu:1146: indexSelectLargeIndex: block: [654,0,0], thread: [118,0,0] Assertion `srcIndex < srcSelectDimSize` failed.
../aten/src/ATen/native/cuda/Indexing.cu:1146: indexSelectLargeIndex: block: [654,0,0], thread: [119,0,0] Assertion `srcIndex < srcSelectDimSize` failed.
../aten/src/ATen/native/cuda/Indexing.cu:1146: indexSelectLargeIndex: block: [654,0,0], thread: [120,0,0] Assertion `srcIndex < srcSelectDimSize` failed.
../aten/src/ATen/native/cuda/Indexing.cu:1146: indexSelectLargeIndex: block: [654,0,0], thread: [121,0,0] Assertion `srcIndex < srcSelectDimSize` failed.
../aten/src/ATen/native/cuda/Indexing.cu:1146: indexSelectLargeIndex: block: [654,0,0], thread: [122,0,0] Assertion `srcIndex < srcSelectDimSize` failed.
../aten/src/ATen/native/cuda/Indexing.cu:1146: indexSelectLargeIndex: block: [654,0,0], thread: [123,0,0] Assertion `srcIndex < srcSelectDimSize` failed.
../aten/src/ATen/native/cuda/Indexing.cu:1146: indexSelectLargeIndex: block: [654,0,0], thread: [124,0,0] Assertion `srcIndex < srcSelectDimSize` failed.
../aten/src/ATen/native/cuda/Indexing.cu:1146: indexSelectLargeIndex: block: [654,0,0], thread: [125,0,0] Assertion `srcIndex < srcSelectDimSize` failed.
../aten/src/ATen/native/cuda/Indexing.cu:1146: indexSelectLargeIndex: block: [654,0,0], thread: [126,0,0] Assertion `srcIndex < srcSelectDimSize` failed.
../aten/src/ATen/native/cuda/Indexing.cu:1146: indexSelectLargeIndex: block: [654,0,0], thread: [127,0,0] Assertion `srcIndex < srcSelectDimSize` failed.
  0%|          | 0/10 [00:00<?, ?it/s]
Traceback (most recent call last):
  File "/uufs/chpc.utah.edu/common/home/u1283221/compositional_task_evaluation/llama2_cte.py", line 16, in <module>
    experiment.run_experiment(model, tokenizer, batch_size, input_file, output_file)
  File "/uufs/chpc.utah.edu/common/home/u1283221/compositional_task_evaluation/experiment.py", line 51, in run_experiment
    accuracy, predictions = evaluate_model(model, tokenizer, dataset, batch_size)
                            ^^^^^^^^^^^^^^^^^^^^^^^^^^^^^^^^^^^^^^^^^^^^^^^^^^^^^
  File "/uufs/chpc.utah.edu/common/home/u1283221/compositional_task_evaluation/experiment.py", line 40, in evaluate_model
    generated_texts = generate_texts(model, tokenizer, encodings)
                      ^^^^^^^^^^^^^^^^^^^^^^^^^^^^^^^^^^^^^^^^^^^
  File "/uufs/chpc.utah.edu/common/home/u1283221/compositional_task_evaluation/experiment.py", line 14, in generate_texts
    generated_ids = model.generate(**encodings, max_new_tokens=20)
                    ^^^^^^^^^^^^^^^^^^^^^^^^^^^^^^^^^^^^^^^^^^^^^^
  File "/uufs/chpc.utah.edu/common/home/u1283221/miniconda3/envs/compositional/lib/python3.11/site-packages/torch/utils/_contextlib.py", line 115, in decorate_context
    return func(*args, **kwargs)
           ^^^^^^^^^^^^^^^^^^^^^
  File "/uufs/chpc.utah.edu/common/home/u1283221/miniconda3/envs/compositional/lib/python3.11/site-packages/transformers/generation/utils.py", line 1642, in generate
    return self.sample(
           ^^^^^^^^^^^^
  File "/uufs/chpc.utah.edu/common/home/u1283221/miniconda3/envs/compositional/lib/python3.11/site-packages/transformers/generation/utils.py", line 2724, in sample
    outputs = self(
              ^^^^^
  File "/uufs/chpc.utah.edu/common/home/u1283221/miniconda3/envs/compositional/lib/python3.11/site-packages/torch/nn/modules/module.py", line 1501, in _call_impl
    return forward_call(*args, **kwargs)
           ^^^^^^^^^^^^^^^^^^^^^^^^^^^^^
  File "/uufs/chpc.utah.edu/common/home/u1283221/miniconda3/envs/compositional/lib/python3.11/site-packages/transformers/models/llama/modeling_llama.py", line 809, in forward
    outputs = self.model(
              ^^^^^^^^^^^
  File "/uufs/chpc.utah.edu/common/home/u1283221/miniconda3/envs/compositional/lib/python3.11/site-packages/torch/nn/modules/module.py", line 1501, in _call_impl
    return forward_call(*args, **kwargs)
           ^^^^^^^^^^^^^^^^^^^^^^^^^^^^^
  File "/uufs/chpc.utah.edu/common/home/u1283221/miniconda3/envs/compositional/lib/python3.11/site-packages/transformers/models/llama/modeling_llama.py", line 697, in forward
    layer_outputs = decoder_layer(
                    ^^^^^^^^^^^^^^
  File "/uufs/chpc.utah.edu/common/home/u1283221/miniconda3/envs/compositional/lib/python3.11/site-packages/torch/nn/modules/module.py", line 1501, in _call_impl
../aten/src/ATen/native/cuda/Indexing.cu:1146: indexSelectLargeIndex: block: [654,0,0], thread: [64,0,0] Assertion `srcIndex < srcSelectDimSize` failed.
../aten/src/ATen/native/cuda/Indexing.cu:1146: indexSelectLargeIndex: block: [654,0,0], thread: [65,0,0] Assertion `srcIndex < srcSelectDimSize` failed.
../aten/src/ATen/native/cuda/Indexing.cu:1146: indexSelectLargeIndex: block: [654,0,0], thread: [66,0,0] Assertion `srcIndex < srcSelectDimSize` failed.
../aten/src/ATen/native/cuda/Indexing.cu:1146: indexSelectLargeIndex: block: [654,0,0], thread: [67,0,0] Assertion `srcIndex < srcSelectDimSize` failed.
../aten/src/ATen/native/cuda/Indexing.cu:1146: indexSelectLargeIndex: block: [654,0,0], thread: [68,0,0] Assertion `srcIndex < srcSelectDimSize` failed.
../aten/src/ATen/native/cuda/Indexing.cu:1146: indexSelectLargeIndex: block: [654,0,0], thread: [69,0,0] Assertion `srcIndex < srcSelectDimSize` failed.
../aten/src/ATen/native/cuda/Indexing.cu:1146: indexSelectLargeIndex: block: [654,0,0], thread: [70,0,0] Assertion `srcIndex < srcSelectDimSize` failed.
../aten/src/ATen/native/cuda/Indexing.cu:1146: indexSelectLargeIndex: block: [654,0,0], thread: [71,0,0] Assertion `srcIndex < srcSelectDimSize` failed.
../aten/src/ATen/native/cuda/Indexing.cu:1146: indexSelectLargeIndex: block: [654,0,0], thread: [72,0,0] Assertion `srcIndex < srcSelectDimSize` failed.
../aten/src/ATen/native/cuda/Indexing.cu:1146: indexSelectLargeIndex: block: [654,0,0], thread: [73,0,0] Assertion `srcIndex < srcSelectDimSize` failed.
../aten/src/ATen/native/cuda/Indexing.cu:1146: indexSelectLargeIndex: block: [654,0,0], thread: [74,0,0] Assertion `srcIndex < srcSelectDimSize` failed.
../aten/src/ATen/native/cuda/Indexing.cu:1146: indexSelectLargeIndex: block: [654,0,0], thread: [75,0,0] Assertion `srcIndex < srcSelectDimSize` failed.
../aten/src/ATen/native/cuda/Indexing.cu:1146: indexSelectLargeIndex: block: [654,0,0], thread: [76,0,0] Assertion `srcIndex < srcSelectDimSize` failed.
../aten/src/ATen/native/cuda/Indexing.cu:1146: indexSelectLargeIndex: block: [654,0,0], thread: [77,0,0] Assertion `srcIndex < srcSelectDimSize` failed.
../aten/src/ATen/native/cuda/Indexing.cu:1146: indexSelectLargeIndex: block: [654,0,0], thread: [78,0,0] Assertion `srcIndex < srcSelectDimSize` failed.
../aten/src/ATen/native/cuda/Indexing.cu:1146: indexSelectLargeIndex: block: [654,0,0], thread: [79,0,0] Assertion `srcIndex < srcSelectDimSize` failed.
../aten/src/ATen/native/cuda/Indexing.cu:1146: indexSelectLargeIndex: block: [654,0,0], thread: [80,0,0] Assertion `srcIndex < srcSelectDimSize` failed.
../aten/src/ATen/native/cuda/Indexing.cu:1146: indexSelectLargeIndex: block: [654,0,0], thread: [81,0,0] Assertion `srcIndex < srcSelectDimSize` failed.
../aten/src/ATen/native/cuda/Indexing.cu:1146: indexSelectLargeIndex: block: [654,0,0], thread: [82,0,0] Assertion `srcIndex < srcSelectDimSize` failed.
../aten/src/ATen/native/cuda/Indexing.cu:1146: indexSelectLargeIndex: block: [654,0,0], thread: [83,0,0] Assertion `srcIndex < srcSelectDimSize` failed.
../aten/src/ATen/native/cuda/Indexing.cu:1146: indexSelectLargeIndex: block: [654,0,0], thread: [84,0,0] Assertion `srcIndex < srcSelectDimSize` failed.
../aten/src/ATen/native/cuda/Indexing.cu:1146: indexSelectLargeIndex: block: [654,0,0], thread: [85,0,0] Assertion `srcIndex < srcSelectDimSize` failed.
../aten/src/ATen/native/cuda/Indexing.cu:1146: indexSelectLargeIndex: block: [654,0,0], thread: [86,0,0] Assertion `srcIndex < srcSelectDimSize` failed.
../aten/src/ATen/native/cuda/Indexing.cu:1146: indexSelectLargeIndex: block: [654,0,0], thread: [87,0,0] Assertion `srcIndex < srcSelectDimSize` failed.
../aten/src/ATen/native/cuda/Indexing.cu    return forward_call(*args, **kwargs)
:1146: indexSelectLargeIndex: block: [654,0,0], thread: [88,0,0] Assertion `srcIndex < srcSelectDimSize` failed.
../aten/src/ATen/native/cuda/Indexing.cu:1146: indexSelectLargeIndex: block: [654,0,0], thread: [89,0           ^^^^^^^^^^^^^^^^^^^^^^^^^^^^^
,0] Assertion `srcIndex < srcSelectDimSize` failed.
../aten/src/ATen/native/cuda/Indexing.cu  File "/uufs/chpc.utah.edu/common/home/u1283221/miniconda3/envs/compositional/lib/python3.11/site-packages/transformers/models/llama/modeling_llama.py", line 413, in forward
:1146: indexSelectLargeIndex: block: [654,0,0], thread: [90,0,0] Assertion `srcIndex < srcSelectDimSize` failed.
../aten/src/ATen/native/cuda/Indexing.cu:1146: indexSelectLargeIndex: block: [654,0,0], thread: [91,0,0] Assertion `srcIndex < srcSelectDimSize` failed.
../aten/src/ATen/native/cuda/Indexing.cu:1146: indexSelectLargeIndex: block: [654,0,0], thread: [92,0,0] Assertion `srcIndex < srcSelectDimSize` failed.
../aten/src/ATen/native/cuda/Indexing.cu:1146: indexSelectLargeIndex: block: [654,0,0], thread: [93,0,0] Assertion `srcIndex < srcSelectDimSize` failed.
../aten/src/ATen/native/cuda/Indexing.cu:1146: indexSelectLargeIndex: block: [654,0,0], thread: [94,0,0] Assertion `srcIndex < srcSelectDimSize` failed.
../aten/src/ATen/native/cuda/Indexing.cu:1146: indexSelectLargeIndex: block: [654,0,0], thread: [95,0,0] Assertion `srcIndex < srcSelectDimSize` failed.
    hidden_states, self_attn_weights, present_key_value = self.self_attn(
                                                          ^^^^^^^^^^^^^^^
  File "/uufs/chpc.utah.edu/common/home/u1283221/miniconda3/envs/compositional/lib/python3.11/site-packages/torch/nn/modules/module.py", line 1501, in _call_impl
    return forward_call(*args, **kwargs)
           ^^^^^^^^^^^^^^^^^^^^^^^^^^^^^
  File "/uufs/chpc.utah.edu/common/home/u1283221/miniconda3/envs/compositional/lib/python3.11/site-packages/transformers/models/llama/modeling_llama.py", line 310, in forward
    query_states = self.q_proj(hidden_states)
                   ^^^^^^^^^^^^^^^^^^^^^^^^^^
  File "/uufs/chpc.utah.edu/common/home/u1283221/miniconda3/envs/compositional/lib/python3.11/site-packages/torch/nn/modules/module.py", line 1501, in _call_impl
    return forward_call(*args, **kwargs)
           ^^^^^^^^^^^^^^^^^^^^^^^^^^^^^
  File "/uufs/chpc.utah.edu/common/home/u1283221/miniconda3/envs/compositional/lib/python3.11/site-packages/torch/nn/modules/linear.py", line 114, in forward
    return F.linear(input, self.weight, self.bias)
           ^^^^^^^^^^^^^^^^^^^^^^^^^^^^^^^^^^^^^^^
RuntimeError: CUDA error: CUBLAS_STATUS_NOT_INITIALIZED when calling `cublasCreate(handle)`
Using pad_token, but it is not set yet.
Loading checkpoint shards:   0%|          | 0/2 [00:00<?, ?it/s]Loading checkpoint shards:  50%|█████     | 1/2 [00:04<00:04,  4.26s/it]Loading checkpoint shards: 100%|██████████| 2/2 [00:05<00:00,  2.66s/it]Loading checkpoint shards: 100%|██████████| 2/2 [00:05<00:00,  2.90s/it]
Downloading data files:   0%|          | 0/1 [00:00<?, ?it/s]Downloading data files: 100%|██████████| 1/1 [00:00<00:00, 13107.20it/s]
Extracting data files:   0%|          | 0/1 [00:00<?, ?it/s]Extracting data files: 100%|██████████| 1/1 [00:00<00:00, 451.29it/s]
Generating train split: 0 examples [00:00, ? examples/s]Generating train split: 10000 examples [00:00, 421478.79 examples/s]
  0%|          | 0/10 [00:00<?, ?it/s]Asking to truncate to max_length but no maximum length is provided and the model has no predefined maximum length. Default to no truncation.
../aten/src/ATen/native/cuda/Indexing.cu:1146: indexSelectLargeIndex: block: [499,0,0], thread: [64,0,0] Assertion `srcIndex < srcSelectDimSize` failed.
../aten/src/ATen/native/cuda/Indexing.cu:1146: indexSelectLargeIndex: block: [499,0,0], thread: [65,0,0] Assertion `srcIndex < srcSelectDimSize` failed.
../aten/src/ATen/native/cuda/Indexing.cu:1146: indexSelectLargeIndex: block: [499,0,0], thread: [66,0,0] Assertion `srcIndex < srcSelectDimSize` failed.
../aten/src/ATen/native/cuda/Indexing.cu:1146: indexSelectLargeIndex: block: [499,0,0], thread: [67,0,0] Assertion `srcIndex < srcSelectDimSize` failed.
../aten/src/ATen/native/cuda/Indexing.cu:1146: indexSelectLargeIndex: block: [499,0,0], thread: [68,0,0] Assertion `srcIndex < srcSelectDimSize` failed.
../aten/src/ATen/native/cuda/Indexing.cu:1146: indexSelectLargeIndex: block: [499,0,0], thread: [69,0,0] Assertion `srcIndex < srcSelectDimSize` failed.
../aten/src/ATen/native/cuda/Indexing.cu:1146: indexSelectLargeIndex: block: [499,0,0], thread: [70,0,0] Assertion `srcIndex < srcSelectDimSize` failed.
../aten/src/ATen/native/cuda/Indexing.cu:1146: indexSelectLargeIndex: block: [499,0,0], thread: [71,0,0] Assertion `srcIndex < srcSelectDimSize` failed.
../aten/src/ATen/native/cuda/Indexing.cu:1146: indexSelectLargeIndex: block: [499,0,0], thread: [72,0,0] Assertion `srcIndex < srcSelectDimSize` failed.
../aten/src/ATen/native/cuda/Indexing.cu:1146: indexSelectLargeIndex: block: [499,0,0], thread: [73,0,0] Assertion `srcIndex < srcSelectDimSize` failed.
../aten/src/ATen/native/cuda/Indexing.cu:1146: indexSelectLargeIndex: block: [499,0,0], thread: [74,0,0] Assertion `srcIndex < srcSelectDimSize` failed.
../aten/src/ATen/native/cuda/Indexing.cu:1146: indexSelectLargeIndex: block: [499,0,0], thread: [75,0,0] Assertion `srcIndex < srcSelectDimSize` failed.
../aten/src/ATen/native/cuda/Indexing.cu:1146: indexSelectLargeIndex: block: [499,0,0], thread: [76,0,0] Assertion `srcIndex < srcSelectDimSize` failed.
../aten/src/ATen/native/cuda/Indexing.cu:1146: indexSelectLargeIndex: block: [499,0,0], thread: [77,0,0] Assertion `srcIndex < srcSelectDimSize` failed.
../aten/src/ATen/native/cuda/Indexing.cu:1146: indexSelectLargeIndex: block: [499,0,0], thread: [78,0,0] Assertion `srcIndex < srcSelectDimSize` failed.
../aten/src/ATen/native/cuda/Indexing.cu:1146: indexSelectLargeIndex: block: [499,0,0], thread: [79,0,0] Assertion `srcIndex < srcSelectDimSize` failed.
../aten/src/ATen/native/cuda/Indexing.cu:1146: indexSelectLargeIndex: block: [499,0,0], thread: [80,0,0] Assertion `srcIndex < srcSelectDimSize` failed.
../aten/src/ATen/native/cuda/Indexing.cu:1146: indexSelectLargeIndex: block: [499,0,0], thread: [81,0,0] Assertion `srcIndex < srcSelectDimSize` failed.
../aten/src/ATen/native/cuda/Indexing.cu:1146: indexSelectLargeIndex: block: [499,0,0], thread: [82,0,0] Assertion `srcIndex < srcSelectDimSize` failed.
../aten/src/ATen/native/cuda/Indexing.cu:1146: indexSelectLargeIndex: block: [499,0,0], thread: [83,0,0] Assertion `srcIndex < srcSelectDimSize` failed.
../aten/src/ATen/native/cuda/Indexing.cu:1146: indexSelectLargeIndex: block: [499,0,0], thread: [84,0,0] Assertion `srcIndex < srcSelectDimSize` failed.
../aten/src/ATen/native/cuda/Indexing.cu:1146: indexSelectLargeIndex: block: [499,0,0], thread: [85,0,0] Assertion `srcIndex < srcSelectDimSize` failed.
../aten/src/ATen/native/cuda/Indexing.cu:1146: indexSelectLargeIndex: block: [499,0,0], thread: [86,0,0] Assertion `srcIndex < srcSelectDimSize` failed.
../aten/src/ATen/native/cuda/Indexing.cu:1146: indexSelectLargeIndex: block: [499,0,0], thread: [87,0,0] Assertion `srcIndex < srcSelectDimSize` failed.
../aten/src/ATen/native/cuda/Indexing.cu:1146: indexSelectLargeIndex: block: [499,0,0], thread: [88,0,0] Assertion `srcIndex < srcSelectDimSize` failed.
../aten/src/ATen/native/cuda/Indexing.cu:1146: indexSelectLargeIndex: block: [499,0,0], thread: [89,0,0] Assertion `srcIndex < srcSelectDimSize` failed.
../aten/src/ATen/native/cuda/Indexing.cu:1146: indexSelectLargeIndex: block: [499,0,0], thread: [90,0,0] Assertion `srcIndex < srcSelectDimSize` failed.
../aten/src/ATen/native/cuda/Indexing.cu:1146: indexSelectLargeIndex: block: [499,0,0], thread: [91,0,0] Assertion `srcIndex < srcSelectDimSize` failed.
../aten/src/ATen/native/cuda/Indexing.cu:1146: indexSelectLargeIndex: block: [499,0,0], thread: [92,0,0] Assertion `srcIndex < srcSelectDimSize` failed.
../aten/src/ATen/native/cuda/Indexing.cu:1146: indexSelectLargeIndex: block: [499,0,0], thread: [93,0,0] Assertion `srcIndex < srcSelectDimSize` failed.
../aten/src/ATen/native/cuda/Indexing.cu:1146: indexSelectLargeIndex: block: [499,0,0], thread: [94,0,0] Assertion `srcIndex < srcSelectDimSize` failed.
../aten/src/ATen/native/cuda/Indexing.cu:1146: indexSelectLargeIndex: block: [499,0,0], thread: [95,0,0] Assertion `srcIndex < srcSelectDimSize` failed.
../aten/src/ATen/native/cuda/Indexing.cu:1146: indexSelectLargeIndex: block: [499,0,0], thread: [0,0,0] Assertion `srcIndex < srcSelectDimSize` failed.
../aten/src/ATen/native/cuda/Indexing.cu:1146: indexSelectLargeIndex: block: [499,0,0], thread: [1,0,0] Assertion `srcIndex < srcSelectDimSize` failed.
../aten/src/ATen/native/cuda/Indexing.cu:1146: indexSelectLargeIndex: block: [499,0,0], thread: [2,0,0] Assertion `srcIndex < srcSelectDimSize` failed.
../aten/src/ATen/native/cuda/Indexing.cu:1146: indexSelectLargeIndex: block: [499,0,0], thread: [3,0,0] Assertion `srcIndex < srcSelectDimSize` failed.
../aten/src/ATen/native/cuda/Indexing.cu:1146: indexSelectLargeIndex: block: [499,0,0], thread: [4,0,0] Assertion `srcIndex < srcSelectDimSize` failed.
../aten/src/ATen/native/cuda/Indexing.cu:1146: indexSelectLargeIndex: block: [499,0,0], thread: [5,0,0] Assertion `srcIndex < srcSelectDimSize` failed.
../aten/src/ATen/native/cuda/Indexing.cu:1146: indexSelectLargeIndex: block: [499,0,0], thread: [6,0,0] Assertion `srcIndex < srcSelectDimSize` failed.
../aten/src/ATen/native/cuda/Indexing.cu:1146: indexSelectLargeIndex: block: [499,0,0], thread: [7,0,0] Assertion `srcIndex < srcSelectDimSize` failed.
../aten/src/ATen/native/cuda/Indexing.cu:1146: indexSelectLargeIndex: block: [499,0,0], thread: [8,0,0] Assertion `srcIndex < srcSelectDimSize` failed.
../aten/src/ATen/native/cuda/Indexing.cu:1146: indexSelectLargeIndex: block: [499,0,0], thread: [9,0,0] Assertion `srcIndex < srcSelectDimSize` failed.
../aten/src/ATen/native/cuda/Indexing.cu:1146: indexSelectLargeIndex: block: [499,0,0], thread: [10,0,0] Assertion `srcIndex < srcSelectDimSize` failed.
../aten/src/ATen/native/cuda/Indexing.cu:1146: indexSelectLargeIndex: block: [499,0,0], thread: [11,0,0] Assertion `srcIndex < srcSelectDimSize` failed.
../aten/src/ATen/native/cuda/Indexing.cu:1146: indexSelectLargeIndex: block: [499,0,0], thread: [12,0,0] Assertion `srcIndex < srcSelectDimSize` failed.
../aten/src/ATen/native/cuda/Indexing.cu:1146: indexSelectLargeIndex: block: [499,0,0], thread: [13,0,0] Assertion `srcIndex < srcSelectDimSize` failed.
../aten/src/ATen/native/cuda/Indexing.cu:1146: indexSelectLargeIndex: block: [499,0,0], thread: [14,0,0] Assertion `srcIndex < srcSelectDimSize` failed.
../aten/src/ATen/native/cuda/Indexing.cu:1146: indexSelectLargeIndex: block: [499,0,0], thread: [15,0,0] Assertion `srcIndex < srcSelectDimSize` failed.
../aten/src/ATen/native/cuda/Indexing.cu:1146: indexSelectLargeIndex: block: [499,0,0], thread: [16,0,0] Assertion `srcIndex < srcSelectDimSize` failed.
../aten/src/ATen/native/cuda/Indexing.cu:1146: indexSelectLargeIndex: block: [499,0,0], thread: [17,0,0] Assertion `srcIndex < srcSelectDimSize` failed.
../aten/src/ATen/native/cuda/Indexing.cu:1146: indexSelectLargeIndex: block: [499,0,0], thread: [18,0,0] Assertion `srcIndex < srcSelectDimSize` failed.
../aten/src/ATen/native/cuda/Indexing.cu:1146: indexSelectLargeIndex: block: [499,0,0], thread: [19,0,0] Assertion `srcIndex < srcSelectDimSize` failed.
../aten/src/ATen/native/cuda/Indexing.cu:1146: indexSelectLargeIndex: block: [499,0,0], thread: [20,0,0] Assertion `srcIndex < srcSelectDimSize` failed.
../aten/src/ATen/native/cuda/Indexing.cu:1146: indexSelectLargeIndex: block: [499,0,0], thread: [21,0,0] Assertion `srcIndex < srcSelectDimSize` failed.
../aten/src/ATen/native/cuda/Indexing.cu:1146: indexSelectLargeIndex: block: [499,0,0], thread: [22,0,0] Assertion `srcIndex < srcSelectDimSize` failed.
../aten/src/ATen/native/cuda/Indexing.cu:1146: indexSelectLargeIndex: block: [499,0,0], thread: [23,0,0] Assertion `srcIndex < srcSelectDimSize` failed.
../aten/src/ATen/native/cuda/Indexing.cu:1146: indexSelectLargeIndex: block: [499,0,0], thread: [24,0,0] Assertion `srcIndex < srcSelectDimSize` failed.
../aten/src/ATen/native/cuda/Indexing.cu:1146: indexSelectLargeIndex: block: [499,0,0], thread: [25,0,0] Assertion `srcIndex < srcSelectDimSize` failed.
../aten/src/ATen/native/cuda/Indexing.cu:1146: indexSelectLargeIndex: block: [499,0,0], thread: [26,0,0] Assertion `srcIndex < srcSelectDimSize` failed.
../aten/src/ATen/native/cuda/Indexing.cu:1146: indexSelectLargeIndex: block: [499,0,0], thread: [27,0,0] Assertion `srcIndex < srcSelectDimSize` failed.
../aten/src/ATen/native/cuda/Indexing.cu:1146: indexSelectLargeIndex: block: [499,0,0], thread: [28,0,0] Assertion `srcIndex < srcSelectDimSize` failed.
../aten/src/ATen/native/cuda/Indexing.cu:1146: indexSelectLargeIndex: block: [499,0,0], thread: [29,0,0] Assertion `srcIndex < srcSelectDimSize` failed.
../aten/src/ATen/native/cuda/Indexing.cu:1146: indexSelectLargeIndex: block: [499,0,0], thread: [30,0,0] Assertion `srcIndex < srcSelectDimSize` failed.
../aten/src/ATen/native/cuda/Indexing.cu:1146: indexSelectLargeIndex: block: [499,0,0], thread: [31,0,0] Assertion `srcIndex < srcSelectDimSize` failed.
../aten/src/ATen/native/cuda/Indexing.cu:1146: indexSelectLargeIndex: block: [499,0,0], thread: [32,0,0] Assertion `srcIndex < srcSelectDimSize` failed.
../aten/src/ATen/native/cuda/Indexing.cu:1146: indexSelectLargeIndex: block: [499,0,0], thread: [33,0,0] Assertion `srcIndex < srcSelectDimSize` failed.
../aten/src/ATen/native/cuda/Indexing.cu:1146: indexSelectLargeIndex: block: [499,0,0], thread: [34,0,0] Assertion `srcIndex < srcSelectDimSize` failed.
../aten/src/ATen/native/cuda/Indexing.cu:1146: indexSelectLargeIndex: block: [499,0,0], thread: [35,0,0] Assertion `srcIndex < srcSelectDimSize` failed.
../aten/src/ATen/native/cuda/Indexing.cu:1146: indexSelectLargeIndex: block: [499,0,0], thread: [36,0,0] Assertion `srcIndex < srcSelectDimSize` failed.
../aten/src/ATen/native/cuda/Indexing.cu:1146: indexSelectLargeIndex: block: [499,0,0], thread: [37,0,0] Assertion `srcIndex < srcSelectDimSize` failed.
../aten/src/ATen/native/cuda/Indexing.cu:1146: indexSelectLargeIndex: block: [499,0,0], thread: [38,0,0] Assertion `srcIndex < srcSelectDimSize` failed.
../aten/src/ATen/native/cuda/Indexing.cu:1146: indexSelectLargeIndex: block: [499,0,0], thread: [39,0,0] Assertion `srcIndex < srcSelectDimSize` failed.
../aten/src/ATen/native/cuda/Indexing.cu:1146: indexSelectLargeIndex: block: [499,0,0], thread: [40,0,0] Assertion `srcIndex < srcSelectDimSize` failed.
../aten/src/ATen/native/cuda/Indexing.cu:1146: indexSelectLargeIndex: block: [499,0,0], thread: [41,0,0] Assertion `srcIndex < srcSelectDimSize` failed.
../aten/src/ATen/native/cuda/Indexing.cu:1146: indexSelectLargeIndex: block: [499,0,0], thread: [42,0,0] Assertion `srcIndex < srcSelectDimSize` failed.
../aten/src/ATen/native/cuda/Indexing.cu:1146: indexSelectLargeIndex: block: [499,0,0], thread: [43,0,0] Assertion `srcIndex < srcSelectDimSize` failed.
../aten/src/ATen/native/cuda/Indexing.cu:1146: indexSelectLargeIndex: block: [499,0,0], thread: [44,0,0] Assertion `srcIndex < srcSelectDimSize` failed.
../aten/src/ATen/native/cuda/Indexing.cu:1146: indexSelectLargeIndex: block: [499,0,0], thread: [45,0,0] Assertion `srcIndex < srcSelectDimSize` failed.
../aten/src/ATen/native/cuda/Indexing.cu:1146: indexSelectLargeIndex: block: [499,0,0], thread: [46,0,0] Assertion `srcIndex < srcSelectDimSize` failed.
../aten/src/ATen/native/cuda/Indexing.cu:1146: indexSelectLargeIndex: block: [499,0,0], thread: [47,0,0] Assertion `srcIndex < srcSelectDimSize` failed.
../aten/src/ATen/native/cuda/Indexing.cu:1146: indexSelectLargeIndex: block: [499,0,0], thread: [48,0,0] Assertion `srcIndex < srcSelectDimSize` failed.
../aten/src/ATen/native/cuda/Indexing.cu:1146: indexSelectLargeIndex: block: [499,0,0], thread: [49,0,0] Assertion `srcIndex < srcSelectDimSize` failed.
../aten/src/ATen/native/cuda/Indexing.cu:1146: indexSelectLargeIndex: block: [499,0,0], thread: [50,0,0] Assertion `srcIndex < srcSelectDimSize` failed.
../aten/src/ATen/native/cuda/Indexing.cu:1146: indexSelectLargeIndex: block: [499,0,0], thread: [51,0,0] Assertion `srcIndex < srcSelectDimSize` failed.
../aten/src/ATen/native/cuda/Indexing.cu:1146: indexSelectLargeIndex: block: [499,0,0], thread: [52,0,0] Assertion `srcIndex < srcSelectDimSize` failed.
../aten/src/ATen/native/cuda/Indexing.cu:1146: indexSelectLargeIndex: block: [499,0,0], thread: [53,0,0] Assertion `srcIndex < srcSelectDimSize` failed.
../aten/src/ATen/native/cuda/Indexing.cu:1146: indexSelectLargeIndex: block: [499,0,0], thread: [54,0,0] Assertion `srcIndex < srcSelectDimSize` failed.
../aten/src/ATen/native/cuda/Indexing.cu:1146: indexSelectLargeIndex: block: [499,0,0], thread: [55,0,0] Assertion `srcIndex < srcSelectDimSize` failed.
../aten/src/ATen/native/cuda/Indexing.cu:1146: indexSelectLargeIndex: block: [499,0,0], thread: [56,0,0] Assertion `srcIndex < srcSelectDimSize` failed.
../aten/src/ATen/native/cuda/Indexing.cu:1146: indexSelectLargeIndex: block: [499,0,0], thread: [57,0,0] Assertion `srcIndex < srcSelectDimSize` failed.
../aten/src/ATen/native/cuda/Indexing.cu:1146: indexSelectLargeIndex: block: [499,0,0], thread: [58,0,0] Assertion `srcIndex < srcSelectDimSize` failed.
../aten/src/ATen/native/cuda/Indexing.cu:1146: indexSelectLargeIndex: block: [499,0,0], thread: [59,0,0] Assertion `srcIndex < srcSelectDimSize` failed.
../aten/src/ATen/native/cuda/Indexing.cu:1146: indexSelectLargeIndex: block: [499,0,0], thread: [60,0,0] Assertion `srcIndex < srcSelectDimSize` failed.
../aten/src/ATen/native/cuda/Indexing.cu:1146: indexSelectLargeIndex: block: [499,0,0], thread: [61,0,0] Assertion `srcIndex < srcSelectDimSize` failed.
../aten/src/ATen/native/cuda/Indexing.cu:1146: indexSelectLargeIndex: block: [499,0,0], thread: [62,0,0] Assertion `srcIndex < srcSelectDimSize` failed.
../aten/src/ATen/native/cuda/Indexing.cu:1146: indexSelectLargeIndex: block: [499,0,0], thread: [63,0,0] Assertion `srcIndex < srcSelectDimSize` failed.
../aten/src/ATen/native/cuda/Indexing.cu:1146: indexSelectLargeIndex: block: [502,0,0], thread: [32,0,0] Assertion `srcIndex < srcSelectDimSize` failed.
../aten/src/ATen/native/cuda/Indexing.cu:1146: indexSelectLargeIndex: block: [502,0,0], thread: [33,0,0] Assertion `srcIndex < srcSelectDimSize` failed.
../aten/src/ATen/native/cuda/Indexing.cu:1146: indexSelectLargeIndex: block: [502,0,0], thread: [34,0,0] Assertion `srcIndex < srcSelectDimSize` failed.
../aten/src/ATen/native/cuda/Indexing.cu:1146: indexSelectLargeIndex: block: [502,0,0], thread: [35,0,0] Assertion `srcIndex < srcSelectDimSize` failed.
../aten/src/ATen/native/cuda/Indexing.cu:1146: indexSelectLargeIndex: block: [502,0,0], thread: [36,0,0] Assertion `srcIndex < srcSelectDimSize` failed.
../aten/src/ATen/native/cuda/Indexing.cu:1146: indexSelectLargeIndex: block: [502,0,0], thread: [37,0,0] Assertion `srcIndex < srcSelectDimSize` failed.
../aten/src/ATen/native/cuda/Indexing.cu:1146: indexSelectLargeIndex: block: [502,0,0], thread: [38,0,0] Assertion `srcIndex < srcSelectDimSize` failed.
../aten/src/ATen/native/cuda/Indexing.cu:1146: indexSelectLargeIndex: block: [502,0,0], thread: [39,0,0] Assertion `srcIndex < srcSelectDimSize` failed.
../aten/src/ATen/native/cuda/Indexing.cu:1146: indexSelectLargeIndex: block: [502,0,0], thread: [40,0,0] Assertion `srcIndex < srcSelectDimSize` failed.
../aten/src/ATen/native/cuda/Indexing.cu:1146: indexSelectLargeIndex: block: [502,0,0], thread: [41,0,0] Assertion `srcIndex < srcSelectDimSize` failed.
../aten/src/ATen/native/cuda/Indexing.cu:1146: indexSelectLargeIndex: block: [502,0,0], thread: [42,0,0] Assertion `srcIndex < srcSelectDimSize` failed.
../aten/src/ATen/native/cuda/Indexing.cu:1146: indexSelectLargeIndex: block: [502,0,0], thread: [43,0,0] Assertion `srcIndex < srcSelectDimSize` failed.
../aten/src/ATen/native/cuda/Indexing.cu:1146: indexSelectLargeIndex: block: [502,0,0], thread: [44,0,0] Assertion `srcIndex < srcSelectDimSize` failed.
../aten/src/ATen/native/cuda/Indexing.cu:1146: indexSelectLargeIndex: block: [502,0,0], thread: [45,0,0] Assertion `srcIndex < srcSelectDimSize` failed.
../aten/src/ATen/native/cuda/Indexing.cu:1146: indexSelectLargeIndex: block: [502,0,0], thread: [46,0,0] Assertion `srcIndex < srcSelectDimSize` failed.
../aten/src/ATen/native/cuda/Indexing.cu:1146: indexSelectLargeIndex: block: [502,0,0], thread: [47,0,0] Assertion `srcIndex < srcSelectDimSize` failed.
../aten/src/ATen/native/cuda/Indexing.cu:1146: indexSelectLargeIndex: block: [502,0,0], thread: [48,0,0] Assertion `srcIndex < srcSelectDimSize` failed.
../aten/src/ATen/native/cuda/Indexing.cu:1146: indexSelectLargeIndex: block: [502,0,0], thread: [49,0,0] Assertion `srcIndex < srcSelectDimSize` failed.
../aten/src/ATen/native/cuda/Indexing.cu:1146: indexSelectLargeIndex: block: [502,0,0], thread: [50,0,0] Assertion `srcIndex < srcSelectDimSize` failed.
../aten/src/ATen/native/cuda/Indexing.cu:1146: indexSelectLargeIndex: block: [502,0,0], thread: [51,0,0] Assertion `srcIndex < srcSelectDimSize` failed.
../aten/src/ATen/native/cuda/Indexing.cu:1146: indexSelectLargeIndex: block: [502,0,0], thread: [52,0,0] Assertion `srcIndex < srcSelectDimSize` failed.
../aten/src/ATen/native/cuda/Indexing.cu:1146: indexSelectLargeIndex: block: [502,0,0], thread: [53,0,0] Assertion `srcIndex < srcSelectDimSize` failed.
../aten/src/ATen/native/cuda/Indexing.cu:1146: indexSelectLargeIndex: block: [502,0,0], thread: [54,0,0] Assertion `srcIndex < srcSelectDimSize` failed.
../aten/src/ATen/native/cuda/Indexing.cu:1146: indexSelectLargeIndex: block: [502,0,0], thread: [55,0,0] Assertion `srcIndex < srcSelectDimSize` failed.
../aten/src/ATen/native/cuda/Indexing.cu:1146: indexSelectLargeIndex: block: [502,0,0], thread: [56,0,0] Assertion `srcIndex < srcSelectDimSize` failed.
../aten/src/ATen/native/cuda/Indexing.cu:1146: indexSelectLargeIndex: block: [502,0,0], thread: [57,0,0] Assertion `srcIndex < srcSelectDimSize` failed.
../aten/src/ATen/native/cuda/Indexing.cu:1146: indexSelectLargeIndex: block: [502,0,0], thread: [58,0,0] Assertion `srcIndex < srcSelectDimSize` failed.
../aten/src/ATen/native/cuda/Indexing.cu:1146: indexSelectLargeIndex: block: [502,0,0], thread: [59,0,0] Assertion `srcIndex < srcSelectDimSize` failed.
../aten/src/ATen/native/cuda/Indexing.cu:1146: indexSelectLargeIndex: block: [502,0,0], thread: [60,0,0] Assertion `srcIndex < srcSelectDimSize` failed.
../aten/src/ATen/native/cuda/Indexing.cu:1146: indexSelectLargeIndex: block: [502,0,0], thread: [61,0,0] Assertion `srcIndex < srcSelectDimSize` failed.
../aten/src/ATen/native/cuda/Indexing.cu:1146: indexSelectLargeIndex: block: [502,0,0], thread: [62,0,0] Assertion `srcIndex < srcSelectDimSize` failed.
../aten/src/ATen/native/cuda/Indexing.cu:1146: indexSelectLargeIndex: block: [502,0,0], thread: [63,0,0] Assertion `srcIndex < srcSelectDimSize` failed.
../aten/src/ATen/native/cuda/Indexing.cu:1146: indexSelectLargeIndex: block: [502,0,0], thread: [96,0,0] Assertion `srcIndex < srcSelectDimSize` failed.
../aten/src/ATen/native/cuda/Indexing.cu:1146: indexSelectLargeIndex: block: [502,0,0], thread: [97,0,0] Assertion `srcIndex < srcSelectDimSize` failed.
../aten/src/ATen/native/cuda/Indexing.cu:1146: indexSelectLargeIndex: block: [502,0,0], thread: [98,0,0] Assertion `srcIndex < srcSelectDimSize` failed.
../aten/src/ATen/native/cuda/Indexing.cu:1146: indexSelectLargeIndex: block: [502,0,0], thread: [99,0,0] Assertion `srcIndex < srcSelectDimSize` failed.
../aten/src/ATen/native/cuda/Indexing.cu:1146: indexSelectLargeIndex: block: [502,0,0], thread: [100,0,0] Assertion `srcIndex < srcSelectDimSize` failed.
../aten/src/ATen/native/cuda/Indexing.cu:1146: indexSelectLargeIndex: block: [502,0,0], thread: [101,0,0] Assertion `srcIndex < srcSelectDimSize` failed.
../aten/src/ATen/native/cuda/Indexing.cu:1146: indexSelectLargeIndex: block: [502,0,0], thread: [102,0,0] Assertion `srcIndex < srcSelectDimSize` failed.
../aten/src/ATen/native/cuda/Indexing.cu:1146: indexSelectLargeIndex: block: [502,0,0], thread: [103,0,0] Assertion `srcIndex < srcSelectDimSize` failed.
../aten/src/ATen/native/cuda/Indexing.cu:1146: indexSelectLargeIndex: block: [502,0,0], thread: [104,0,0] Assertion `srcIndex < srcSelectDimSize` failed.
../aten/src/ATen/native/cuda/Indexing.cu:1146: indexSelectLargeIndex: block: [502,0,0], thread: [105,0,0] Assertion `srcIndex < srcSelectDimSize` failed.
../aten/src/ATen/native/cuda/Indexing.cu:1146: indexSelectLargeIndex: block: [502,0,0], thread: [106,0,0] Assertion `srcIndex < srcSelectDimSize` failed.
../aten/src/ATen/native/cuda/Indexing.cu:1146: indexSelectLargeIndex: block: [502,0,0], thread: [107,0,0] Assertion `srcIndex < srcSelectDimSize` failed.
../aten/src/ATen/native/cuda/Indexing.cu:1146: indexSelectLargeIndex: block: [502,0,0], thread: [108,0,0] Assertion `srcIndex < srcSelectDimSize` failed.
../aten/src/ATen/native/cuda/Indexing.cu:1146: indexSelectLargeIndex: block: [502,0,0], thread: [109,0,0] Assertion `srcIndex < srcSelectDimSize` failed.
../aten/src/ATen/native/cuda/Indexing.cu:1146: indexSelectLargeIndex: block: [502,0,0], thread: [110,0,0] Assertion `srcIndex < srcSelectDimSize` failed.
../aten/src/ATen/native/cuda/Indexing.cu:1146: indexSelectLargeIndex: block: [502,0,0], thread: [111,0,0] Assertion `srcIndex < srcSelectDimSize` failed.
../aten/src/ATen/native/cuda/Indexing.cu:1146: indexSelectLargeIndex: block: [502,0,0], thread: [112,0,0] Assertion `srcIndex < srcSelectDimSize` failed.
../aten/src/ATen/native/cuda/Indexing.cu:1146: indexSelectLargeIndex: block: [502,0,0], thread: [113,0,0] Assertion `srcIndex < srcSelectDimSize` failed.
../aten/src/ATen/native/cuda/Indexing.cu:1146: indexSelectLargeIndex: block: [502,0,0], thread: [114,0,0] Assertion `srcIndex < srcSelectDimSize` failed.
../aten/src/ATen/native/cuda/Indexing.cu:1146: indexSelectLargeIndex: block: [502,0,0], thread: [115,0,0] Assertion `srcIndex < srcSelectDimSize` failed.
../aten/src/ATen/native/cuda/Indexing.cu:1146: indexSelectLargeIndex: block: [502,0,0], thread: [116,0,0] Assertion `srcIndex < srcSelectDimSize` failed.
../aten/src/ATen/native/cuda/Indexing.cu:1146: indexSelectLargeIndex: block: [502,0,0], thread: [117,0,0] Assertion `srcIndex < srcSelectDimSize` failed.
../aten/src/ATen/native/cuda/Indexing.cu:1146: indexSelectLargeIndex: block: [502,0,0], thread: [118,0,0] Assertion `srcIndex < srcSelectDimSize` failed.
../aten/src/ATen/native/cuda/Indexing.cu:1146: indexSelectLargeIndex: block: [502,0,0], thread: [119,0,0] Assertion `srcIndex < srcSelectDimSize` failed.
../aten/src/ATen/native/cuda/Indexing.cu:1146: indexSelectLargeIndex: block: [502,0,0], thread: [120,0,0] Assertion `srcIndex < srcSelectDimSize` failed.
../aten/src/ATen/native/cuda/Indexing.cu:1146: indexSelectLargeIndex: block: [502,0,0], thread: [121,0,0] Assertion `srcIndex < srcSelectDimSize` failed.
../aten/src/ATen/native/cuda/Indexing.cu:1146: indexSelectLargeIndex: block: [502,0,0], thread: [122,0,0] Assertion `srcIndex < srcSelectDimSize` failed.
../aten/src/ATen/native/cuda/Indexing.cu:1146: indexSelectLargeIndex: block: [502,0,0], thread: [123,0,0] Assertion `srcIndex < srcSelectDimSize` failed.
../aten/src/ATen/native/cuda/Indexing.cu:1146: indexSelectLargeIndex: block: [502,0,0], thread: [124,0,0] Assertion `srcIndex < srcSelectDimSize` failed.
../aten/src/ATen/native/cuda/Indexing.cu:1146: indexSelectLargeIndex: block: [502,0,0], thread: [125,0,0] Assertion `srcIndex < srcSelectDimSize` failed.
../aten/src/ATen/native/cuda/Indexing.cu:1146: indexSelectLargeIndex: block: [502,0,0], thread: [126,0,0] Assertion `srcIndex < srcSelectDimSize` failed.
../aten/src/ATen/native/cuda/Indexing.cu:1146: indexSelectLargeIndex: block: [502,0,0], thread: [127,0,0] Assertion `srcIndex < srcSelectDimSize` failed.
../aten/src/ATen/native/cuda/Indexing.cu:1146: indexSelectLargeIndex: block: [502,0,0], thread: [0,0,0] Assertion `srcIndex < srcSelectDimSize` failed.
../aten/src/ATen/native/cuda/Indexing.cu:1146: indexSelectLargeIndex: block: [502,0,0], thread: [1,0,0] Assertion `srcIndex < srcSelectDimSize` failed.
../aten/src/ATen/native/cuda/Indexing.cu:1146: indexSelectLargeIndex: block: [502,0,0], thread: [2,0,0] Assertion `srcIndex < srcSelectDimSize` failed.
../aten/src/ATen/native/cuda/Indexing.cu:1146: indexSelectLargeIndex: block: [502,0,0], thread: [3,0,0] Assertion `srcIndex < srcSelectDimSize` failed.
../aten/src/ATen/native/cuda/Indexing.cu:1146: indexSelectLargeIndex: block: [502,0,0], thread: [4,0,0] Assertion `srcIndex < srcSelectDimSize` failed.
../aten/src/ATen/native/cuda/Indexing.cu:1146: indexSelectLargeIndex: block: [502,0,0], thread: [5,0,0] Assertion `srcIndex < srcSelectDimSize` failed.
../aten/src/ATen/native/cuda/Indexing.cu:1146: indexSelectLargeIndex: block: [502,0,0], thread: [6,0,0] Assertion `srcIndex < srcSelectDimSize` failed.
../aten/src/ATen/native/cuda/Indexing.cu:1146: indexSelectLargeIndex: block: [502,0,0], thread: [7,0,0] Assertion `srcIndex < srcSelectDimSize` failed.
../aten/src/ATen/native/cuda/Indexing.cu:1146: indexSelectLargeIndex: block: [502,0,0], thread: [8,0,0] Assertion `srcIndex < srcSelectDimSize` failed.
../aten/src/ATen/native/cuda/Indexing.cu:1146: indexSelectLargeIndex: block: [502,0,0], thread: [9,0,0] Assertion `srcIndex < srcSelectDimSize` failed.
../aten/src/ATen/native/cuda/Indexing.cu:1146: indexSelectLargeIndex: block: [502,0,0], thread: [10,0,0] Assertion `srcIndex < srcSelectDimSize` failed.
../aten/src/ATen/native/cuda/Indexing.cu:1146: indexSelectLargeIndex: block: [502,0,0], thread: [11,0,0] Assertion `srcIndex < srcSelectDimSize` failed.
../aten/src/ATen/native/cuda/Indexing.cu:1146: indexSelectLargeIndex: block: [502,0,0], thread: [12,0,0] Assertion `srcIndex < srcSelectDimSize` failed.
../aten/src/ATen/native/cuda/Indexing.cu:1146: indexSelectLargeIndex: block: [502,0,0], thread: [13,0,0] Assertion `srcIndex < srcSelectDimSize` failed.
../aten/src/ATen/native/cuda/Indexing.cu:1146: indexSelectLargeIndex: block: [502,0,0], thread: [14,0,0] Assertion `srcIndex < srcSelectDimSize` failed.
../aten/src/ATen/native/cuda/Indexing.cu:1146: indexSelectLargeIndex: block: [502,0,0], thread: [15,0,0] Assertion `srcIndex < srcSelectDimSize` failed.
../aten/src/ATen/native/cuda/Indexing.cu:1146: indexSelectLargeIndex: block: [502,0,0], thread: [16,0,0] Assertion `srcIndex < srcSelectDimSize` failed.
../aten/src/ATen/native/cuda/Indexing.cu:1146: indexSelectLargeIndex: block: [502,0,0], thread: [17,0,0] Assertion `srcIndex < srcSelectDimSize` failed.
../aten/src/ATen/native/cuda/Indexing.cu:1146: indexSelectLargeIndex: block: [502,0,0], thread: [18,0,0] Assertion `srcIndex < srcSelectDimSize` failed.
../aten/src/ATen/native/cuda/Indexing.cu:1146: indexSelectLargeIndex: block: [502,0,0], thread: [19,0,0] Assertion `srcIndex < srcSelectDimSize` failed.
../aten/src/ATen/native/cuda/Indexing.cu:1146: indexSelectLargeIndex: block: [502,0,0], thread: [20,0,0] Assertion `srcIndex < srcSelectDimSize` failed.
../aten/src/ATen/native/cuda/Indexing.cu:1146: indexSelectLargeIndex: block: [502,0,0], thread: [21,0,0] Assertion `srcIndex < srcSelectDimSize` failed.
../aten/src/ATen/native/cuda/Indexing.cu:1146: indexSelectLargeIndex: block: [502,0,0], thread: [22,0,0] Assertion `srcIndex < srcSelectDimSize` failed.
../aten/src/ATen/native/cuda/Indexing.cu:1146: indexSelectLargeIndex: block: [502,0,0], thread: [23,0,0] Assertion `srcIndex < srcSelectDimSize` failed.
../aten/src/ATen/native/cuda/Indexing.cu:1146: indexSelectLargeIndex: block: [502,0,0], thread: [24,0,0] Assertion `srcIndex < srcSelectDimSize` failed.
../aten/src/ATen/native/cuda/Indexing.cu:1146: indexSelectLargeIndex: block: [502,0,0], thread: [25,0,0] Assertion `srcIndex < srcSelectDimSize` failed.
../aten/src/ATen/native/cuda/Indexing.cu:1146: indexSelectLargeIndex: block: [502,0,0], thread: [26,0,0] Assertion `srcIndex < srcSelectDimSize` failed.
../aten/src/ATen/native/cuda/Indexing.cu:1146: indexSelectLargeIndex: block: [502,0,0], thread: [27,0,0] Assertion `srcIndex < srcSelectDimSize` failed.
../aten/src/ATen/native/cuda/Indexing.cu:1146: indexSelectLargeIndex: block: [502,0,0], thread: [28,0,0] Assertion `srcIndex < srcSelectDimSize` failed.
../aten/src/ATen/native/cuda/Indexing.cu:1146: indexSelectLargeIndex: block: [502,0,0], thread: [29,0,0] Assertion `srcIndex < srcSelectDimSize` failed.
../aten/src/ATen/native/cuda/Indexing.cu:1146: indexSelectLargeIndex: block: [502,0,0], thread: [30,0,0] Assertion `srcIndex < srcSelectDimSize` failed.
../aten/src/ATen/native/cuda/Indexing.cu:1146: indexSelectLargeIndex: block: [502,0,0], thread: [31,0,0] Assertion `srcIndex < srcSelectDimSize` failed.
../aten/src/ATen/native/cuda/Indexing.cu:1146: indexSelectLargeIndex: block: [499,0,0], thread: [96,0,0] Assertion `srcIndex < srcSelectDimSize` failed.
../aten/src/ATen/native/cuda/Indexing.cu:1146: indexSelectLargeIndex: block: [499,0,0], thread: [97,0,0] Assertion `srcIndex < srcSelectDimSize` failed.
../aten/src/ATen/native/cuda/Indexing.cu:1146: indexSelectLargeIndex: block: [499,0,0], thread: [98,0,0] Assertion `srcIndex < srcSelectDimSize` failed.
../aten/src/ATen/native/cuda/Indexing.cu:1146: indexSelectLargeIndex: block: [499,0,0], thread: [99,0,0] Assertion `srcIndex < srcSelectDimSize` failed.
../aten/src/ATen/native/cuda/Indexing.cu:1146: indexSelectLargeIndex: block: [499,0,0], thread: [100,0,0] Assertion `srcIndex < srcSelectDimSize` failed.
../aten/src/ATen/native/cuda/Indexing.cu:1146: indexSelectLargeIndex: block: [499,0,0], thread: [101,0,0] Assertion `srcIndex < srcSelectDimSize` failed.
../aten/src/ATen/native/cuda/Indexing.cu:1146: indexSelectLargeIndex: block: [499,0,0], thread: [102,0,0] Assertion `srcIndex < srcSelectDimSize` failed.
../aten/src/ATen/native/cuda/Indexing.cu:1146: indexSelectLargeIndex: block: [499,0,0], thread: [103,0,0] Assertion `srcIndex < srcSelectDimSize` failed.
../aten/src/ATen/native/cuda/Indexing.cu:1146: indexSelectLargeIndex: block: [499,0,0], thread: [104,0,0] Assertion `srcIndex < srcSelectDimSize` failed.
../aten/src/ATen/native/cuda/Indexing.cu:1146: indexSelectLargeIndex: block: [499,0,0], thread: [105,0,0] Assertion `srcIndex < srcSelectDimSize` failed.
../aten/src/ATen/native/cuda/Indexing.cu:1146: indexSelectLargeIndex: block: [499,0,0], thread: [106,0,0] Assertion `srcIndex < srcSelectDimSize` failed.
../aten/src/ATen/native/cuda/Indexing.cu:1146: indexSelectLargeIndex: block: [499,0,0], thread: [107,0,0] Assertion `srcIndex < srcSelectDimSize` failed.
../aten/src/ATen/native/cuda/Indexing.cu:1146: indexSelectLargeIndex: block: [499,0,0], thread: [108,0,0] Assertion `srcIndex < srcSelectDimSize` failed.
../aten/src/ATen/native/cuda/Indexing.cu:1146: indexSelectLargeIndex: block: [499,0,0], thread: [109,0,0] Assertion `srcIndex < srcSelectDimSize` failed.
../aten/src/ATen/native/cuda/Indexing.cu:1146: indexSelectLargeIndex: block: [499,0,0], thread: [110,0,0] Assertion `srcIndex < srcSelectDimSize` failed.
../aten/src/ATen/native/cuda/Indexing.cu:1146: indexSelectLargeIndex: block: [499,0,0], thread: [111,0,0] Assertion `srcIndex < srcSelectDimSize` failed.
../aten/src/ATen/native/cuda/Indexing.cu:1146: indexSelectLargeIndex: block: [499,0,0], thread: [112,0,0] Assertion `srcIndex < srcSelectDimSize` failed.
../aten/src/ATen/native/cuda/Indexing.cu:1146: indexSelectLargeIndex: block: [499,0,0], thread: [113,0,0] Assertion `srcIndex < srcSelectDimSize` failed.
../aten/src/ATen/native/cuda/Indexing.cu:1146: indexSelectLargeIndex: block: [499,0,0], thread: [114,0,0] Assertion `srcIndex < srcSelectDimSize` failed.
../aten/src/ATen/native/cuda/Indexing.cu:1146: indexSelectLargeIndex: block: [499,0,0], thread: [115,0,0] Assertion `srcIndex < srcSelectDimSize` failed.
../aten/src/ATen/native/cuda/Indexing.cu:1146: indexSelectLargeIndex: block: [499,0,0], thread: [116,0,0] Assertion `srcIndex < srcSelectDimSize` failed.
../aten/src/ATen/native/cuda/Indexing.cu:1146: indexSelectLargeIndex: block: [499,0,0], thread: [117,0,0] Assertion `srcIndex < srcSelectDimSize` failed.
../aten/src/ATen/native/cuda/Indexing.cu:1146: indexSelectLargeIndex: block: [499,0,0], thread: [118,0,0] Assertion `srcIndex < srcSelectDimSize` failed.
../aten/src/ATen/native/cuda/Indexing.cu:1146: indexSelectLargeIndex: block: [499,0,0], thread: [119,0,0] Assertion `srcIndex < srcSelectDimSize` failed.
../aten/src/ATen/native/cuda/Indexing.cu:1146: indexSelectLargeIndex: block: [499,0,0], thread: [120,0,0] Assertion `srcIndex < srcSelectDimSize` failed.
../aten/src/ATen/native/cuda/Indexing.cu:1146: indexSelectLargeIndex: block: [499,0,0], thread: [121,0,0] Assertion `srcIndex < srcSelectDimSize` failed.
../aten/src/ATen/native/cuda/Indexing.cu:1146: indexSelectLargeIndex: block: [499,0,0], thread: [122,0,0] Assertion `srcIndex < srcSelectDimSize` failed.
../aten/src/ATen/native/cuda/Indexing.cu:1146: indexSelectLargeIndex: block: [499,0,0], thread: [123,0,0] Assertion `srcIndex < srcSelectDimSize` failed.
../aten/src/ATen/native/cuda/Indexing.cu:1146: indexSelectLargeIndex: block: [499,0,0], thread: [124,0,0] Assertion `srcIndex < srcSelectDimSize` failed.
../aten/src/ATen/native/cuda/Indexing.cu:1146: indexSelectLargeIndex: block: [499,0,0], thread: [125,0,0] Assertion `srcIndex < srcSelectDimSize` failed.
../aten/src/ATen/native/cuda/Indexing.cu:1146: indexSelectLargeIndex: block: [499,0,0], thread: [126,0,0] Assertion `srcIndex < srcSelectDimSize` failed.
../aten/src/ATen/native/cuda/Indexing.cu:1146: indexSelectLargeIndex: block: [499,0,0], thread: [127,0,0] Assertion `srcIndex < srcSelectDimSize` failed.
../aten/src/ATen/native/cuda/Indexing.cu:1146: indexSelectLargeIndex: block: [502,0,0], thread: [64,0,0] Assertion `srcIndex < srcSelectDimSize` failed.
../aten/src/ATen/native/cuda/Indexing.cu:1146: indexSelectLargeIndex: block: [502,0,0], thread: [65,0,0] Assertion `srcIndex < srcSelectDimSize` failed.
../aten/src/ATen/native/cuda/Indexing.cu:1146: indexSelectLargeIndex: block: [502,0,0], thread: [66,0,0] Assertion `srcIndex < srcSelectDimSize` failed.
../aten/src/ATen/native/cuda/Indexing.cu:1146: indexSelectLargeIndex: block: [502,0,0], thread: [67,0,0] Assertion `srcIndex < srcSelectDimSize` failed.
../aten/src/ATen/native/cuda/Indexing.cu:1146: indexSelectLargeIndex: block: [502,0,0], thread: [68,0,0] Assertion `srcIndex < srcSelectDimSize` failed.
../aten/src/ATen/native/cuda/Indexing.cu:1146: indexSelectLargeIndex: block: [502,0,0], thread: [69,0,0] Assertion `srcIndex < srcSelectDimSize` failed.
../aten/src/ATen/native/cuda/Indexing.cu:1146: indexSelectLargeIndex: block: [502,0,0], thread: [70,0,0] Assertion `srcIndex < srcSelectDimSize` failed.
../aten/src/ATen/native/cuda/Indexing.cu:1146: indexSelectLargeIndex: block: [502,0,0], thread: [71,0,0] Assertion `srcIndex < srcSelectDimSize` failed.
../aten/src/ATen/native/cuda/Indexing.cu:1146: indexSelectLargeIndex: block: [502,0,0], thread: [72,0,0] Assertion `srcIndex < srcSelectDimSize` failed.
../aten/src/ATen/native/cuda/Indexing.cu:1146: indexSelectLargeIndex: block: [502,0,0], thread: [73,0,0] Assertion `srcIndex < srcSelectDimSize` failed.
../aten/src/ATen/native/cuda/Indexing.cu:1146: indexSelectLargeIndex: block: [502,0,0], thread: [74,0,0] Assertion `srcIndex < srcSelectDimSize` failed.
../aten/src/ATen/native/cuda/Indexing.cu:1146: indexSelectLargeIndex: block: [502,0,0], thread: [75,0,0] Assertion `srcIndex < srcSelectDimSize` failed.
../aten/src/ATen/native/cuda/Indexing.cu:1146: indexSelectLargeIndex: block: [502,0,0], thread: [76,0,0] Assertion `srcIndex < srcSelectDimSize` failed.
../aten/src/ATen/native/cuda/Indexing.cu:1146: indexSelectLargeIndex: block: [502,0,0], thread: [77,0,0] Assertion `srcIndex < srcSelectDimSize` failed.
../aten/src/ATen/native/cuda/Indexing.cu:1146: indexSelectLargeIndex: block: [502,0,0], thread: [78,0,0] Assertion `srcIndex < srcSelectDimSize` failed.
../aten/src/ATen/native/cuda/Indexing.cu:1146: indexSelectLargeIndex: block: [502,0,0], thread: [79,0,0] Assertion `srcIndex < srcSelectDimSize` failed.
../aten/src/ATen/native/cuda/Indexing.cu:1146: indexSelectLargeIndex: block: [502,0,0], thread: [80,0,0] Assertion `srcIndex < srcSelectDimSize` failed.
../aten/src/ATen/native/cuda/Indexing.cu:1146: indexSelectLargeIndex: block: [502,0,0], thread: [81,0,0] Assertion `srcIndex < srcSelectDimSize` failed.
../aten/src/ATen/native/cuda/Indexing.cu:1146: indexSelectLargeIndex: block: [502,0,0], thread: [82,0,0] Assertion `srcIndex < srcSelectDimSize` failed.
../aten/src/ATen/native/cuda/Indexing.cu:1146: indexSelectLargeIndex: block: [502,0,0], thread: [83,0,0] Assertion `srcIndex < srcSelectDimSize` failed.
../aten/src/ATen/native/cuda/Indexing.cu:1146: indexSelectLargeIndex: block: [502,0,0], thread: [84,0,0] Assertion `srcIndex < srcSelectDimSize` failed.
../aten/src/ATen/native/cuda/Indexing.cu:1146: indexSelectLargeIndex: block: [502,0,0], thread: [85,0,0] Assertion `srcIndex < srcSelectDimSize` failed.
../aten/src/ATen/native/cuda/Indexing.cu:1146: indexSelectLargeIndex: block: [502,0,0], thread: [86,0,0] Assertion `srcIndex < srcSelectDimSize` failed.
../aten/src/ATen/native/cuda/Indexing.cu:1146: indexSelectLargeIndex: block: [502,0,0], thread: [87,0,0] Assertion `srcIndex < srcSelectDimSize` failed.
../aten/src/ATen/native/cuda/Indexing.cu:1146: indexSelectLargeIndex: block: [502,0,0], thread: [88,0,0] Assertion `srcIndex < srcSelectDimSize` failed.
../aten/src/ATen/native/cuda/Indexing.cu:1146: indexSelectLargeIndex: block: [502,0,0], thread: [89,0,0] Assertion `srcIndex < srcSelectDimSize` failed.
../aten/src/ATen/native/cuda/Indexing.cu:1146: indexSelectLargeIndex: block: [502,0,0], thread: [90,0,0] Assertion `srcIndex < srcSelectDimSize` failed.
../aten/src/ATen/native/cuda/Indexing.cu:1146: indexSelectLargeIndex: block: [502,0,0], thread: [91,0,0] Assertion `srcIndex < srcSelectDimSize` failed.
../aten/src/ATen/native/cuda/Indexing.cu:1146: indexSelectLargeIndex: block: [502,0,0], thread: [92,0,0] Assertion `srcIndex < srcSelectDimSize` failed.
../aten/src/ATen/native/cuda/Indexing.cu:1146: indexSelectLargeIndex: block: [502,0,0], thread: [93,0,0] Assertion `srcIndex < srcSelectDimSize` failed.
../aten/src/ATen/native/cuda/Indexing.cu:1146: indexSelectLargeIndex: block: [502,0,0], thread: [94,0,0] Assertion `srcIndex < srcSelectDimSize` failed.
../aten/src/ATen/native/cuda/Indexing.cu:1146: indexSelectLargeIndex: block: [502,0,0], thread: [95,0,0] Assertion `srcIndex < srcSelectDimSize` failed.
  0%|          | 0/10 [00:00<?, ?it/s]
Traceback (most recent call last):
  File "/uufs/chpc.utah.edu/common/home/u1283221/compositional_task_evaluation/llama2_cte.py", line 16, in <module>
    experiment.run_experiment(model, tokenizer, batch_size, input_file, output_file)
  File "/uufs/chpc.utah.edu/common/home/u1283221/compositional_task_evaluation/experiment.py", line 51, in run_experiment
    accuracy, predictions = evaluate_model(model, tokenizer, dataset, batch_size)
                            ^^^^^^^^^^^^^^^^^^^^^^^^^^^^^^^^^^^^^^^^^^^^^^^^^^^^^
  File "/uufs/chpc.utah.edu/common/home/u1283221/compositional_task_evaluation/experiment.py", line 40, in evaluate_model
    generated_texts = generate_texts(model, tokenizer, encodings)
                      ^^^^^^^^^^^^^^^^^^^^^^^^^^^^^^^^^^^^^^^^^^^
  File "/uufs/chpc.utah.edu/common/home/u1283221/compositional_task_evaluation/experiment.py", line 14, in generate_texts
    generated_ids = model.generate(**encodings, max_new_tokens=20)
                    ^^^^^^^^^^^^^^^^^^^^^^^^^^^^^^^^^^^^^^^^^^^^^^
  File "/uufs/chpc.utah.edu/common/home/u1283221/miniconda3/envs/compositional/lib/python3.11/site-packages/torch/utils/_contextlib.py", line 115, in decorate_context
    return func(*args, **kwargs)
           ^^^^^^^^^^^^^^^^^^^^^
  File "/uufs/chpc.utah.edu/common/home/u1283221/miniconda3/envs/compositional/lib/python3.11/site-packages/transformers/generation/utils.py", line 1642, in generate
    return self.sample(
           ^^^^^^^^^^^^
  File "/uufs/chpc.utah.edu/common/home/u1283221/miniconda3/envs/compositional/lib/python3.11/site-packages/transformers/generation/utils.py", line 2724, in sample
    outputs = self(
              ^^^^^
  File "/uufs/chpc.utah.edu/common/home/u1283221/miniconda3/envs/compositional/lib/python3.11/site-packages/torch/nn/modules/module.py", line 1501, in _call_impl
    return forward_call(*args, **kwargs)
           ^^^^^^^^^^^^^^^^^^^^^^^^^^^^^
  File "/uufs/chpc.utah.edu/common/home/u1283221/miniconda3/envs/compositional/lib/python3.11/site-packages/transformers/models/llama/modeling_llama.py", line 809, in forward
    outputs = self.model(
              ^^^^^^^^^^^
  File "/uufs/chpc.utah.edu/common/home/u1283221/miniconda3/envs/compositional/lib/python3.11/site-packages/torch/nn/modules/module.py", line 1501, in _call_impl
    return forward_call(*args, **kwargs)
           ^^^^^^^^^^^^^^^^^^^^^^^^^^^^^
  File "/uufs/chpc.utah.edu/common/home/u1283221/miniconda3/envs/compositional/lib/python3.11/site-packages/transformers/models/llama/modeling_llama.py", line 697, in forward
    layer_outputs = decoder_layer(
                    ^^^^^^^^^^^^^^
  File "/uufs/chpc.utah.edu/common/home/u1283221/miniconda3/envs/compositional/lib/python3.11/site-packages/torch/nn/modules/module.py", line 1501, in _call_impl
    return forward_call(*args, **kwargs)
           ^^^^^^^^^^^^^^^^^^^^^^^^^^^^^
  File "/uufs/chpc.utah.edu/common/home/u1283221/miniconda3/envs/compositional/lib/python3.11/site-packages/transformers/models/llama/modeling_llama.py", line 413, in forward
    hidden_states, self_attn_weights, present_key_value = self.self_attn(
                                                          ^^^^^^^^^^^^^^^
  File "/uufs/chpc.utah.edu/common/home/u1283221/miniconda3/envs/compositional/lib/python3.11/site-packages/torch/nn/modules/module.py", line 1501, in _call_impl
    return forward_call(*args, **kwargs)
           ^^^^^^^^^^^^^^^^^^^^^^^^^^^^^
  File "/uufs/chpc.utah.edu/common/home/u1283221/miniconda3/envs/compositional/lib/python3.11/site-packages/transformers/models/llama/modeling_llama.py", line 310, in forward
    query_states = self.q_proj(hidden_states)
                   ^^^^^^^^^^^^^^^^^^^^^^^^^^
  File "/uufs/chpc.utah.edu/common/home/u1283221/miniconda3/envs/compositional/lib/python3.11/site-packages/torch/nn/modules/module.py", line 1501, in _call_impl
    return forward_call(*args, **kwargs)
           ^^^^^^^^^^^^^^^^^^^^^^^^^^^^^
  File "/uufs/chpc.utah.edu/common/home/u1283221/miniconda3/envs/compositional/lib/python3.11/site-packages/torch/nn/modules/linear.py", line 114, in forward
    return F.linear(input, self.weight, self.bias)
           ^^^^^^^^^^^^^^^^^^^^^^^^^^^^^^^^^^^^^^^
RuntimeError: CUDA error: CUBLAS_STATUS_NOT_INITIALIZED when calling `cublasCreate(handle)`
Using pad_token, but it is not set yet.
Loading checkpoint shards:   0%|          | 0/2 [00:00<?, ?it/s]Loading checkpoint shards:  50%|█████     | 1/2 [00:04<00:04,  4.28s/it]Loading checkpoint shards: 100%|██████████| 2/2 [00:05<00:00,  2.68s/it]Loading checkpoint shards: 100%|██████████| 2/2 [00:05<00:00,  2.92s/it]
Downloading data files:   0%|          | 0/1 [00:00<?, ?it/s]Downloading data files: 100%|██████████| 1/1 [00:00<00:00, 13107.20it/s]
Extracting data files:   0%|          | 0/1 [00:00<?, ?it/s]Extracting data files: 100%|██████████| 1/1 [00:00<00:00, 557.98it/s]
Generating train split: 0 examples [00:00, ? examples/s]Generating train split: 1000 examples [00:00, 91722.88 examples/s]
  0%|          | 0/1 [00:00<?, ?it/s]Asking to truncate to max_length but no maximum length is provided and the model has no predefined maximum length. Default to no truncation.
  0%|          | 0/1 [00:31<?, ?it/s]
Traceback (most recent call last):
  File "/uufs/chpc.utah.edu/common/home/u1283221/compositional_task_evaluation/llama2_cte.py", line 16, in <module>
    experiment.run_experiment(model, tokenizer, batch_size, input_file, output_file)
  File "/uufs/chpc.utah.edu/common/home/u1283221/compositional_task_evaluation/experiment.py", line 51, in run_experiment
    accuracy, predictions = evaluate_model(model, tokenizer, dataset, batch_size)
                            ^^^^^^^^^^^^^^^^^^^^^^^^^^^^^^^^^^^^^^^^^^^^^^^^^^^^^
  File "/uufs/chpc.utah.edu/common/home/u1283221/compositional_task_evaluation/experiment.py", line 40, in evaluate_model
    generated_texts = generate_texts(model, tokenizer, encodings)
                      ^^^^^^^^^^^^^^^^^^^^^^^^^^^^^^^^^^^^^^^^^^^
  File "/uufs/chpc.utah.edu/common/home/u1283221/compositional_task_evaluation/experiment.py", line 14, in generate_texts
    generated_ids = model.generate(**encodings, max_new_tokens=20)
                    ^^^^^^^^^^^^^^^^^^^^^^^^^^^^^^^^^^^^^^^^^^^^^^
  File "/uufs/chpc.utah.edu/common/home/u1283221/miniconda3/envs/compositional/lib/python3.11/site-packages/torch/utils/_contextlib.py", line 115, in decorate_context
    return func(*args, **kwargs)
           ^^^^^^^^^^^^^^^^^^^^^
  File "/uufs/chpc.utah.edu/common/home/u1283221/miniconda3/envs/compositional/lib/python3.11/site-packages/transformers/generation/utils.py", line 1642, in generate
    return self.sample(
           ^^^^^^^^^^^^
  File "/uufs/chpc.utah.edu/common/home/u1283221/miniconda3/envs/compositional/lib/python3.11/site-packages/transformers/generation/utils.py", line 2724, in sample
    outputs = self(
              ^^^^^
  File "/uufs/chpc.utah.edu/common/home/u1283221/miniconda3/envs/compositional/lib/python3.11/site-packages/torch/nn/modules/module.py", line 1501, in _call_impl
    return forward_call(*args, **kwargs)
           ^^^^^^^^^^^^^^^^^^^^^^^^^^^^^
  File "/uufs/chpc.utah.edu/common/home/u1283221/miniconda3/envs/compositional/lib/python3.11/site-packages/transformers/models/llama/modeling_llama.py", line 809, in forward
    outputs = self.model(
              ^^^^^^^^^^^
  File "/uufs/chpc.utah.edu/common/home/u1283221/miniconda3/envs/compositional/lib/python3.11/site-packages/torch/nn/modules/module.py", line 1501, in _call_impl
    return forward_call(*args, **kwargs)
           ^^^^^^^^^^^^^^^^^^^^^^^^^^^^^
  File "/uufs/chpc.utah.edu/common/home/u1283221/miniconda3/envs/compositional/lib/python3.11/site-packages/transformers/models/llama/modeling_llama.py", line 697, in forward
    layer_outputs = decoder_layer(
                    ^^^^^^^^^^^^^^
  File "/uufs/chpc.utah.edu/common/home/u1283221/miniconda3/envs/compositional/lib/python3.11/site-packages/torch/nn/modules/module.py", line 1501, in _call_impl
    return forward_call(*args, **kwargs)
           ^^^^^^^^^^^^^^^^^^^^^^^^^^^^^
  File "/uufs/chpc.utah.edu/common/home/u1283221/miniconda3/envs/compositional/lib/python3.11/site-packages/transformers/models/llama/modeling_llama.py", line 413, in forward
    hidden_states, self_attn_weights, present_key_value = self.self_attn(
                                                          ^^^^^^^^^^^^^^^
  File "/uufs/chpc.utah.edu/common/home/u1283221/miniconda3/envs/compositional/lib/python3.11/site-packages/torch/nn/modules/module.py", line 1501, in _call_impl
    return forward_call(*args, **kwargs)
           ^^^^^^^^^^^^^^^^^^^^^^^^^^^^^
  File "/uufs/chpc.utah.edu/common/home/u1283221/miniconda3/envs/compositional/lib/python3.11/site-packages/transformers/models/llama/modeling_llama.py", line 327, in forward
    value_states = torch.cat([past_key_value[1], value_states], dim=2)
                   ^^^^^^^^^^^^^^^^^^^^^^^^^^^^^^^^^^^^^^^^^^^^^^^^^^^
torch.cuda.OutOfMemoryError: CUDA out of memory. Tried to allocate 564.00 MiB (GPU 0; 79.15 GiB total capacity; 64.44 GiB already allocated; 423.25 MiB free; 78.23 GiB reserved in total by PyTorch) If reserved memory is >> allocated memory try setting max_split_size_mb to avoid fragmentation.  See documentation for Memory Management and PYTORCH_CUDA_ALLOC_CONF
